#
# There is insufficient memory for the Java Runtime Environment to continue.
# Native memory allocation (malloc) failed to allocate 208752 bytes. Error detail: Chunk::new
# Possible reasons:
#   The system is out of physical RAM or swap space
#   This process is running with CompressedOops enabled, and the Java Heap may be blocking the growth of the native heap
# Possible solutions:
#   Reduce memory load on the system
#   Increase physical memory or swap space
#   Check if swap backing store is full
#   Decrease Java heap size (-Xmx/-Xms)
#   Decrease number of Java threads
#   Decrease Java thread stack sizes (-Xss)
#   Set larger code cache with -XX:ReservedCodeCacheSize=
#   JVM is running with Unscaled Compressed Oops mode in which the Java heap is
#     placed in the first 4GB address space. The Java Heap base address is the
#     maximum limit for the native heap growth. Please use -XX:HeapBaseMinAddress
#     to set the Java Heap base and to place the Java Heap above 4GB virtual address.
# This output file may be truncated or incomplete.
#
#  Out of Memory Error (arena.cpp:168), pid=8632, tid=13224
#
# JRE version: OpenJDK Runtime Environment JBR-21.0.7+9-895.130-jcef (21.0.7+9) (build 21.0.7+9-b895.130)
# Java VM: OpenJDK 64-Bit Server VM JBR-21.0.7+9-895.130-jcef (21.0.7+9-b895.130, mixed mode, sharing, tiered, compressed oops, compressed class ptrs, g1 gc, windows-amd64)
# No core dump will be written. Minidumps are not enabled by default on client versions of Windows
#

---------------  S U M M A R Y ------------

Command Line: -Djava.rmi.server.hostname=127.0.0.1 -Duser.timezone=UTC -Xmx2048m -Xms128m -Djdbc.classpath=C:\Users\Korisnik\AppData\Local\Temp\RemoteDriver7.classpath.txt --add-exports=java.desktop/sun.awt=ALL-UNNAMED --add-exports=java.desktop/java.awt.peer=ALL-UNNAMED --add-opens=java.desktop/java.awt=ALL-UNNAMED --add-opens=jdk.unsupported/sun.misc=ALL-UNNAMED --add-opens=java.base/java.nio=ALL-UNNAMED --add-opens=java.base/java.util=ALL-UNNAMED -Dfile.encoding=UTF-8 -Dsun.stdout.encoding=UTF-8 -Dsun.stderr.encoding=UTF-8 com.intellij.database.remote.RemoteJdbcServer com.mysql.cj.jdbc.Driver

Host: Intel(R) Core(TM) i5-8250U CPU @ 1.60GHz, 8 cores, 7G,  Windows 10 , 64 bit Build 19041 (10.0.19041.5915)
Time: Fri Aug 22 12:34:20 2025 Central European Daylight Time elapsed time: 1.637864 seconds (0d 0h 0m 1s)

---------------  T H R E A D  ---------------

Current thread (0x0000028243e04270):  JavaThread "C2 CompilerThread0" daemon [_thread_in_native, id=13224, stack(0x0000008495200000,0x0000008495300000) (1024K)]


Current CompileTask:
C2:1637 1623       4       java.util.HashMap::put (13 bytes)

Stack: [0x0000008495200000,0x0000008495300000]
Native frames: (J=compiled Java code, j=interpreted, Vv=VM code, C=native code)
V  [jvm.dll+0x6e6049]
V  [jvm.dll+0x8c4343]
V  [jvm.dll+0x8c689e]
V  [jvm.dll+0x8c6f83]
V  [jvm.dll+0x289266]
V  [jvm.dll+0xc675d]
V  [jvm.dll+0xc6c93]
V  [jvm.dll+0x3c4a0b]
V  [jvm.dll+0x3905b7]
V  [jvm.dll+0x38fa2a]
V  [jvm.dll+0x250912]
V  [jvm.dll+0x24fee1]
V  [jvm.dll+0x1cd734]
V  [jvm.dll+0x25f76c]
V  [jvm.dll+0x25dcb6]
V  [jvm.dll+0x3ffa86]
V  [jvm.dll+0x86bea8]
V  [jvm.dll+0x6e480d]
C  [ucrtbase.dll+0x21bb2]
C  [KERNEL32.DLL+0x17374]
C  [ntdll.dll+0x4cc91]


---------------  P R O C E S S  ---------------

Threads class SMR info:
_java_thread_list=0x00000282897c2350, length=23, elements={
0x00000282294e6b70, 0x0000028243df9e60, 0x0000028243dfa780, 0x0000028243dfb840,
0x0000028243dfd650, 0x0000028243e02860, 0x0000028243e03140, 0x0000028243e04270,
0x0000028243e07e10, 0x0000028289107070, 0x000002828910a510, 0x000002828934e970,
0x000002828962a4f0, 0x000002828951d800, 0x0000028289713b70, 0x00000282897141d0,
0x0000028289566e00, 0x000002828933da90, 0x00000282898c27b0, 0x0000028289719cf0,
0x000002828971a380, 0x00000282897182b0, 0x0000028289b46f80
}

Java Threads: ( => current thread )
  0x00000282294e6b70 JavaThread "main"                              [_thread_blocked, id=7180, stack(0x0000008494400000,0x0000008494500000) (1024K)]
  0x0000028243df9e60 JavaThread "Reference Handler"          daemon [_thread_blocked, id=1152, stack(0x0000008494c00000,0x0000008494d00000) (1024K)]
  0x0000028243dfa780 JavaThread "Finalizer"                  daemon [_thread_blocked, id=7780, stack(0x0000008494d00000,0x0000008494e00000) (1024K)]
  0x0000028243dfb840 JavaThread "Signal Dispatcher"          daemon [_thread_blocked, id=6132, stack(0x0000008494e00000,0x0000008494f00000) (1024K)]
  0x0000028243dfd650 JavaThread "Attach Listener"            daemon [_thread_blocked, id=1572, stack(0x0000008494f00000,0x0000008495000000) (1024K)]
  0x0000028243e02860 JavaThread "Service Thread"             daemon [_thread_blocked, id=6220, stack(0x0000008495000000,0x0000008495100000) (1024K)]
  0x0000028243e03140 JavaThread "Monitor Deflation Thread"   daemon [_thread_blocked, id=4424, stack(0x0000008495100000,0x0000008495200000) (1024K)]
=>0x0000028243e04270 JavaThread "C2 CompilerThread0"         daemon [_thread_in_native, id=13224, stack(0x0000008495200000,0x0000008495300000) (1024K)]
  0x0000028243e07e10 JavaThread "C1 CompilerThread0"         daemon [_thread_blocked, id=8580, stack(0x0000008495300000,0x0000008495400000) (1024K)]
  0x0000028289107070 JavaThread "Common-Cleaner"             daemon [_thread_blocked, id=7692, stack(0x0000008495400000,0x0000008495500000) (1024K)]
  0x000002828910a510 JavaThread "Notification Thread"        daemon [_thread_blocked, id=6648, stack(0x0000008495500000,0x0000008495600000) (1024K)]
  0x000002828934e970 JavaThread "mysql-cj-abandoned-connection-cleanup" daemon [_thread_blocked, id=11568, stack(0x0000008495600000,0x0000008495700000) (1024K)]
  0x000002828962a4f0 JavaThread "RMI TCP Accept-40444"       daemon [_thread_in_native, id=5688, stack(0x0000008495800000,0x0000008495900000) (1024K)]
  0x000002828951d800 JavaThread "RMI TCP Accept-0"           daemon [_thread_in_native, id=10392, stack(0x0000008495900000,0x0000008495a00000) (1024K)]
  0x0000028289713b70 JavaThread "RMI Reaper"                        [_thread_blocked, id=12488, stack(0x0000008495a00000,0x0000008495b00000) (1024K)]
  0x00000282897141d0 JavaThread "RMI GC Daemon"              daemon [_thread_blocked, id=3700, stack(0x0000008495b00000,0x0000008495c00000) (1024K)]
  0x0000028289566e00 JavaThread "RMI TCP Connection(1)-127.0.0.1" daemon [_thread_in_native, id=10752, stack(0x0000008495c00000,0x0000008495d00000) (1024K)]
  0x000002828933da90 JavaThread "RMI TCP Connection(2)-127.0.0.1" daemon [_thread_in_native, id=1524, stack(0x0000008495d00000,0x0000008495e00000) (1024K)]
  0x00000282898c27b0 JavaThread "RMI Scheduler(0)"           daemon [_thread_blocked, id=9228, stack(0x0000008495e00000,0x0000008495f00000) (1024K)]
  0x0000028289719cf0 JavaThread "RMI TCP Connection(3)-127.0.0.1" daemon [_thread_in_native, id=12340, stack(0x0000008495f00000,0x0000008496000000) (1024K)]
  0x000002828971a380 JavaThread "RMI TCP Connection(4)-127.0.0.1" daemon [_thread_in_Java, id=1932, stack(0x0000008496000000,0x0000008496100000) (1024K)]
  0x00000282897182b0 JavaThread "RMI RenewClean-[127.0.0.1:62266]" daemon [_thread_blocked, id=6900, stack(0x0000008495700000,0x0000008495800000) (1024K)]
  0x0000028289b46f80 JavaThread "C2 CompilerThread1"         daemon [_thread_blocked, id=5140, stack(0x0000008496800000,0x0000008496900000) (1024K)]
Total: 23

Other Threads:
  0x0000028243ddb550 VMThread "VM Thread"                           [id=10908, stack(0x0000008494b00000,0x0000008494c00000) (1024K)]
  0x0000028243dc7070 WatcherThread "VM Periodic Task Thread"        [id=13032, stack(0x0000008494a00000,0x0000008494b00000) (1024K)]
  0x000002822b88c4a0 WorkerThread "GC Thread#0"                     [id=11452, stack(0x0000008494500000,0x0000008494600000) (1024K)]
  0x00000282897c2620 WorkerThread "GC Thread#1"                     [id=8672, stack(0x0000008496100000,0x0000008496200000) (1024K)]
  0x0000028289a41c10 WorkerThread "GC Thread#2"                     [id=11204, stack(0x0000008496200000,0x0000008496300000) (1024K)]
  0x0000028289b00f20 WorkerThread "GC Thread#3"                     [id=216, stack(0x0000008496300000,0x0000008496400000) (1024K)]
  0x0000028289b28bf0 WorkerThread "GC Thread#4"                     [id=12080, stack(0x0000008496400000,0x0000008496500000) (1024K)]
  0x0000028289b28f90 WorkerThread "GC Thread#5"                     [id=148, stack(0x0000008496500000,0x0000008496600000) (1024K)]
  0x0000028289b2ab50 WorkerThread "GC Thread#6"                     [id=4992, stack(0x0000008496600000,0x0000008496700000) (1024K)]
  0x0000028289b2aef0 WorkerThread "GC Thread#7"                     [id=13012, stack(0x0000008496700000,0x0000008496800000) (1024K)]
  0x000002822b89e2a0 ConcurrentGCThread "G1 Main Marker"            [id=8328, stack(0x0000008494600000,0x0000008494700000) (1024K)]
  0x000002822b89ed60 WorkerThread "G1 Conc#0"                       [id=7664, stack(0x0000008494700000,0x0000008494800000) (1024K)]
  0x0000028243c8d140 ConcurrentGCThread "G1 Refine#0"               [id=12492, stack(0x0000008494800000,0x0000008494900000) (1024K)]
  0x0000028243c8d570 ConcurrentGCThread "G1 Service"                [id=6052, stack(0x0000008494900000,0x0000008494a00000) (1024K)]
Total: 14

Threads with active compile tasks:
C2 CompilerThread0  1682 1623       4       java.util.HashMap::put (13 bytes)
Total: 1

VM state: not at safepoint (normal execution)

VM Mutex/Monitor currently owned by a thread: None

Heap address: 0x0000000080000000, size: 2048 MB, Compressed Oops mode: 32-bit

CDS archive(s) mapped at: [0x0000028244000000-0x0000028244d10000-0x0000028244d10000), size 13697024, SharedBaseAddress: 0x0000028244000000, ArchiveRelocationMode: 1.
Compressed class space mapped at: 0x0000028245000000-0x0000028285000000, reserved size: 1073741824
Narrow klass base: 0x0000028244000000, Narrow klass shift: 0, Narrow klass range: 0x100000000

GC Precious Log:
 CardTable entry size: 512
 Card Set container configuration: InlinePtr #cards 5 size 8 Array Of Cards #cards 12 size 40 Howl #buckets 4 coarsen threshold 1843 Howl Bitmap #cards 512 size 80 coarsen threshold 460 Card regions per heap region 1 cards per card region 2048
 CPUs: 8 total, 8 available
 Memory: 8070M
 Large Page Support: Disabled
 NUMA Support: Disabled
 Compressed Oops: Enabled (32-bit)
 Heap Region Size: 1M
 Heap Min Capacity: 128M
 Heap Initial Capacity: 128M
 Heap Max Capacity: 2G
 Pre-touch: Disabled
 Parallel Workers: 8
 Concurrent Workers: 2
 Concurrent Refinement Workers: 8
 Periodic GC: Disabled

Heap:
 garbage-first heap   total 131072K, used 18336K [0x0000000080000000, 0x0000000100000000)
  region size 1024K, 13 young (13312K), 3 survivors (3072K)
 Metaspace       used 13093K, committed 13504K, reserved 1114112K
  class space    used 1547K, committed 1728K, reserved 1048576K

Heap Regions: E=young(eden), S=young(survivor), O=old, HS=humongous(starts), HC=humongous(continues), CS=collection set, F=free, TAMS=top-at-mark-start, PB=parsable bottom
|   0|0x0000000080000000, 0x0000000080100000, 0x0000000080100000|100%|HS|  |TAMS 0x0000000080000000| PB 0x0000000080000000| Complete 
|   1|0x0000000080100000, 0x0000000080200000, 0x0000000080200000|100%|HC|  |TAMS 0x0000000080100000| PB 0x0000000080100000| Complete 
|   2|0x0000000080200000, 0x0000000080300000, 0x0000000080300000|100%|HS|  |TAMS 0x0000000080200000| PB 0x0000000080200000| Complete 
|   3|0x0000000080300000, 0x0000000080400000, 0x0000000080400000|100%|HS|  |TAMS 0x0000000080300000| PB 0x0000000080300000| Complete 
|   4|0x0000000080400000, 0x0000000080500000, 0x0000000080500000|100%| O|  |TAMS 0x0000000080400000| PB 0x0000000080400000| Untracked 
|   5|0x0000000080500000, 0x00000000805e8000, 0x0000000080600000| 90%| O|  |TAMS 0x0000000080500000| PB 0x0000000080500000| Untracked 
|   6|0x0000000080600000, 0x0000000080600000, 0x0000000080700000|  0%| F|  |TAMS 0x0000000080600000| PB 0x0000000080600000| Untracked 
|   7|0x0000000080700000, 0x0000000080700000, 0x0000000080800000|  0%| F|  |TAMS 0x0000000080700000| PB 0x0000000080700000| Untracked 
|   8|0x0000000080800000, 0x0000000080800000, 0x0000000080900000|  0%| F|  |TAMS 0x0000000080800000| PB 0x0000000080800000| Untracked 
|   9|0x0000000080900000, 0x0000000080900000, 0x0000000080a00000|  0%| F|  |TAMS 0x0000000080900000| PB 0x0000000080900000| Untracked 
|  10|0x0000000080a00000, 0x0000000080a00000, 0x0000000080b00000|  0%| F|  |TAMS 0x0000000080a00000| PB 0x0000000080a00000| Untracked 
|  11|0x0000000080b00000, 0x0000000080b00000, 0x0000000080c00000|  0%| F|  |TAMS 0x0000000080b00000| PB 0x0000000080b00000| Untracked 
|  12|0x0000000080c00000, 0x0000000080c00000, 0x0000000080d00000|  0%| F|  |TAMS 0x0000000080c00000| PB 0x0000000080c00000| Untracked 
|  13|0x0000000080d00000, 0x0000000080d00000, 0x0000000080e00000|  0%| F|  |TAMS 0x0000000080d00000| PB 0x0000000080d00000| Untracked 
|  14|0x0000000080e00000, 0x0000000080e00000, 0x0000000080f00000|  0%| F|  |TAMS 0x0000000080e00000| PB 0x0000000080e00000| Untracked 
|  15|0x0000000080f00000, 0x0000000080f00000, 0x0000000081000000|  0%| F|  |TAMS 0x0000000080f00000| PB 0x0000000080f00000| Untracked 
|  16|0x0000000081000000, 0x0000000081000000, 0x0000000081100000|  0%| F|  |TAMS 0x0000000081000000| PB 0x0000000081000000| Untracked 
|  17|0x0000000081100000, 0x0000000081100000, 0x0000000081200000|  0%| F|  |TAMS 0x0000000081100000| PB 0x0000000081100000| Untracked 
|  18|0x0000000081200000, 0x0000000081200000, 0x0000000081300000|  0%| F|  |TAMS 0x0000000081200000| PB 0x0000000081200000| Untracked 
|  19|0x0000000081300000, 0x0000000081300000, 0x0000000081400000|  0%| F|  |TAMS 0x0000000081300000| PB 0x0000000081300000| Untracked 
|  20|0x0000000081400000, 0x0000000081400000, 0x0000000081500000|  0%| F|  |TAMS 0x0000000081400000| PB 0x0000000081400000| Untracked 
|  21|0x0000000081500000, 0x0000000081500000, 0x0000000081600000|  0%| F|  |TAMS 0x0000000081500000| PB 0x0000000081500000| Untracked 
|  22|0x0000000081600000, 0x0000000081600000, 0x0000000081700000|  0%| F|  |TAMS 0x0000000081600000| PB 0x0000000081600000| Untracked 
|  23|0x0000000081700000, 0x0000000081700000, 0x0000000081800000|  0%| F|  |TAMS 0x0000000081700000| PB 0x0000000081700000| Untracked 
|  24|0x0000000081800000, 0x0000000081800000, 0x0000000081900000|  0%| F|  |TAMS 0x0000000081800000| PB 0x0000000081800000| Untracked 
|  25|0x0000000081900000, 0x0000000081900000, 0x0000000081a00000|  0%| F|  |TAMS 0x0000000081900000| PB 0x0000000081900000| Untracked 
|  26|0x0000000081a00000, 0x0000000081a00000, 0x0000000081b00000|  0%| F|  |TAMS 0x0000000081a00000| PB 0x0000000081a00000| Untracked 
|  27|0x0000000081b00000, 0x0000000081b00000, 0x0000000081c00000|  0%| F|  |TAMS 0x0000000081b00000| PB 0x0000000081b00000| Untracked 
|  28|0x0000000081c00000, 0x0000000081c00000, 0x0000000081d00000|  0%| F|  |TAMS 0x0000000081c00000| PB 0x0000000081c00000| Untracked 
|  29|0x0000000081d00000, 0x0000000081d00000, 0x0000000081e00000|  0%| F|  |TAMS 0x0000000081d00000| PB 0x0000000081d00000| Untracked 
|  30|0x0000000081e00000, 0x0000000081e00000, 0x0000000081f00000|  0%| F|  |TAMS 0x0000000081e00000| PB 0x0000000081e00000| Untracked 
|  31|0x0000000081f00000, 0x0000000081f00000, 0x0000000082000000|  0%| F|  |TAMS 0x0000000081f00000| PB 0x0000000081f00000| Untracked 
|  32|0x0000000082000000, 0x0000000082000000, 0x0000000082100000|  0%| F|  |TAMS 0x0000000082000000| PB 0x0000000082000000| Untracked 
|  33|0x0000000082100000, 0x0000000082100000, 0x0000000082200000|  0%| F|  |TAMS 0x0000000082100000| PB 0x0000000082100000| Untracked 
|  34|0x0000000082200000, 0x0000000082200000, 0x0000000082300000|  0%| F|  |TAMS 0x0000000082200000| PB 0x0000000082200000| Untracked 
|  35|0x0000000082300000, 0x0000000082300000, 0x0000000082400000|  0%| F|  |TAMS 0x0000000082300000| PB 0x0000000082300000| Untracked 
|  36|0x0000000082400000, 0x0000000082400000, 0x0000000082500000|  0%| F|  |TAMS 0x0000000082400000| PB 0x0000000082400000| Untracked 
|  37|0x0000000082500000, 0x0000000082500000, 0x0000000082600000|  0%| F|  |TAMS 0x0000000082500000| PB 0x0000000082500000| Untracked 
|  38|0x0000000082600000, 0x0000000082600000, 0x0000000082700000|  0%| F|  |TAMS 0x0000000082600000| PB 0x0000000082600000| Untracked 
|  39|0x0000000082700000, 0x0000000082700000, 0x0000000082800000|  0%| F|  |TAMS 0x0000000082700000| PB 0x0000000082700000| Untracked 
|  40|0x0000000082800000, 0x0000000082800000, 0x0000000082900000|  0%| F|  |TAMS 0x0000000082800000| PB 0x0000000082800000| Untracked 
|  41|0x0000000082900000, 0x0000000082900000, 0x0000000082a00000|  0%| F|  |TAMS 0x0000000082900000| PB 0x0000000082900000| Untracked 
|  42|0x0000000082a00000, 0x0000000082a00000, 0x0000000082b00000|  0%| F|  |TAMS 0x0000000082a00000| PB 0x0000000082a00000| Untracked 
|  43|0x0000000082b00000, 0x0000000082b00000, 0x0000000082c00000|  0%| F|  |TAMS 0x0000000082b00000| PB 0x0000000082b00000| Untracked 
|  44|0x0000000082c00000, 0x0000000082c00000, 0x0000000082d00000|  0%| F|  |TAMS 0x0000000082c00000| PB 0x0000000082c00000| Untracked 
|  45|0x0000000082d00000, 0x0000000082d00000, 0x0000000082e00000|  0%| F|  |TAMS 0x0000000082d00000| PB 0x0000000082d00000| Untracked 
|  46|0x0000000082e00000, 0x0000000082e00000, 0x0000000082f00000|  0%| F|  |TAMS 0x0000000082e00000| PB 0x0000000082e00000| Untracked 
|  47|0x0000000082f00000, 0x0000000082f00000, 0x0000000083000000|  0%| F|  |TAMS 0x0000000082f00000| PB 0x0000000082f00000| Untracked 
|  48|0x0000000083000000, 0x0000000083000000, 0x0000000083100000|  0%| F|  |TAMS 0x0000000083000000| PB 0x0000000083000000| Untracked 
|  49|0x0000000083100000, 0x0000000083100000, 0x0000000083200000|  0%| F|  |TAMS 0x0000000083100000| PB 0x0000000083100000| Untracked 
|  50|0x0000000083200000, 0x0000000083200000, 0x0000000083300000|  0%| F|  |TAMS 0x0000000083200000| PB 0x0000000083200000| Untracked 
|  51|0x0000000083300000, 0x0000000083300000, 0x0000000083400000|  0%| F|  |TAMS 0x0000000083300000| PB 0x0000000083300000| Untracked 
|  52|0x0000000083400000, 0x0000000083400000, 0x0000000083500000|  0%| F|  |TAMS 0x0000000083400000| PB 0x0000000083400000| Untracked 
|  53|0x0000000083500000, 0x0000000083500000, 0x0000000083600000|  0%| F|  |TAMS 0x0000000083500000| PB 0x0000000083500000| Untracked 
|  54|0x0000000083600000, 0x0000000083600000, 0x0000000083700000|  0%| F|  |TAMS 0x0000000083600000| PB 0x0000000083600000| Untracked 
|  55|0x0000000083700000, 0x0000000083700000, 0x0000000083800000|  0%| F|  |TAMS 0x0000000083700000| PB 0x0000000083700000| Untracked 
|  56|0x0000000083800000, 0x0000000083800000, 0x0000000083900000|  0%| F|  |TAMS 0x0000000083800000| PB 0x0000000083800000| Untracked 
|  57|0x0000000083900000, 0x0000000083900000, 0x0000000083a00000|  0%| F|  |TAMS 0x0000000083900000| PB 0x0000000083900000| Untracked 
|  58|0x0000000083a00000, 0x0000000083a00000, 0x0000000083b00000|  0%| F|  |TAMS 0x0000000083a00000| PB 0x0000000083a00000| Untracked 
|  59|0x0000000083b00000, 0x0000000083b00000, 0x0000000083c00000|  0%| F|  |TAMS 0x0000000083b00000| PB 0x0000000083b00000| Untracked 
|  60|0x0000000083c00000, 0x0000000083c00000, 0x0000000083d00000|  0%| F|  |TAMS 0x0000000083c00000| PB 0x0000000083c00000| Untracked 
|  61|0x0000000083d00000, 0x0000000083d00000, 0x0000000083e00000|  0%| F|  |TAMS 0x0000000083d00000| PB 0x0000000083d00000| Untracked 
|  62|0x0000000083e00000, 0x0000000083e00000, 0x0000000083f00000|  0%| F|  |TAMS 0x0000000083e00000| PB 0x0000000083e00000| Untracked 
|  63|0x0000000083f00000, 0x0000000083f00000, 0x0000000084000000|  0%| F|  |TAMS 0x0000000083f00000| PB 0x0000000083f00000| Untracked 
|  64|0x0000000084000000, 0x0000000084000000, 0x0000000084100000|  0%| F|  |TAMS 0x0000000084000000| PB 0x0000000084000000| Untracked 
|  65|0x0000000084100000, 0x0000000084100000, 0x0000000084200000|  0%| F|  |TAMS 0x0000000084100000| PB 0x0000000084100000| Untracked 
|  66|0x0000000084200000, 0x0000000084200000, 0x0000000084300000|  0%| F|  |TAMS 0x0000000084200000| PB 0x0000000084200000| Untracked 
|  67|0x0000000084300000, 0x0000000084300000, 0x0000000084400000|  0%| F|  |TAMS 0x0000000084300000| PB 0x0000000084300000| Untracked 
|  68|0x0000000084400000, 0x0000000084400000, 0x0000000084500000|  0%| F|  |TAMS 0x0000000084400000| PB 0x0000000084400000| Untracked 
|  69|0x0000000084500000, 0x0000000084500000, 0x0000000084600000|  0%| F|  |TAMS 0x0000000084500000| PB 0x0000000084500000| Untracked 
|  70|0x0000000084600000, 0x0000000084600000, 0x0000000084700000|  0%| F|  |TAMS 0x0000000084600000| PB 0x0000000084600000| Untracked 
|  71|0x0000000084700000, 0x0000000084700000, 0x0000000084800000|  0%| F|  |TAMS 0x0000000084700000| PB 0x0000000084700000| Untracked 
|  72|0x0000000084800000, 0x0000000084800000, 0x0000000084900000|  0%| F|  |TAMS 0x0000000084800000| PB 0x0000000084800000| Untracked 
|  73|0x0000000084900000, 0x0000000084900000, 0x0000000084a00000|  0%| F|  |TAMS 0x0000000084900000| PB 0x0000000084900000| Untracked 
|  74|0x0000000084a00000, 0x0000000084a00000, 0x0000000084b00000|  0%| F|  |TAMS 0x0000000084a00000| PB 0x0000000084a00000| Untracked 
|  75|0x0000000084b00000, 0x0000000084b00000, 0x0000000084c00000|  0%| F|  |TAMS 0x0000000084b00000| PB 0x0000000084b00000| Untracked 
|  76|0x0000000084c00000, 0x0000000084c00000, 0x0000000084d00000|  0%| F|  |TAMS 0x0000000084c00000| PB 0x0000000084c00000| Untracked 
|  77|0x0000000084d00000, 0x0000000084d00000, 0x0000000084e00000|  0%| F|  |TAMS 0x0000000084d00000| PB 0x0000000084d00000| Untracked 
|  78|0x0000000084e00000, 0x0000000084e00000, 0x0000000084f00000|  0%| F|  |TAMS 0x0000000084e00000| PB 0x0000000084e00000| Untracked 
|  79|0x0000000084f00000, 0x0000000084f00000, 0x0000000085000000|  0%| F|  |TAMS 0x0000000084f00000| PB 0x0000000084f00000| Untracked 
|  80|0x0000000085000000, 0x0000000085000000, 0x0000000085100000|  0%| F|  |TAMS 0x0000000085000000| PB 0x0000000085000000| Untracked 
|  81|0x0000000085100000, 0x0000000085100000, 0x0000000085200000|  0%| F|  |TAMS 0x0000000085100000| PB 0x0000000085100000| Untracked 
|  82|0x0000000085200000, 0x0000000085200000, 0x0000000085300000|  0%| F|  |TAMS 0x0000000085200000| PB 0x0000000085200000| Untracked 
|  83|0x0000000085300000, 0x0000000085300000, 0x0000000085400000|  0%| F|  |TAMS 0x0000000085300000| PB 0x0000000085300000| Untracked 
|  84|0x0000000085400000, 0x0000000085400000, 0x0000000085500000|  0%| F|  |TAMS 0x0000000085400000| PB 0x0000000085400000| Untracked 
|  85|0x0000000085500000, 0x0000000085500000, 0x0000000085600000|  0%| F|  |TAMS 0x0000000085500000| PB 0x0000000085500000| Untracked 
|  86|0x0000000085600000, 0x0000000085600000, 0x0000000085700000|  0%| F|  |TAMS 0x0000000085600000| PB 0x0000000085600000| Untracked 
|  87|0x0000000085700000, 0x0000000085700000, 0x0000000085800000|  0%| F|  |TAMS 0x0000000085700000| PB 0x0000000085700000| Untracked 
|  88|0x0000000085800000, 0x0000000085800000, 0x0000000085900000|  0%| F|  |TAMS 0x0000000085800000| PB 0x0000000085800000| Untracked 
|  89|0x0000000085900000, 0x0000000085900000, 0x0000000085a00000|  0%| F|  |TAMS 0x0000000085900000| PB 0x0000000085900000| Untracked 
|  90|0x0000000085a00000, 0x0000000085a00000, 0x0000000085b00000|  0%| F|  |TAMS 0x0000000085a00000| PB 0x0000000085a00000| Untracked 
|  91|0x0000000085b00000, 0x0000000085b00000, 0x0000000085c00000|  0%| F|  |TAMS 0x0000000085b00000| PB 0x0000000085b00000| Untracked 
|  92|0x0000000085c00000, 0x0000000085c00000, 0x0000000085d00000|  0%| F|  |TAMS 0x0000000085c00000| PB 0x0000000085c00000| Untracked 
|  93|0x0000000085d00000, 0x0000000085d00000, 0x0000000085e00000|  0%| F|  |TAMS 0x0000000085d00000| PB 0x0000000085d00000| Untracked 
|  94|0x0000000085e00000, 0x0000000085e00000, 0x0000000085f00000|  0%| F|  |TAMS 0x0000000085e00000| PB 0x0000000085e00000| Untracked 
|  95|0x0000000085f00000, 0x0000000085f00000, 0x0000000086000000|  0%| F|  |TAMS 0x0000000085f00000| PB 0x0000000085f00000| Untracked 
|  96|0x0000000086000000, 0x0000000086000000, 0x0000000086100000|  0%| F|  |TAMS 0x0000000086000000| PB 0x0000000086000000| Untracked 
|  97|0x0000000086100000, 0x0000000086100000, 0x0000000086200000|  0%| F|  |TAMS 0x0000000086100000| PB 0x0000000086100000| Untracked 
|  98|0x0000000086200000, 0x0000000086200000, 0x0000000086300000|  0%| F|  |TAMS 0x0000000086200000| PB 0x0000000086200000| Untracked 
|  99|0x0000000086300000, 0x0000000086300000, 0x0000000086400000|  0%| F|  |TAMS 0x0000000086300000| PB 0x0000000086300000| Untracked 
| 100|0x0000000086400000, 0x0000000086400000, 0x0000000086500000|  0%| F|  |TAMS 0x0000000086400000| PB 0x0000000086400000| Untracked 
| 101|0x0000000086500000, 0x0000000086500000, 0x0000000086600000|  0%| F|  |TAMS 0x0000000086500000| PB 0x0000000086500000| Untracked 
| 102|0x0000000086600000, 0x0000000086700000, 0x0000000086700000|100%| S|CS|TAMS 0x0000000086600000| PB 0x0000000086600000| Complete 
| 103|0x0000000086700000, 0x0000000086800000, 0x0000000086800000|100%| S|CS|TAMS 0x0000000086700000| PB 0x0000000086700000| Complete 
| 104|0x0000000086800000, 0x0000000086900000, 0x0000000086900000|100%| S|CS|TAMS 0x0000000086800000| PB 0x0000000086800000| Complete 
| 105|0x0000000086900000, 0x0000000086900000, 0x0000000086a00000|  0%| F|  |TAMS 0x0000000086900000| PB 0x0000000086900000| Untracked 
| 106|0x0000000086a00000, 0x0000000086a00000, 0x0000000086b00000|  0%| F|  |TAMS 0x0000000086a00000| PB 0x0000000086a00000| Untracked 
| 107|0x0000000086b00000, 0x0000000086b00000, 0x0000000086c00000|  0%| F|  |TAMS 0x0000000086b00000| PB 0x0000000086b00000| Untracked 
| 108|0x0000000086c00000, 0x0000000086c00000, 0x0000000086d00000|  0%| F|  |TAMS 0x0000000086c00000| PB 0x0000000086c00000| Untracked 
| 109|0x0000000086d00000, 0x0000000086d00000, 0x0000000086e00000|  0%| F|  |TAMS 0x0000000086d00000| PB 0x0000000086d00000| Untracked 
| 110|0x0000000086e00000, 0x0000000086e00000, 0x0000000086f00000|  0%| F|  |TAMS 0x0000000086e00000| PB 0x0000000086e00000| Untracked 
| 111|0x0000000086f00000, 0x0000000086f00000, 0x0000000087000000|  0%| F|  |TAMS 0x0000000086f00000| PB 0x0000000086f00000| Untracked 
| 112|0x0000000087000000, 0x0000000087000000, 0x0000000087100000|  0%| F|  |TAMS 0x0000000087000000| PB 0x0000000087000000| Untracked 
| 113|0x0000000087100000, 0x0000000087100000, 0x0000000087200000|  0%| F|  |TAMS 0x0000000087100000| PB 0x0000000087100000| Untracked 
| 114|0x0000000087200000, 0x0000000087200000, 0x0000000087300000|  0%| F|  |TAMS 0x0000000087200000| PB 0x0000000087200000| Untracked 
| 115|0x0000000087300000, 0x0000000087300000, 0x0000000087400000|  0%| F|  |TAMS 0x0000000087300000| PB 0x0000000087300000| Untracked 
| 116|0x0000000087400000, 0x0000000087400000, 0x0000000087500000|  0%| F|  |TAMS 0x0000000087400000| PB 0x0000000087400000| Untracked 
| 117|0x0000000087500000, 0x0000000087500000, 0x0000000087600000|  0%| F|  |TAMS 0x0000000087500000| PB 0x0000000087500000| Untracked 
| 118|0x0000000087600000, 0x0000000087700000, 0x0000000087700000|100%| E|  |TAMS 0x0000000087600000| PB 0x0000000087600000| Complete 
| 119|0x0000000087700000, 0x0000000087800000, 0x0000000087800000|100%| E|CS|TAMS 0x0000000087700000| PB 0x0000000087700000| Complete 
| 120|0x0000000087800000, 0x0000000087900000, 0x0000000087900000|100%| E|CS|TAMS 0x0000000087800000| PB 0x0000000087800000| Complete 
| 121|0x0000000087900000, 0x0000000087a00000, 0x0000000087a00000|100%| E|CS|TAMS 0x0000000087900000| PB 0x0000000087900000| Complete 
| 122|0x0000000087a00000, 0x0000000087b00000, 0x0000000087b00000|100%| E|CS|TAMS 0x0000000087a00000| PB 0x0000000087a00000| Complete 
| 123|0x0000000087b00000, 0x0000000087c00000, 0x0000000087c00000|100%| E|CS|TAMS 0x0000000087b00000| PB 0x0000000087b00000| Complete 
| 124|0x0000000087c00000, 0x0000000087d00000, 0x0000000087d00000|100%| E|CS|TAMS 0x0000000087c00000| PB 0x0000000087c00000| Complete 
| 125|0x0000000087d00000, 0x0000000087e00000, 0x0000000087e00000|100%| E|CS|TAMS 0x0000000087d00000| PB 0x0000000087d00000| Complete 
| 126|0x0000000087e00000, 0x0000000087f00000, 0x0000000087f00000|100%| E|CS|TAMS 0x0000000087e00000| PB 0x0000000087e00000| Complete 
| 127|0x0000000087f00000, 0x0000000088000000, 0x0000000088000000|100%| E|CS|TAMS 0x0000000087f00000| PB 0x0000000087f00000| Complete 

Card table byte_map: [0x000002823efc0000,0x000002823f3c0000] _byte_map_base: 0x000002823ebc0000

Marking Bits: (CMBitMap*) 0x000002822b88d9c0
 Bits: [0x000002823f3c0000, 0x00000282413c0000)

Polling page: 0x0000028229840000

Metaspace:

Usage:
  Non-class:     11.34 MB used.
      Class:      1.52 MB used.
       Both:     12.86 MB used.

Virtual space:
  Non-class space:       64.00 MB reserved,      11.56 MB ( 18%) committed,  1 nodes.
      Class space:        1.00 GB reserved,       1.69 MB ( <1%) committed,  1 nodes.
             Both:        1.06 GB reserved,      13.25 MB (  1%) committed. 

Chunk freelists:
   Non-Class:  4.31 MB
       Class:  14.14 MB
        Both:  18.45 MB

MaxMetaspaceSize: unlimited
CompressedClassSpaceSize: 1.00 GB
Initial GC threshold: 21.00 MB
Current GC threshold: 21.00 MB
CDS: on
 - commit_granule_bytes: 65536.
 - commit_granule_words: 8192.
 - virtual_space_node_default_size: 8388608.
 - enlarge_chunks_in_place: 1.
 - use_allocation_guard: 0.


Internal statistics:

num_allocs_failed_limit: 0.
num_arena_births: 452.
num_arena_deaths: 0.
num_vsnodes_births: 2.
num_vsnodes_deaths: 0.
num_space_committed: 212.
num_space_uncommitted: 0.
num_chunks_returned_to_freelist: 0.
num_chunks_taken_from_freelist: 830.
num_chunk_merges: 0.
num_chunk_splits: 498.
num_chunks_enlarged: 203.
num_inconsistent_stats: 0.

CodeHeap 'non-profiled nmethods': size=120000Kb used=622Kb max_used=622Kb free=119377Kb
 bounds [0x0000028237350000, 0x00000282375c0000, 0x000002823e880000]
CodeHeap 'profiled nmethods': size=120000Kb used=2974Kb max_used=2974Kb free=117025Kb
 bounds [0x000002822f880000, 0x000002822fb70000, 0x0000028236db0000]
CodeHeap 'non-nmethods': size=5760Kb used=1472Kb max_used=1480Kb free=4287Kb
 bounds [0x0000028236db0000, 0x0000028237020000, 0x0000028237350000]
 total_blobs=2246 nmethods=1688 adapters=463
 compilation: enabled
              stopped_count=0, restarted_count=0
 full_count=0

Compilation events (20 events):
Event: 1.630 Thread 0x0000028243e07e10 nmethod 1621 0x000002822fb46b10 code [0x000002822fb46cc0, 0x000002822fb46ed8]
Event: 1.630 Thread 0x0000028243e07e10 1624       3       java.lang.Integer::equals (29 bytes)
Event: 1.631 Thread 0x0000028243e07e10 nmethod 1624 0x000002822fb46f90 code [0x000002822fb47140, 0x000002822fb47508]
Event: 1.631 Thread 0x0000028243e07e10 1625       3       java.util.regex.Pattern$SliceI::match (96 bytes)
Event: 1.632 Thread 0x0000028243e07e10 nmethod 1625 0x000002822fb47610 code [0x000002822fb47820, 0x000002822fb47e48]
Event: 1.633 Thread 0x0000028243e07e10 1626       3       java.lang.reflect.AccessibleObject::verifyAccess (55 bytes)
Event: 1.633 Thread 0x0000028243e07e10 nmethod 1626 0x000002822fb48090 code [0x000002822fb482e0, 0x000002822fb48e58]
Event: 1.633 Thread 0x0000028243e07e10 1627       3       java.lang.reflect.AccessibleObject::isAccessChecked (25 bytes)
Event: 1.633 Thread 0x0000028243e07e10 nmethod 1627 0x000002822fb49110 code [0x000002822fb492e0, 0x000002822fb497a8]
Event: 1.636 Thread 0x0000028243e07e10 1628       3       java.util.TreeMap::containsKey (14 bytes)
Event: 1.636 Thread 0x0000028243e07e10 nmethod 1628 0x000002822fb49910 code [0x000002822fb49ac0, 0x000002822fb49c48]
Event: 1.636 Thread 0x0000028243e07e10 1629       3       java.util.HashMap::keySet (25 bytes)
Event: 1.636 Thread 0x0000028243e07e10 nmethod 1629 0x000002822fb49d10 code [0x000002822fb49ee0, 0x000002822fb4a2b0]
Event: 1.636 Thread 0x0000028243e07e10 1630       3       java.util.HashMap$KeySet::iterator (12 bytes)
Event: 1.636 Thread 0x0000028243e07e10 nmethod 1630 0x000002822fb4a410 code [0x000002822fb4a5c0, 0x000002822fb4a7c8]
Event: 1.636 Thread 0x0000028243e07e10 1631       3       java.util.HashMap$KeyIterator::<init> (6 bytes)
Event: 1.636 Thread 0x0000028243e07e10 nmethod 1631 0x000002822fb4a890 code [0x000002822fb4aa40, 0x000002822fb4ab78]
Event: 1.636 Thread 0x0000028243e07e10 1632       3       java.util.regex.Pattern$Branch::match (66 bytes)
Event: 1.637 Thread 0x0000028243e07e10 nmethod 1632 0x000002822fb4ac10 code [0x000002822fb4ae00, 0x000002822fb4b2c0]
Event: 1.637 Thread 0x0000028243e07e10 1634       3       java.util.TreeMap::getEntryUsingComparator (74 bytes)

GC Heap History (2 events):
Event: 1.327 GC heap before
{Heap before GC invocations=0 (full 0):
 garbage-first heap   total 131072K, used 27648K [0x0000000080000000, 0x0000000100000000)
  region size 1024K, 23 young (23552K), 0 survivors (0K)
 Metaspace       used 7988K, committed 8320K, reserved 1114112K
  class space    used 1008K, committed 1152K, reserved 1048576K
}
Event: 1.334 GC heap after
{Heap after GC invocations=1 (full 0):
 garbage-first heap   total 131072K, used 9120K [0x0000000080000000, 0x0000000100000000)
  region size 1024K, 3 young (3072K), 3 survivors (3072K)
 Metaspace       used 7988K, committed 8320K, reserved 1114112K
  class space    used 1008K, committed 1152K, reserved 1048576K
}

Dll operation events (2 events):
Event: 0.007 Loaded shared library D:\Programs\Intellij\IntellijUltimate\IntelliJ IDEA 2025.1.3\jbr\bin\java.dll
Event: 0.039 Loaded shared library D:\Programs\Intellij\IntellijUltimate\IntelliJ IDEA 2025.1.3\jbr\bin\zip.dll

Deoptimization events (20 events):
Event: 1.584 Thread 0x000002828971a380 DEOPT PACKING pc=0x00000282373df700 sp=0x00000084960fc210
Event: 1.584 Thread 0x000002828971a380 DEOPT UNPACKING pc=0x0000028236e046a2 sp=0x00000084960fc1c0 mode 2
Event: 1.584 Thread 0x000002828971a380 Uncommon trap: trap_request=0xffffffde fr.pc=0x00000282373df700 relative=0x0000000000000c00
Event: 1.584 Thread 0x000002828971a380 Uncommon trap: reason=class_check action=maybe_recompile pc=0x00000282373df700 method=java.util.HashMap.putVal(ILjava/lang/Object;Ljava/lang/Object;ZZ)Ljava/lang/Object; @ 203 c2
Event: 1.584 Thread 0x000002828971a380 DEOPT PACKING pc=0x00000282373df700 sp=0x00000084960fc210
Event: 1.584 Thread 0x000002828971a380 DEOPT UNPACKING pc=0x0000028236e046a2 sp=0x00000084960fc1c0 mode 2
Event: 1.585 Thread 0x000002828971a380 Uncommon trap: trap_request=0xffffffde fr.pc=0x00000282373df700 relative=0x0000000000000c00
Event: 1.585 Thread 0x000002828971a380 Uncommon trap: reason=class_check action=maybe_recompile pc=0x00000282373df700 method=java.util.HashMap.putVal(ILjava/lang/Object;Ljava/lang/Object;ZZ)Ljava/lang/Object; @ 203 c2
Event: 1.585 Thread 0x000002828971a380 DEOPT PACKING pc=0x00000282373df700 sp=0x00000084960fc210
Event: 1.585 Thread 0x000002828971a380 DEOPT UNPACKING pc=0x0000028236e046a2 sp=0x00000084960fc1c0 mode 2
Event: 1.586 Thread 0x000002828971a380 Uncommon trap: trap_request=0xffffffde fr.pc=0x00000282373df700 relative=0x0000000000000c00
Event: 1.586 Thread 0x000002828971a380 Uncommon trap: reason=class_check action=maybe_recompile pc=0x00000282373df700 method=java.util.HashMap.putVal(ILjava/lang/Object;Ljava/lang/Object;ZZ)Ljava/lang/Object; @ 203 c2
Event: 1.586 Thread 0x000002828971a380 DEOPT PACKING pc=0x00000282373df700 sp=0x00000084960fc210
Event: 1.586 Thread 0x000002828971a380 DEOPT UNPACKING pc=0x0000028236e046a2 sp=0x00000084960fc1c0 mode 2
Event: 1.598 Thread 0x000002828971a380 Uncommon trap: trap_request=0xffffff6e fr.pc=0x00000282373dbb70 relative=0x0000000000000430
Event: 1.598 Thread 0x000002828971a380 Uncommon trap: reason=loop_limit_check action=maybe_recompile pc=0x00000282373dbb70 method=java.lang.StringLatin1.indexOf([BI[BII)I @ 37 c2
Event: 1.598 Thread 0x000002828971a380 DEOPT PACKING pc=0x00000282373dbb70 sp=0x00000084960fb790
Event: 1.598 Thread 0x000002828971a380 DEOPT UNPACKING pc=0x0000028236e046a2 sp=0x00000084960fb718 mode 2
Event: 1.608 Thread 0x000002828971a380 DEOPT PACKING pc=0x000002822fa6bac3 sp=0x00000084960f9920
Event: 1.608 Thread 0x000002828971a380 DEOPT UNPACKING pc=0x0000028236e04e42 sp=0x00000084960f8dc0 mode 0

Classes loaded (20 events):
Event: 1.634 Loading class java/security/KeyPairGeneratorSpi done
Event: 1.634 Loading class java/security/KeyPairGenerator done
Event: 1.635 Loading class java/security/spec/InvalidParameterSpecException
Event: 1.635 Loading class java/security/spec/InvalidParameterSpecException done
Event: 1.635 Loading class sun/security/util/ECUtil
Event: 1.635 Loading class sun/security/util/ECUtil done
Event: 1.635 Loading class java/security/AlgorithmParameters
Event: 1.635 Loading class java/security/AlgorithmParameters done
Event: 1.635 Loading class java/security/AlgorithmParametersSpi
Event: 1.635 Loading class java/security/AlgorithmParametersSpi done
Event: 1.635 Loading class sun/security/util/ECParameters
Event: 1.635 Loading class sun/security/util/ECParameters done
Event: 1.635 Loading class sun/security/util/ECKeySizeParameterSpec
Event: 1.635 Loading class sun/security/util/ECKeySizeParameterSpec done
Event: 1.635 Loading class java/security/spec/ECGenParameterSpec
Event: 1.635 Loading class java/security/spec/NamedParameterSpec
Event: 1.635 Loading class java/security/spec/NamedParameterSpec done
Event: 1.635 Loading class java/security/spec/ECGenParameterSpec done
Event: 1.635 Loading class java/security/KeyPairGenerator$Delegate
Event: 1.635 Loading class java/security/KeyPairGenerator$Delegate done

Classes unloaded (0 events):
No events

Classes redefined (0 events):
No events

Internal exceptions (20 events):
Event: 0.797 Thread 0x00000282294e6b70 Exception <a 'java/lang/NoSuchMethodError'{0x0000000086f9d358}: 'java.lang.Object java.lang.invoke.Invokers$Holder.linkToTargetMethod(java.lang.Object, long, java.lang.Object)'> (0x0000000086f9d358) 
thrown [s\src\hotspot\share\interpreter\linkResolver.cpp, line 784]
Event: 0.828 Thread 0x0000028289566e00 Exception <a 'java/lang/NoSuchMethodError'{0x0000000086e99c68}: 'long java.lang.invoke.DirectMethodHandle$Holder.invokeSpecial(java.lang.Object, java.lang.Object)'> (0x0000000086e99c68) 
thrown [s\src\hotspot\share\interpreter\linkResolver.cpp, line 784]
Event: 0.828 Thread 0x000002828933da90 Exception <a 'java/lang/NoSuchMethodError'{0x0000000086e4e670}: 'long java.lang.invoke.DirectMethodHandle$Holder.invokeSpecial(java.lang.Object, java.lang.Object)'> (0x0000000086e4e670) 
thrown [s\src\hotspot\share\interpreter\linkResolver.cpp, line 784]
Event: 0.828 Thread 0x0000028289566e00 Exception <a 'java/lang/NoSuchMethodError'{0x0000000086e9d0a0}: 'long java.lang.invoke.Invokers$Holder.invokeExact_MT(java.lang.Object, java.lang.Object)'> (0x0000000086e9d0a0) 
thrown [s\src\hotspot\share\interpreter\linkResolver.cpp, line 784]
Event: 0.828 Thread 0x000002828933da90 Exception <a 'java/lang/NoSuchMethodError'{0x0000000086e51a58}: 'long java.lang.invoke.Invokers$Holder.invokeExact_MT(java.lang.Object, java.lang.Object)'> (0x0000000086e51a58) 
thrown [s\src\hotspot\share\interpreter\linkResolver.cpp, line 784]
Event: 0.866 Thread 0x000002828933da90 Exception <a 'java/lang/NoSuchMethodError'{0x0000000086eef5b8}: 'void java.lang.invoke.DirectMethodHandle$Holder.invokeSpecial(java.lang.Object, java.lang.Object, java.lang.Object)'> (0x0000000086eef5b8) 
thrown [s\src\hotspot\share\interpreter\linkResolver.cpp, line 784]
Event: 0.866 Thread 0x0000028289566e00 Exception <a 'java/lang/NoSuchMethodError'{0x0000000086ec9630}: 'void java.lang.invoke.DirectMethodHandle$Holder.invokeSpecial(java.lang.Object, java.lang.Object, java.lang.Object)'> (0x0000000086ec9630) 
thrown [s\src\hotspot\share\interpreter\linkResolver.cpp, line 784]
Event: 0.898 Thread 0x000002828971a380 Exception <a 'java/lang/NoSuchMethodError'{0x0000000086c24540}: static [B.<clinit>()V> (0x0000000086c24540) 
thrown [s\src\hotspot\share\prims\jni.cpp, line 1139]
Event: 0.898 Thread 0x0000028289719cf0 Exception <a 'java/lang/NoSuchMethodError'{0x0000000086c85bd0}: static [B.<clinit>()V> (0x0000000086c85bd0) 
thrown [s\src\hotspot\share\prims\jni.cpp, line 1139]
Event: 0.911 Thread 0x000002828971a380 Exception <a 'java/lang/NoSuchMethodError'{0x0000000086c26080}: 'long java.lang.invoke.DirectMethodHandle$Holder.invokeInterface(java.lang.Object, java.lang.Object)'> (0x0000000086c26080) 
thrown [s\src\hotspot\share\interpreter\linkResolver.cpp, line 784]
Event: 0.912 Thread 0x000002828971a380 Exception <a 'java/lang/NoSuchMethodError'{0x0000000086c29848}: 'long java.lang.invoke.DelegatingMethodHandle$Holder.reinvoke_L(java.lang.Object, java.lang.Object)'> (0x0000000086c29848) 
thrown [s\src\hotspot\share\interpreter\linkResolver.cpp, line 784]
Event: 1.211 Thread 0x000002828971a380 Exception <a 'java/lang/NoSuchMethodError'{0x0000000086c649b8}: static [Ljava/rmi/server/ObjID;.<clinit>()V> (0x0000000086c649b8) 
thrown [s\src\hotspot\share\prims\jni.cpp, line 1139]
Event: 1.215 Thread 0x00000282897182b0 Exception <a 'java/lang/NoSuchMethodError'{0x0000000086cecfe0}: 'java.lang.Object java.lang.invoke.DirectMethodHandle$Holder.invokeSpecial(java.lang.Object, java.lang.Object, int, java.lang.Object, long)'> (0x0000000086cecfe0) 
thrown [s\src\hotspot\share\interpreter\linkResolver.cpp, line 784]
Event: 1.215 Thread 0x00000282897182b0 Exception <a 'java/lang/NoSuchMethodError'{0x0000000086cf3d98}: 'java.lang.Object java.lang.invoke.DirectMethodHandle$Holder.newInvokeSpecial(java.lang.Object, java.lang.Object, int, java.lang.Object, long)'> (0x0000000086cf3d98) 
thrown [s\src\hotspot\share\interpreter\linkResolver.cpp, line 784]
Event: 1.217 Thread 0x000002828971a380 Exception <a 'java/lang/NoSuchMethodError'{0x0000000086b0fef8}: 'void java.lang.invoke.Invokers$Holder.linkToTargetMethod(java.lang.Object, java.lang.Object)'> (0x0000000086b0fef8) 
thrown [s\src\hotspot\share\interpreter\linkResolver.cpp, line 784]
Event: 1.244 Thread 0x000002828971a380 Exception <a 'java/lang/NoSuchMethodError'{0x0000000086b40828}: 'java.lang.Object java.lang.invoke.DirectMethodHandle$Holder.invokeInterface(java.lang.Object, java.lang.Object, java.lang.Object, java.lang.Object, java.lang.Object)'> (0x0000000086b40828) 
thrown [s\src\hotspot\share\interpreter\linkResolver.cpp, line 784]
Event: 1.245 Thread 0x000002828971a380 Exception <a 'java/lang/NoSuchMethodError'{0x0000000086b53be0}: 'java.lang.Object java.lang.invoke.Invokers$Holder.invokeExact_MT(java.lang.Object, java.lang.Object, java.lang.Object, java.lang.Object, java.lang.Object, java.lang.Object)'> (0x0000000086b53be0) 
thrown [s\src\hotspot\share\interpreter\linkResolver.cpp, line 784]
Event: 1.357 Thread 0x000002828971a380 Exception <a 'java/lang/NoSuchMethodError'{0x0000000087e060f0}: 'void java.lang.invoke.DirectMethodHandle$Holder.invokeStatic(java.lang.Object, java.lang.Object, java.lang.Object)'> (0x0000000087e060f0) 
thrown [s\src\hotspot\share\interpreter\linkResolver.cpp, line 784]
Event: 1.357 Thread 0x000002828971a380 Exception <a 'java/lang/NoSuchMethodError'{0x0000000087e0f1e0}: 'java.lang.Object java.lang.invoke.DirectMethodHandle$Holder.invokeVirtual(java.lang.Object, java.lang.Object, java.lang.Object)'> (0x0000000087e0f1e0) 
thrown [s\src\hotspot\share\interpreter\linkResolver.cpp, line 784]
Event: 1.609 Thread 0x000002828971a380 Exception <a 'sun/nio/fs/WindowsException'{0x0000000087723c28}> (0x0000000087723c28) 
thrown [s\src\hotspot\share\prims\jni.cpp, line 535]

ZGC Phase Switch (0 events):
No events

VM Operations (20 events):
Event: 0.584 Executing VM operation: HandshakeAllThreads (Deoptimize)
Event: 0.584 Executing VM operation: HandshakeAllThreads (Deoptimize) done
Event: 0.585 Executing VM operation: HandshakeAllThreads (Deoptimize)
Event: 0.585 Executing VM operation: HandshakeAllThreads (Deoptimize) done
Event: 0.598 Executing VM operation: HandshakeAllThreads (Deoptimize)
Event: 0.598 Executing VM operation: HandshakeAllThreads (Deoptimize) done
Event: 0.822 Executing VM operation: ICBufferFull
Event: 0.822 Executing VM operation: ICBufferFull done
Event: 1.249 Executing VM operation: HandshakeAllThreads (Deoptimize)
Event: 1.249 Executing VM operation: HandshakeAllThreads (Deoptimize) done
Event: 1.327 Executing VM operation: G1CollectForAllocation (G1 Evacuation Pause)
Event: 1.334 Executing VM operation: G1CollectForAllocation (G1 Evacuation Pause) done
Event: 1.353 Executing VM operation: HandshakeAllThreads (Deoptimize)
Event: 1.353 Executing VM operation: HandshakeAllThreads (Deoptimize) done
Event: 1.580 Executing VM operation: HandshakeAllThreads (Deoptimize)
Event: 1.580 Executing VM operation: HandshakeAllThreads (Deoptimize) done
Event: 1.583 Executing VM operation: HandshakeAllThreads (Deoptimize)
Event: 1.583 Executing VM operation: HandshakeAllThreads (Deoptimize) done
Event: 1.617 Executing VM operation: HandshakeAllThreads (Deoptimize)
Event: 1.617 Executing VM operation: HandshakeAllThreads (Deoptimize) done

Memory protections (0 events):
No events

Nmethod flushes (0 events):
No events

Events (20 events):
Event: 0.103 Thread 0x0000028243e04270 Thread added: 0x000002828915e850
Event: 0.122 Loaded shared library D:\Programs\Intellij\IntellijUltimate\IntelliJ IDEA 2025.1.3\jbr\bin\zip.dll
Event: 0.174 Loaded shared library D:\Programs\Intellij\IntellijUltimate\IntelliJ IDEA 2025.1.3\jbr\bin\jimage.dll
Event: 0.278 Thread 0x000002828915e850 Thread exited: 0x000002828915e850
Event: 0.585 Thread 0x00000282294e6b70 Thread added: 0x000002828934e970
Event: 0.730 Thread 0x0000028243e07e10 Thread added: 0x00000282895d7160
Event: 0.763 Loaded shared library D:\Programs\Intellij\IntellijUltimate\IntelliJ IDEA 2025.1.3\jbr\bin\extnet.dll
Event: 0.769 Thread 0x00000282294e6b70 Thread added: 0x000002828962a4f0
Event: 0.779 Thread 0x00000282294e6b70 Thread added: 0x000002828951d800
Event: 0.779 Thread 0x00000282294e6b70 Thread added: 0x0000028289713b70
Event: 0.781 Loaded shared library D:\Programs\Intellij\IntellijUltimate\IntelliJ IDEA 2025.1.3\jbr\bin\rmi.dll
Event: 0.781 Thread 0x00000282294e6b70 Thread added: 0x00000282897141d0
Event: 0.808 Thread 0x000002828962a4f0 Thread added: 0x0000028289566e00
Event: 0.809 Thread 0x000002828962a4f0 Thread added: 0x000002828933da90
Event: 0.876 Thread 0x000002828933da90 Thread added: 0x00000282898c27b0
Event: 0.887 Thread 0x000002828951d800 Thread added: 0x0000028289719cf0
Event: 0.887 Thread 0x000002828951d800 Thread added: 0x000002828971a380
Event: 1.202 Thread 0x00000282895d7160 Thread exited: 0x00000282895d7160
Event: 1.206 Thread 0x000002828971a380 Thread added: 0x00000282897182b0
Event: 1.353 Thread 0x0000028243e07e10 Thread added: 0x0000028289b46f80


Dynamic libraries:
0x00007ff6b3350000 - 0x00007ff6b335a000 	D:\Programs\Intellij\IntellijUltimate\IntelliJ IDEA 2025.1.3\jbr\bin\java.exe
0x00007ffb39b10000 - 0x00007ffb39d08000 	C:\WINDOWS\SYSTEM32\ntdll.dll
0x00007ffb396f0000 - 0x00007ffb397b2000 	C:\WINDOWS\System32\KERNEL32.DLL
0x00007ffb37720000 - 0x00007ffb37a17000 	C:\WINDOWS\System32\KERNELBASE.dll
0x00007ffb375d0000 - 0x00007ffb376d0000 	C:\WINDOWS\System32\ucrtbase.dll
0x00007ffb2d700000 - 0x00007ffb2d71b000 	D:\Programs\Intellij\IntellijUltimate\IntelliJ IDEA 2025.1.3\jbr\bin\VCRUNTIME140.dll
0x00007ffb2e5e0000 - 0x00007ffb2e5f8000 	D:\Programs\Intellij\IntellijUltimate\IntelliJ IDEA 2025.1.3\jbr\bin\jli.dll
0x00007ffb37b30000 - 0x00007ffb37ccd000 	C:\WINDOWS\System32\USER32.dll
0x00007ffb37480000 - 0x00007ffb374a2000 	C:\WINDOWS\System32\win32u.dll
0x00007ffb20d80000 - 0x00007ffb2101a000 	C:\WINDOWS\WinSxS\amd64_microsoft.windows.common-controls_6595b64144ccf1df_6.0.19041.5915_none_60b4b9d171f9c7c7\COMCTL32.dll
0x00007ffb39250000 - 0x00007ffb3927b000 	C:\WINDOWS\System32\GDI32.dll
0x00007ffb383c0000 - 0x00007ffb3845e000 	C:\WINDOWS\System32\msvcrt.dll
0x00007ffb374b0000 - 0x00007ffb375c9000 	C:\WINDOWS\System32\gdi32full.dll
0x00007ffb371a0000 - 0x00007ffb3723d000 	C:\WINDOWS\System32\msvcp_win.dll
0x00007ffb38390000 - 0x00007ffb383bf000 	C:\WINDOWS\System32\IMM32.DLL
0x00007ffb2ff30000 - 0x00007ffb2ff3c000 	D:\Programs\Intellij\IntellijUltimate\IntelliJ IDEA 2025.1.3\jbr\bin\vcruntime140_1.dll
0x00007ffb020c0000 - 0x00007ffb0214d000 	D:\Programs\Intellij\IntellijUltimate\IntelliJ IDEA 2025.1.3\jbr\bin\msvcp140.dll
0x00007ffae69e0000 - 0x00007ffae77a1000 	D:\Programs\Intellij\IntellijUltimate\IntelliJ IDEA 2025.1.3\jbr\bin\server\jvm.dll
0x00007ffb37f40000 - 0x00007ffb37ff1000 	C:\WINDOWS\System32\ADVAPI32.dll
0x00007ffb391b0000 - 0x00007ffb3924f000 	C:\WINDOWS\System32\sechost.dll
0x00007ffb38190000 - 0x00007ffb382b6000 	C:\WINDOWS\System32\RPCRT4.dll
0x00007ffb37240000 - 0x00007ffb37267000 	C:\WINDOWS\System32\bcrypt.dll
0x00007ffb37ed0000 - 0x00007ffb37f3b000 	C:\WINDOWS\System32\WS2_32.dll
0x00007ffb36730000 - 0x00007ffb3677b000 	C:\WINDOWS\SYSTEM32\POWRPROF.dll
0x00007ffb23c50000 - 0x00007ffb23c77000 	C:\WINDOWS\SYSTEM32\WINMM.dll
0x00007ffb2dcb0000 - 0x00007ffb2dcba000 	C:\WINDOWS\SYSTEM32\VERSION.dll
0x00007ffb365a0000 - 0x00007ffb365b2000 	C:\WINDOWS\SYSTEM32\UMPDC.dll
0x00007ffb35a10000 - 0x00007ffb35a22000 	C:\WINDOWS\SYSTEM32\kernel.appcore.dll
0x00007ffb2ff20000 - 0x00007ffb2ff2a000 	D:\Programs\Intellij\IntellijUltimate\IntelliJ IDEA 2025.1.3\jbr\bin\jimage.dll
0x00007ffb34f00000 - 0x00007ffb35101000 	C:\WINDOWS\SYSTEM32\DBGHELP.DLL
0x00007ffb1f1c0000 - 0x00007ffb1f1f4000 	C:\WINDOWS\SYSTEM32\dbgcore.DLL
0x00007ffb37a20000 - 0x00007ffb37aa2000 	C:\WINDOWS\System32\bcryptPrimitives.dll
0x00007ffb2c6d0000 - 0x00007ffb2c6f0000 	D:\Programs\Intellij\IntellijUltimate\IntelliJ IDEA 2025.1.3\jbr\bin\java.dll
0x00007ffb38530000 - 0x00007ffb38c9e000 	C:\WINDOWS\System32\SHELL32.dll
0x00007ffb35110000 - 0x00007ffb358b4000 	C:\WINDOWS\SYSTEM32\windows.storage.dll
0x00007ffb38d10000 - 0x00007ffb39063000 	C:\WINDOWS\System32\combase.dll
0x00007ffb36bd0000 - 0x00007ffb36bfb000 	C:\WINDOWS\SYSTEM32\Wldp.dll
0x00007ffb38460000 - 0x00007ffb3852d000 	C:\WINDOWS\System32\OLEAUT32.dll
0x00007ffb382e0000 - 0x00007ffb3838d000 	C:\WINDOWS\System32\SHCORE.dll
0x00007ffb397c0000 - 0x00007ffb3981b000 	C:\WINDOWS\System32\shlwapi.dll
0x00007ffb370d0000 - 0x00007ffb370f4000 	C:\WINDOWS\SYSTEM32\profapi.dll
0x00007ffb2c5e0000 - 0x00007ffb2c5f8000 	D:\Programs\Intellij\IntellijUltimate\IntelliJ IDEA 2025.1.3\jbr\bin\zip.dll
0x00007ffb2fab0000 - 0x00007ffb2fac0000 	D:\Programs\Intellij\IntellijUltimate\IntelliJ IDEA 2025.1.3\jbr\bin\net.dll
0x00007ffb2b870000 - 0x00007ffb2b97a000 	C:\WINDOWS\SYSTEM32\WINHTTP.dll
0x00007ffb36930000 - 0x00007ffb3699a000 	C:\WINDOWS\system32\mswsock.dll
0x00007ffb2c3f0000 - 0x00007ffb2c406000 	D:\Programs\Intellij\IntellijUltimate\IntelliJ IDEA 2025.1.3\jbr\bin\nio.dll
0x00007ffb365c0000 - 0x00007ffb365fb000 	C:\WINDOWS\SYSTEM32\IPHLPAPI.DLL
0x00007ffb38ca0000 - 0x00007ffb38ca8000 	C:\WINDOWS\System32\NSI.dll
0x00007ffb36b20000 - 0x00007ffb36b38000 	C:\WINDOWS\SYSTEM32\CRYPTSP.dll
0x00007ffb361e0000 - 0x00007ffb36218000 	C:\WINDOWS\system32\rsaenh.dll
0x00007ffb37090000 - 0x00007ffb370be000 	C:\WINDOWS\SYSTEM32\USERENV.dll
0x00007ffb36b40000 - 0x00007ffb36b4c000 	C:\WINDOWS\SYSTEM32\CRYPTBASE.dll
0x00007ffb2c7b0000 - 0x00007ffb2c7b9000 	D:\Programs\Intellij\IntellijUltimate\IntelliJ IDEA 2025.1.3\jbr\bin\extnet.dll
0x00007ffb0f400000 - 0x00007ffb0f407000 	D:\Programs\Intellij\IntellijUltimate\IntelliJ IDEA 2025.1.3\jbr\bin\rmi.dll
0x00007ffb36600000 - 0x00007ffb366ca000 	C:\WINDOWS\SYSTEM32\DNSAPI.dll
0x00007ffb2b980000 - 0x00007ffb2b98a000 	C:\Windows\System32\rasadhlp.dll
0x00007ffb2a300000 - 0x00007ffb2a380000 	C:\WINDOWS\System32\fwpuclnt.dll
0x00007ffb2e2d0000 - 0x00007ffb2e2de000 	D:\Programs\Intellij\IntellijUltimate\IntelliJ IDEA 2025.1.3\jbr\bin\sunmscapi.dll
0x00007ffb37270000 - 0x00007ffb373cd000 	C:\WINDOWS\System32\CRYPT32.dll
0x00007ffb36c40000 - 0x00007ffb36c67000 	C:\WINDOWS\SYSTEM32\ncrypt.dll
0x00007ffb36c00000 - 0x00007ffb36c3b000 	C:\WINDOWS\SYSTEM32\NTASN1.dll

dbghelp: loaded successfully - version: 4.0.5 - missing functions: none
symbol engine: initialized successfully - sym options: 0x614 - pdb path: .;D:\Programs\Intellij\IntellijUltimate\IntelliJ IDEA 2025.1.3\jbr\bin;C:\WINDOWS\SYSTEM32;C:\WINDOWS\WinSxS\amd64_microsoft.windows.common-controls_6595b64144ccf1df_6.0.19041.5915_none_60b4b9d171f9c7c7;D:\Programs\Intellij\IntellijUltimate\IntelliJ IDEA 2025.1.3\jbr\bin\server

VM Arguments:
jvm_args: -Djava.rmi.server.hostname=127.0.0.1 -Duser.timezone=UTC -Xmx2048m -Xms128m -Djdbc.classpath=C:\Users\Korisnik\AppData\Local\Temp\RemoteDriver7.classpath.txt --add-exports=java.desktop/sun.awt=ALL-UNNAMED --add-exports=java.desktop/java.awt.peer=ALL-UNNAMED --add-opens=java.desktop/java.awt=ALL-UNNAMED --add-opens=jdk.unsupported/sun.misc=ALL-UNNAMED --add-opens=java.base/java.nio=ALL-UNNAMED --add-opens=java.base/java.util=ALL-UNNAMED -Dfile.encoding=UTF-8 -Dsun.stdout.encoding=UTF-8 -Dsun.stderr.encoding=UTF-8 
java_command: com.intellij.database.remote.RemoteJdbcServer com.mysql.cj.jdbc.Driver
java_class_path (initial): D:\Programs\Intellij\IntellijUltimate\IntelliJ IDEA 2025.1.3\lib\util_rt.jar;D:\Programs\Intellij\IntellijUltimate\IntelliJ IDEA 2025.1.3\lib\util-8.jar;D:\Programs\Intellij\IntellijUltimate\IntelliJ IDEA 2025.1.3\lib\groovy.jar;D:\Programs\Intellij\IntellijUltimate\IntelliJ IDEA 2025.1.3\plugins\DatabaseTools\lib\jdbc-console.jar;D:\Programs\Intellij\IntellijUltimate\IntelliJ IDEA 2025.1.3\lib\modules\intellij.grid.types.jar;D:\Programs\Intellij\IntellijUltimate\IntelliJ IDEA 2025.1.3\lib\util.jar;D:\Programs\Intellij\IntellijUltimate\IntelliJ IDEA 2025.1.3\lib\bouncy-castle.jar
Launcher Type: SUN_STANDARD

[Global flags]
     intx CICompilerCount                          = 4                                         {product} {ergonomic}
     uint ConcGCThreads                            = 2                                         {product} {ergonomic}
     uint G1ConcRefinementThreads                  = 8                                         {product} {ergonomic}
   size_t G1HeapRegionSize                         = 1048576                                   {product} {ergonomic}
    uintx GCDrainStackTargetSize                   = 64                                        {product} {ergonomic}
   size_t InitialHeapSize                          = 134217728                                 {product} {command line}
   size_t MarkStackSize                            = 4194304                                   {product} {ergonomic}
   size_t MaxHeapSize                              = 2147483648                                {product} {command line}
   size_t MaxNewSize                               = 1287651328                                {product} {ergonomic}
   size_t MinHeapDeltaBytes                        = 1048576                                   {product} {ergonomic}
   size_t MinHeapSize                              = 134217728                                 {product} {command line}
    uintx NonNMethodCodeHeapSize                   = 5839372                                {pd product} {ergonomic}
    uintx NonProfiledCodeHeapSize                  = 122909434                              {pd product} {ergonomic}
    uintx ProfiledCodeHeapSize                     = 122909434                              {pd product} {ergonomic}
    uintx ReservedCodeCacheSize                    = 251658240                              {pd product} {ergonomic}
     bool SegmentedCodeCache                       = true                                      {product} {ergonomic}
   size_t SoftMaxHeapSize                          = 2147483648                             {manageable} {ergonomic}
     bool UseCompressedOops                        = true                           {product lp64_product} {ergonomic}
     bool UseG1GC                                  = true                                      {product} {ergonomic}
     bool UseLargePagesIndividualAllocation        = false                                  {pd product} {ergonomic}

Logging:
Log output configuration:
 #0: stdout all=warning uptime,level,tags foldmultilines=false
 #1: stderr all=off uptime,level,tags foldmultilines=false

Environment Variables:
JAVA_HOME=C:\Program Files\Java\jdk-21
PATH=C:\Python313\Scripts\;C:\Python313\;C:\Program Files (x86)\VMware\VMware Player\bin\;C:\Program Files\Python312\Scripts\;C:\Program Files\Python312\;C:\Program Files\Common Files\Oracle\Java\javapath;C:\WINDOWS\system32;C:\WINDOWS;C:\WINDOWS\System32\Wbem;C:\WINDOWS\System32\WindowsPowerShell\v1.0\;C:\WINDOWS\System32\OpenSSH\;C:\Program Files\Intel\WiFi\bin\;C:\Program Files\Common Files\Intel\WirelessCommon\;C:\Program Files\Java\jdk-21\bin;C:\Users\Korisnik\AppData\Local\Programs\Python\Python39;C:\Users\Korisnik\AppData\Local\Programs\Python\Python39\Scripts;C:\Program Files\dotnet\;C:\Program Files (x86)\Windows Kits\10\Windows Performance Toolkit\;C:\Program Files\Git\cmd;C:\Program Files\apache-maven-3.9.11\bin;D:\Program Files\nodejs\;C:\ProgramData\chocolatey\bin;C:\Program Files\MySQL\MySQL Shell 8.0\bin\;C:\Users\Korisnik\AppData\Local\Microsoft\WindowsApps;C:\Users\Korisnik\AppData\Local\Programs\Microsoft VS Code\bin;C:\Users\Korisnik\.dotnet\tools;D:\Intellij\IntelliJ IDEA Community Edition 2024.3.4.1\bin;;D:\Intellij\IntellijUltimate\IntelliJ IDEA 2025.1.3\bin;;C:\Users\Korisnik\AppData\Roaming\npm
USERNAME=Korisnik
OS=Windows_NT
PROCESSOR_IDENTIFIER=Intel64 Family 6 Model 142 Stepping 10, GenuineIntel
TMP=C:\Users\Korisnik\AppData\Local\Temp
TEMP=C:\Users\Korisnik\AppData\Local\Temp




Periodic native trim disabled

JNI global refs:
JNI global refs: 18, weak refs: 0

JNI global refs memory usage: 835, weak refs: 833

Process memory usage:
Resident Set Size: 101360K (1% of 8263780K total physical memory with 2813888K free physical memory)

OOME stack traces (most recent first):
Classloader memory used:
Loader bootstrap                                                                       : 8212K
Loader jdk.internal.loader.ClassLoaders$AppClassLoader                                 : 2458K
Loader com.intellij.database.remote.jdbc.impl.JdbcClassLoader$JdbcClassLoaderImpl      : 1978K
Loader jdk.internal.loader.ClassLoaders$PlatformClassLoader                            : 623K
Loader jdk.internal.reflect.DelegatingClassLoader                                      : 71136B
Loader com.intellij.database.remote.jdbc.impl.JdbcClassLoader$1                        : 6920B

---------------  S Y S T E M  ---------------

OS:
 Windows 10 , 64 bit Build 19041 (10.0.19041.5915)
OS uptime: 0 days 19:38 hours

CPU: total 8 (initial active 8) (4 cores per cpu, 2 threads per core) family 6 model 142 stepping 10 microcode 0xb4, cx8, cmov, fxsr, ht, mmx, 3dnowpref, sse, sse2, sse3, ssse3, sse4.1, sse4.2, popcnt, lzcnt, tsc, tscinvbit, avx, avx2, aes, erms, clmul, bmi1, bmi2, adx, fma, vzeroupper, clflush, clflushopt, rdtscp, f16c
Processor Information for the first 8 processors :
  Max Mhz: 1800, Current Mhz: 1600, Mhz Limit: 1584

Memory: 4k page, system-wide physical 8070M (2747M free)
TotalPageFile size 10118M (AvailPageFile size 4M)
current process WorkingSet (physical memory assigned to process): 99M, peak: 99M
current process commit charge ("private bytes"): 235M, peak: 236M

vm_info: OpenJDK 64-Bit Server VM (21.0.7+9-b895.130) for windows-amd64 JRE (21.0.7+9-b895.130), built on 2025-05-13 by "builduser" with MS VC++ 16.10 / 16.11 (VS2019)

END.
