#
# There is insufficient memory for the Java Runtime Environment to continue.
# Native memory allocation (mmap) failed to map 65536 bytes for Failed to commit metaspace.
# Possible reasons:
#   The system is out of physical RAM or swap space
#   The process is running with CompressedOops enabled, and the Java Heap may be blocking the growth of the native heap
# Possible solutions:
#   Reduce memory load on the system
#   Increase physical memory or swap space
#   Check if swap backing store is full
#   Decrease Java heap size (-Xmx/-Xms)
#   Decrease number of Java threads
#   Decrease Java thread stack sizes (-Xss)
#   Set larger code cache with -XX:ReservedCodeCacheSize=
#   JVM is running with Unscaled Compressed Oops mode in which the Java heap is
#     placed in the first 4GB address space. The Java Heap base address is the
#     maximum limit for the native heap growth. Please use -XX:HeapBaseMinAddress
#     to set the Java Heap base and to place the Java Heap above 4GB virtual address.
# This output file may be truncated or incomplete.
#
#  Out of Memory Error (virtualSpaceNode.cpp:112), pid=8688, tid=12956
#
# JRE version: Java(TM) SE Runtime Environment (21.0.5+9) (build 21.0.5+9-LTS-239)
# Java VM: Java HotSpot(TM) 64-Bit Server VM (21.0.5+9-LTS-239, mixed mode, emulated-client, sharing, tiered, compressed oops, compressed class ptrs, g1 gc, windows-amd64)
# No core dump will be written. Minidumps are not enabled by default on client versions of Windows
#

---------------  S U M M A R Y ------------

Command Line: -XX:TieredStopAtLevel=1 -Dspring.output.ansi.enabled=always -Dcom.sun.management.jmxremote -Dspring.jmx.enabled=true -Dspring.liveBeansView.mbeanDomain -Dspring.application.admin.enabled=true -Dmanagement.endpoints.jmx.exposure.include=* -javaagent:D:\Intellij\IntellijUltimate\IntelliJ IDEA 2025.1.3\lib\idea_rt.jar=54398 -Dfile.encoding=UTF-8 -Dsun.stdout.encoding=UTF-8 -Dsun.stderr.encoding=UTF-8 org.unibl.etf.huntech.HuntechApplication

Host: Intel(R) Core(TM) i5-8250U CPU @ 1.60GHz, 8 cores, 7G,  Windows 10 , 64 bit Build 19041 (10.0.19041.5915)
Time: Sat Aug 16 17:07:32 2025 Central European Daylight Time elapsed time: 0.866965 seconds (0d 0h 0m 0s)

---------------  T H R E A D  ---------------

Current thread (0x000002259cefae20):  JavaThread "main"             [_thread_in_vm, id=12956, stack(0x0000006ef4800000,0x0000006ef4900000) (1024K)]

Stack: [0x0000006ef4800000,0x0000006ef4900000]
Native frames: (J=compiled Java code, j=interpreted, Vv=VM code, C=native code)
V  [jvm.dll+0x6ca289]
V  [jvm.dll+0x854a51]
V  [jvm.dll+0x856f7e]
V  [jvm.dll+0x857653]
V  [jvm.dll+0x27dd26]
V  [jvm.dll+0x85066e]
V  [jvm.dll+0x66dfd5]
V  [jvm.dll+0x1e3efc]
V  [jvm.dll+0x1e3cce]
V  [jvm.dll+0x670903]
V  [jvm.dll+0x670722]
V  [jvm.dll+0x66e9ae]
V  [jvm.dll+0x27aba6]
V  [jvm.dll+0x71fbc5]
V  [jvm.dll+0x72070f]
V  [jvm.dll+0x3c1c48]
V  [jvm.dll+0x3c0d26]
V  [jvm.dll+0x3c0cc8]
V  [jvm.dll+0x5d4009]
V  [jvm.dll+0x5d2f74]
V  [jvm.dll+0x3d64a5]
V  [jvm.dll+0x3d5b1d]
C  0x00000225a7568435

The last pc belongs to invokestatic (printed below).
Java frames: (J=compiled Java code, j=interpreted, Vv=VM code)
j  org.springframework.boot.WebApplicationType.deduceFromClasspath()Lorg/springframework/boot/WebApplicationType;+3
j  org.springframework.boot.SpringApplication.<init>(Lorg/springframework/core/io/ResourceLoader;[Ljava/lang/Class;)V+81
j  org.springframework.boot.SpringApplication.<init>([Ljava/lang/Class;)V+3
j  org.springframework.boot.SpringApplication.run([Ljava/lang/Class;[Ljava/lang/String;)Lorg/springframework/context/ConfigurableApplicationContext;+5
j  org.springframework.boot.SpringApplication.run(Ljava/lang/Class;[Ljava/lang/String;)Lorg/springframework/context/ConfigurableApplicationContext;+9
j  org.unibl.etf.huntech.HuntechApplication.main([Ljava/lang/String;)V+3
v  ~StubRoutines::call_stub 0x00000225a755100d
invokestatic  184 invokestatic  [0x00000225a7568380, 0x00000225a75684e0]  352 bytes
[MachCode]
  0x00000225a7568380: 4883 ec08 | c5fa 1104 | 24eb 1f48 | 83ec 10c5 | fb11 0424 | eb14 4883 | ec10 4889 | 0424 48c7 
  0x00000225a75683a0: 4424 0800 | 0000 00eb | 0150 4c89 | 6dc0 410f | b755 0148 | 8b4d d0c1 | e202 8b5c | d138 c1eb 
  0x00000225a75683c0: 1081 e3ff | 0000 0081 | fbb8 0000 | 000f 84b4 | 0000 00bb | b800 0000 | e805 0000 | 00e9 9900 
  0x00000225a75683e0: 0000 488b | d348 8d44 | 2408 4c89 | 6dc0 498b | cfc5 f877 | 4989 afa8 | 0300 0049 | 8987 9803 
  0x00000225a7568400: 0000 4883 | ec20 40f6 | c40f 0f84 | 1900 0000 | 4883 ec08 | 48b8 b05a | 02b8 ff7f | 0000 ffd0 
  0x00000225a7568420: 4883 c408 | e90c 0000 | 0048 b8b0 | 5a02 b8ff | 7f00 00ff | d048 83c4 | 2049 c787 | 9803 0000 
  0x00000225a7568440: 0000 0000 | 49c7 87a8 | 0300 0000 | 0000 0049 | c787 a003 | 0000 0000 | 0000 c5f8 | 7749 837f 
  0x00000225a7568460: 0800 0f84 | 0500 0000 | e993 8afe | ff4c 8b6d | c04c 8b75 | c84e 8d74 | f500 c341 | 0fb7 5501 
  0x00000225a7568480: 488b 4dd0 | c1e2 0248 | 8b5c d140 | 488b 5b08 | 488b 5b08 | 488b 5b18 | 80bb 2101 | 0000 040f 
  0x00000225a75684a0: 840d 0000 | 004c 3bbb | 2801 0000 | 0f85 21ff | ffff 488b | 5cd1 408b | 54d1 50c1 | ea1c 49ba 
  0x00000225a75684c0: 20bb 89b8 | ff7f 0000 | 498b 14d2 | 524c 8d6c | 2408 4c89 | 6df0 ff63 | 500f 1f80 | 0000 0000 
[/MachCode]

---------------  P R O C E S S  ---------------

Threads class SMR info:
_java_thread_list=0x00000225f5627c10, length=15, elements={
0x000002259cefae20, 0x00000225af8d2a80, 0x00000225af8d3790, 0x00000225af8d44a0,
0x00000225af8d62e0, 0x00000225af8d6d30, 0x00000225af8d7780, 0x00000225af8ec9c0,
0x00000225af8a3530, 0x00000225afb6de60, 0x00000225f51dcee0, 0x00000225f51e59c0,
0x00000225f551bcd0, 0x00000225f551c940, 0x00000225f56cdfb0
}

Java Threads: ( => current thread )
=>0x000002259cefae20 JavaThread "main"                              [_thread_in_vm, id=12956, stack(0x0000006ef4800000,0x0000006ef4900000) (1024K)]
  0x00000225af8d2a80 JavaThread "Reference Handler"          daemon [_thread_blocked, id=9928, stack(0x0000006ef5000000,0x0000006ef5100000) (1024K)]
  0x00000225af8d3790 JavaThread "Finalizer"                  daemon [_thread_blocked, id=3436, stack(0x0000006ef5100000,0x0000006ef5200000) (1024K)]
  0x00000225af8d44a0 JavaThread "Signal Dispatcher"          daemon [_thread_blocked, id=9672, stack(0x0000006ef5200000,0x0000006ef5300000) (1024K)]
  0x00000225af8d62e0 JavaThread "Attach Listener"            daemon [_thread_blocked, id=10652, stack(0x0000006ef5300000,0x0000006ef5400000) (1024K)]
  0x00000225af8d6d30 JavaThread "Service Thread"             daemon [_thread_blocked, id=6532, stack(0x0000006ef5400000,0x0000006ef5500000) (1024K)]
  0x00000225af8d7780 JavaThread "Monitor Deflation Thread"   daemon [_thread_blocked, id=10484, stack(0x0000006ef5500000,0x0000006ef5600000) (1024K)]
  0x00000225af8ec9c0 JavaThread "C1 CompilerThread0"         daemon [_thread_blocked, id=10632, stack(0x0000006ef5600000,0x0000006ef5700000) (1024K)]
  0x00000225af8a3530 JavaThread "Common-Cleaner"             daemon [_thread_blocked, id=12660, stack(0x0000006ef5700000,0x0000006ef5800000) (1024K)]
  0x00000225afb6de60 JavaThread "C1 CompilerThread1"         daemon [_thread_blocked, id=11400, stack(0x0000006ef5800000,0x0000006ef5900000) (1024K)]
  0x00000225f51dcee0 JavaThread "C1 CompilerThread2"         daemon [_thread_blocked, id=13908, stack(0x0000006ef5900000,0x0000006ef5a00000) (1024K)]
  0x00000225f51e59c0 JavaThread "C1 CompilerThread3"         daemon [_thread_blocked, id=11760, stack(0x0000006ef5a00000,0x0000006ef5b00000) (1024K)]
  0x00000225f551bcd0 JavaThread "Monitor Ctrl-Break"         daemon [_thread_in_native, id=6708, stack(0x0000006ef5b00000,0x0000006ef5c00000) (1024K)]
  0x00000225f551c940 JavaThread "Notification Thread"        daemon [_thread_blocked, id=13184, stack(0x0000006ef5c00000,0x0000006ef5d00000) (1024K)]
  0x00000225f56cdfb0 JavaThread "RMI TCP Accept-0"           daemon [_thread_in_native, id=6988, stack(0x0000006ef5d00000,0x0000006ef5e00000) (1024K)]
Total: 15

Other Threads:
  0x00000225af8b2eb0 VMThread "VM Thread"                           [id=3300, stack(0x0000006ef4f00000,0x0000006ef5000000) (1024K)]
  0x00000225af8a23f0 WatcherThread "VM Periodic Task Thread"        [id=8500, stack(0x0000006ef4e00000,0x0000006ef4f00000) (1024K)]
  0x000002259f132e60 WorkerThread "GC Thread#0"                     [id=12876, stack(0x0000006ef4900000,0x0000006ef4a00000) (1024K)]
  0x00000225f5751450 WorkerThread "GC Thread#1"                     [id=9376, stack(0x0000006ef5e00000,0x0000006ef5f00000) (1024K)]
  0x00000225f57517f0 WorkerThread "GC Thread#2"                     [id=9560, stack(0x0000006ef5f00000,0x0000006ef6000000) (1024K)]
  0x00000225f578be30 WorkerThread "GC Thread#3"                     [id=1260, stack(0x0000006ef6000000,0x0000006ef6100000) (1024K)]
  0x00000225f578c5e0 WorkerThread "GC Thread#4"                     [id=12648, stack(0x0000006ef6100000,0x0000006ef6200000) (1024K)]
  0x00000225f578c980 WorkerThread "GC Thread#5"                     [id=14092, stack(0x0000006ef6200000,0x0000006ef6300000) (1024K)]
  0x00000225f578d130 WorkerThread "GC Thread#6"                     [id=6376, stack(0x0000006ef6300000,0x0000006ef6400000) (1024K)]
  0x00000225f57914e0 WorkerThread "GC Thread#7"                     [id=11036, stack(0x0000006ef6400000,0x0000006ef6500000) (1024K)]
  0x000002259f143ac0 ConcurrentGCThread "G1 Main Marker"            [id=8364, stack(0x0000006ef4a00000,0x0000006ef4b00000) (1024K)]
  0x000002259f144b70 WorkerThread "G1 Conc#0"                       [id=14492, stack(0x0000006ef4b00000,0x0000006ef4c00000) (1024K)]
  0x000002259f18e630 ConcurrentGCThread "G1 Refine#0"               [id=7172, stack(0x0000006ef4c00000,0x0000006ef4d00000) (1024K)]
  0x00000225af761570 ConcurrentGCThread "G1 Service"                [id=11628, stack(0x0000006ef4d00000,0x0000006ef4e00000) (1024K)]
Total: 14

Threads with active compile tasks:
Total: 0

VM state: not at safepoint (normal execution)

VM Mutex/Monitor currently owned by a thread:  ([mutex/lock_event])
[0x00007fffb8889e18] Metaspace_lock - owner thread: 0x000002259cefae20

Heap address: 0x0000000081e00000, size: 2018 MB, Compressed Oops mode: 32-bit

CDS archive(s) mapped at: [0x00000225b0000000-0x00000225b0c90000-0x00000225b0c90000), size 13172736, SharedBaseAddress: 0x00000225b0000000, ArchiveRelocationMode: 1.
Compressed class space mapped at: 0x00000225b1000000-0x00000225f1000000, reserved size: 1073741824
Narrow klass base: 0x00000225b0000000, Narrow klass shift: 0, Narrow klass range: 0x100000000

GC Precious Log:
 CardTable entry size: 512
 Card Set container configuration: InlinePtr #cards 5 size 8 Array Of Cards #cards 12 size 40 Howl #buckets 4 coarsen threshold 1843 Howl Bitmap #cards 512 size 80 coarsen threshold 460 Card regions per heap region 1 cards per card region 2048
 CPUs: 8 total, 8 available
 Memory: 8070M
 Large Page Support: Disabled
 NUMA Support: Disabled
 Compressed Oops: Enabled (32-bit)
 Heap Region Size: 1M
 Heap Min Capacity: 8M
 Heap Initial Capacity: 128M
 Heap Max Capacity: 2018M
 Pre-touch: Disabled
 Parallel Workers: 8
 Concurrent Workers: 2
 Concurrent Refinement Workers: 8
 Periodic GC: Disabled

Heap:
 garbage-first heap   total 131072K, used 14250K [0x0000000081e00000, 0x0000000100000000)
  region size 1024K, 6 young (6144K), 3 survivors (3072K)
 Metaspace       used 6422K, committed 6656K, reserved 1114112K
  class space    used 745K, committed 896K, reserved 1048576K

Heap Regions: E=young(eden), S=young(survivor), O=old, HS=humongous(starts), HC=humongous(continues), CS=collection set, F=free, TAMS=top-at-mark-start, PB=parsable bottom
|   0|0x0000000081e00000, 0x0000000081f00000, 0x0000000081f00000|100%|HS|  |TAMS 0x0000000081e00000| PB 0x0000000081e00000| Complete 
|   1|0x0000000081f00000, 0x0000000082000000, 0x0000000082000000|100%|HS|  |TAMS 0x0000000081f00000| PB 0x0000000081f00000| Complete 
|   2|0x0000000082000000, 0x0000000082100000, 0x0000000082100000|100%| O|  |TAMS 0x0000000082000000| PB 0x0000000082000000| Untracked 
|   3|0x0000000082100000, 0x0000000082200000, 0x0000000082200000|100%| O|  |TAMS 0x0000000082100000| PB 0x0000000082100000| Untracked 
|   4|0x0000000082200000, 0x0000000082300000, 0x0000000082300000|100%| O|  |TAMS 0x0000000082200000| PB 0x0000000082200000| Untracked 
|   5|0x0000000082300000, 0x0000000082400000, 0x0000000082400000|100%| O|  |TAMS 0x0000000082300000| PB 0x0000000082300000| Untracked 
|   6|0x0000000082400000, 0x0000000082500000, 0x0000000082500000|100%| O|  |TAMS 0x0000000082400000| PB 0x0000000082400000| Untracked 
|   7|0x0000000082500000, 0x0000000082600000, 0x0000000082600000|100%| O|  |TAMS 0x0000000082500000| PB 0x0000000082500000| Untracked 
|   8|0x0000000082600000, 0x00000000826ea9c0, 0x0000000082700000| 91%| O|  |TAMS 0x0000000082600000| PB 0x0000000082600000| Untracked 
|   9|0x0000000082700000, 0x0000000082700000, 0x0000000082800000|  0%| F|  |TAMS 0x0000000082700000| PB 0x0000000082700000| Untracked 
|  10|0x0000000082800000, 0x0000000082800000, 0x0000000082900000|  0%| F|  |TAMS 0x0000000082800000| PB 0x0000000082800000| Untracked 
|  11|0x0000000082900000, 0x0000000082900000, 0x0000000082a00000|  0%| F|  |TAMS 0x0000000082900000| PB 0x0000000082900000| Untracked 
|  12|0x0000000082a00000, 0x0000000082a00000, 0x0000000082b00000|  0%| F|  |TAMS 0x0000000082a00000| PB 0x0000000082a00000| Untracked 
|  13|0x0000000082b00000, 0x0000000082b00000, 0x0000000082c00000|  0%| F|  |TAMS 0x0000000082b00000| PB 0x0000000082b00000| Untracked 
|  14|0x0000000082c00000, 0x0000000082c00000, 0x0000000082d00000|  0%| F|  |TAMS 0x0000000082c00000| PB 0x0000000082c00000| Untracked 
|  15|0x0000000082d00000, 0x0000000082d00000, 0x0000000082e00000|  0%| F|  |TAMS 0x0000000082d00000| PB 0x0000000082d00000| Untracked 
|  16|0x0000000082e00000, 0x0000000082e00000, 0x0000000082f00000|  0%| F|  |TAMS 0x0000000082e00000| PB 0x0000000082e00000| Untracked 
|  17|0x0000000082f00000, 0x0000000082f00000, 0x0000000083000000|  0%| F|  |TAMS 0x0000000082f00000| PB 0x0000000082f00000| Untracked 
|  18|0x0000000083000000, 0x0000000083000000, 0x0000000083100000|  0%| F|  |TAMS 0x0000000083000000| PB 0x0000000083000000| Untracked 
|  19|0x0000000083100000, 0x0000000083100000, 0x0000000083200000|  0%| F|  |TAMS 0x0000000083100000| PB 0x0000000083100000| Untracked 
|  20|0x0000000083200000, 0x0000000083200000, 0x0000000083300000|  0%| F|  |TAMS 0x0000000083200000| PB 0x0000000083200000| Untracked 
|  21|0x0000000083300000, 0x0000000083300000, 0x0000000083400000|  0%| F|  |TAMS 0x0000000083300000| PB 0x0000000083300000| Untracked 
|  22|0x0000000083400000, 0x0000000083400000, 0x0000000083500000|  0%| F|  |TAMS 0x0000000083400000| PB 0x0000000083400000| Untracked 
|  23|0x0000000083500000, 0x0000000083500000, 0x0000000083600000|  0%| F|  |TAMS 0x0000000083500000| PB 0x0000000083500000| Untracked 
|  24|0x0000000083600000, 0x0000000083600000, 0x0000000083700000|  0%| F|  |TAMS 0x0000000083600000| PB 0x0000000083600000| Untracked 
|  25|0x0000000083700000, 0x0000000083700000, 0x0000000083800000|  0%| F|  |TAMS 0x0000000083700000| PB 0x0000000083700000| Untracked 
|  26|0x0000000083800000, 0x0000000083800000, 0x0000000083900000|  0%| F|  |TAMS 0x0000000083800000| PB 0x0000000083800000| Untracked 
|  27|0x0000000083900000, 0x0000000083900000, 0x0000000083a00000|  0%| F|  |TAMS 0x0000000083900000| PB 0x0000000083900000| Untracked 
|  28|0x0000000083a00000, 0x0000000083a00000, 0x0000000083b00000|  0%| F|  |TAMS 0x0000000083a00000| PB 0x0000000083a00000| Untracked 
|  29|0x0000000083b00000, 0x0000000083b00000, 0x0000000083c00000|  0%| F|  |TAMS 0x0000000083b00000| PB 0x0000000083b00000| Untracked 
|  30|0x0000000083c00000, 0x0000000083c00000, 0x0000000083d00000|  0%| F|  |TAMS 0x0000000083c00000| PB 0x0000000083c00000| Untracked 
|  31|0x0000000083d00000, 0x0000000083d00000, 0x0000000083e00000|  0%| F|  |TAMS 0x0000000083d00000| PB 0x0000000083d00000| Untracked 
|  32|0x0000000083e00000, 0x0000000083e00000, 0x0000000083f00000|  0%| F|  |TAMS 0x0000000083e00000| PB 0x0000000083e00000| Untracked 
|  33|0x0000000083f00000, 0x0000000083f00000, 0x0000000084000000|  0%| F|  |TAMS 0x0000000083f00000| PB 0x0000000083f00000| Untracked 
|  34|0x0000000084000000, 0x0000000084000000, 0x0000000084100000|  0%| F|  |TAMS 0x0000000084000000| PB 0x0000000084000000| Untracked 
|  35|0x0000000084100000, 0x0000000084100000, 0x0000000084200000|  0%| F|  |TAMS 0x0000000084100000| PB 0x0000000084100000| Untracked 
|  36|0x0000000084200000, 0x0000000084200000, 0x0000000084300000|  0%| F|  |TAMS 0x0000000084200000| PB 0x0000000084200000| Untracked 
|  37|0x0000000084300000, 0x0000000084300000, 0x0000000084400000|  0%| F|  |TAMS 0x0000000084300000| PB 0x0000000084300000| Untracked 
|  38|0x0000000084400000, 0x0000000084400000, 0x0000000084500000|  0%| F|  |TAMS 0x0000000084400000| PB 0x0000000084400000| Untracked 
|  39|0x0000000084500000, 0x0000000084500000, 0x0000000084600000|  0%| F|  |TAMS 0x0000000084500000| PB 0x0000000084500000| Untracked 
|  40|0x0000000084600000, 0x0000000084600000, 0x0000000084700000|  0%| F|  |TAMS 0x0000000084600000| PB 0x0000000084600000| Untracked 
|  41|0x0000000084700000, 0x0000000084700000, 0x0000000084800000|  0%| F|  |TAMS 0x0000000084700000| PB 0x0000000084700000| Untracked 
|  42|0x0000000084800000, 0x0000000084800000, 0x0000000084900000|  0%| F|  |TAMS 0x0000000084800000| PB 0x0000000084800000| Untracked 
|  43|0x0000000084900000, 0x0000000084900000, 0x0000000084a00000|  0%| F|  |TAMS 0x0000000084900000| PB 0x0000000084900000| Untracked 
|  44|0x0000000084a00000, 0x0000000084a00000, 0x0000000084b00000|  0%| F|  |TAMS 0x0000000084a00000| PB 0x0000000084a00000| Untracked 
|  45|0x0000000084b00000, 0x0000000084b00000, 0x0000000084c00000|  0%| F|  |TAMS 0x0000000084b00000| PB 0x0000000084b00000| Untracked 
|  46|0x0000000084c00000, 0x0000000084c00000, 0x0000000084d00000|  0%| F|  |TAMS 0x0000000084c00000| PB 0x0000000084c00000| Untracked 
|  47|0x0000000084d00000, 0x0000000084d00000, 0x0000000084e00000|  0%| F|  |TAMS 0x0000000084d00000| PB 0x0000000084d00000| Untracked 
|  48|0x0000000084e00000, 0x0000000084e00000, 0x0000000084f00000|  0%| F|  |TAMS 0x0000000084e00000| PB 0x0000000084e00000| Untracked 
|  49|0x0000000084f00000, 0x0000000084f00000, 0x0000000085000000|  0%| F|  |TAMS 0x0000000084f00000| PB 0x0000000084f00000| Untracked 
|  50|0x0000000085000000, 0x0000000085000000, 0x0000000085100000|  0%| F|  |TAMS 0x0000000085000000| PB 0x0000000085000000| Untracked 
|  51|0x0000000085100000, 0x0000000085100000, 0x0000000085200000|  0%| F|  |TAMS 0x0000000085100000| PB 0x0000000085100000| Untracked 
|  52|0x0000000085200000, 0x0000000085200000, 0x0000000085300000|  0%| F|  |TAMS 0x0000000085200000| PB 0x0000000085200000| Untracked 
|  53|0x0000000085300000, 0x0000000085300000, 0x0000000085400000|  0%| F|  |TAMS 0x0000000085300000| PB 0x0000000085300000| Untracked 
|  54|0x0000000085400000, 0x0000000085400000, 0x0000000085500000|  0%| F|  |TAMS 0x0000000085400000| PB 0x0000000085400000| Untracked 
|  55|0x0000000085500000, 0x0000000085500000, 0x0000000085600000|  0%| F|  |TAMS 0x0000000085500000| PB 0x0000000085500000| Untracked 
|  56|0x0000000085600000, 0x0000000085600000, 0x0000000085700000|  0%| F|  |TAMS 0x0000000085600000| PB 0x0000000085600000| Untracked 
|  57|0x0000000085700000, 0x0000000085700000, 0x0000000085800000|  0%| F|  |TAMS 0x0000000085700000| PB 0x0000000085700000| Untracked 
|  58|0x0000000085800000, 0x0000000085800000, 0x0000000085900000|  0%| F|  |TAMS 0x0000000085800000| PB 0x0000000085800000| Untracked 
|  59|0x0000000085900000, 0x0000000085900000, 0x0000000085a00000|  0%| F|  |TAMS 0x0000000085900000| PB 0x0000000085900000| Untracked 
|  60|0x0000000085a00000, 0x0000000085a00000, 0x0000000085b00000|  0%| F|  |TAMS 0x0000000085a00000| PB 0x0000000085a00000| Untracked 
|  61|0x0000000085b00000, 0x0000000085b00000, 0x0000000085c00000|  0%| F|  |TAMS 0x0000000085b00000| PB 0x0000000085b00000| Untracked 
|  62|0x0000000085c00000, 0x0000000085c00000, 0x0000000085d00000|  0%| F|  |TAMS 0x0000000085c00000| PB 0x0000000085c00000| Untracked 
|  63|0x0000000085d00000, 0x0000000085d00000, 0x0000000085e00000|  0%| F|  |TAMS 0x0000000085d00000| PB 0x0000000085d00000| Untracked 
|  64|0x0000000085e00000, 0x0000000085e00000, 0x0000000085f00000|  0%| F|  |TAMS 0x0000000085e00000| PB 0x0000000085e00000| Untracked 
|  65|0x0000000085f00000, 0x0000000085f00000, 0x0000000086000000|  0%| F|  |TAMS 0x0000000085f00000| PB 0x0000000085f00000| Untracked 
|  66|0x0000000086000000, 0x0000000086000000, 0x0000000086100000|  0%| F|  |TAMS 0x0000000086000000| PB 0x0000000086000000| Untracked 
|  67|0x0000000086100000, 0x0000000086100000, 0x0000000086200000|  0%| F|  |TAMS 0x0000000086100000| PB 0x0000000086100000| Untracked 
|  68|0x0000000086200000, 0x0000000086200000, 0x0000000086300000|  0%| F|  |TAMS 0x0000000086200000| PB 0x0000000086200000| Untracked 
|  69|0x0000000086300000, 0x0000000086300000, 0x0000000086400000|  0%| F|  |TAMS 0x0000000086300000| PB 0x0000000086300000| Untracked 
|  70|0x0000000086400000, 0x0000000086400000, 0x0000000086500000|  0%| F|  |TAMS 0x0000000086400000| PB 0x0000000086400000| Untracked 
|  71|0x0000000086500000, 0x0000000086500000, 0x0000000086600000|  0%| F|  |TAMS 0x0000000086500000| PB 0x0000000086500000| Untracked 
|  72|0x0000000086600000, 0x0000000086600000, 0x0000000086700000|  0%| F|  |TAMS 0x0000000086600000| PB 0x0000000086600000| Untracked 
|  73|0x0000000086700000, 0x0000000086700000, 0x0000000086800000|  0%| F|  |TAMS 0x0000000086700000| PB 0x0000000086700000| Untracked 
|  74|0x0000000086800000, 0x0000000086800000, 0x0000000086900000|  0%| F|  |TAMS 0x0000000086800000| PB 0x0000000086800000| Untracked 
|  75|0x0000000086900000, 0x0000000086900000, 0x0000000086a00000|  0%| F|  |TAMS 0x0000000086900000| PB 0x0000000086900000| Untracked 
|  76|0x0000000086a00000, 0x0000000086a00000, 0x0000000086b00000|  0%| F|  |TAMS 0x0000000086a00000| PB 0x0000000086a00000| Untracked 
|  77|0x0000000086b00000, 0x0000000086b00000, 0x0000000086c00000|  0%| F|  |TAMS 0x0000000086b00000| PB 0x0000000086b00000| Untracked 
|  78|0x0000000086c00000, 0x0000000086c00000, 0x0000000086d00000|  0%| F|  |TAMS 0x0000000086c00000| PB 0x0000000086c00000| Untracked 
|  79|0x0000000086d00000, 0x0000000086d00000, 0x0000000086e00000|  0%| F|  |TAMS 0x0000000086d00000| PB 0x0000000086d00000| Untracked 
|  80|0x0000000086e00000, 0x0000000086e00000, 0x0000000086f00000|  0%| F|  |TAMS 0x0000000086e00000| PB 0x0000000086e00000| Untracked 
|  81|0x0000000086f00000, 0x0000000086f00000, 0x0000000087000000|  0%| F|  |TAMS 0x0000000086f00000| PB 0x0000000086f00000| Untracked 
|  82|0x0000000087000000, 0x0000000087000000, 0x0000000087100000|  0%| F|  |TAMS 0x0000000087000000| PB 0x0000000087000000| Untracked 
|  83|0x0000000087100000, 0x0000000087100000, 0x0000000087200000|  0%| F|  |TAMS 0x0000000087100000| PB 0x0000000087100000| Untracked 
|  84|0x0000000087200000, 0x0000000087200000, 0x0000000087300000|  0%| F|  |TAMS 0x0000000087200000| PB 0x0000000087200000| Untracked 
|  85|0x0000000087300000, 0x0000000087300000, 0x0000000087400000|  0%| F|  |TAMS 0x0000000087300000| PB 0x0000000087300000| Untracked 
|  86|0x0000000087400000, 0x0000000087400000, 0x0000000087500000|  0%| F|  |TAMS 0x0000000087400000| PB 0x0000000087400000| Untracked 
|  87|0x0000000087500000, 0x0000000087500000, 0x0000000087600000|  0%| F|  |TAMS 0x0000000087500000| PB 0x0000000087500000| Untracked 
|  88|0x0000000087600000, 0x0000000087600000, 0x0000000087700000|  0%| F|  |TAMS 0x0000000087600000| PB 0x0000000087600000| Untracked 
|  89|0x0000000087700000, 0x0000000087700000, 0x0000000087800000|  0%| F|  |TAMS 0x0000000087700000| PB 0x0000000087700000| Untracked 
|  90|0x0000000087800000, 0x0000000087800000, 0x0000000087900000|  0%| F|  |TAMS 0x0000000087800000| PB 0x0000000087800000| Untracked 
|  91|0x0000000087900000, 0x0000000087900000, 0x0000000087a00000|  0%| F|  |TAMS 0x0000000087900000| PB 0x0000000087900000| Untracked 
|  92|0x0000000087a00000, 0x0000000087a00000, 0x0000000087b00000|  0%| F|  |TAMS 0x0000000087a00000| PB 0x0000000087a00000| Untracked 
|  93|0x0000000087b00000, 0x0000000087b00000, 0x0000000087c00000|  0%| F|  |TAMS 0x0000000087b00000| PB 0x0000000087b00000| Untracked 
|  94|0x0000000087c00000, 0x0000000087c00000, 0x0000000087d00000|  0%| F|  |TAMS 0x0000000087c00000| PB 0x0000000087c00000| Untracked 
|  95|0x0000000087d00000, 0x0000000087d00000, 0x0000000087e00000|  0%| F|  |TAMS 0x0000000087d00000| PB 0x0000000087d00000| Untracked 
|  96|0x0000000087e00000, 0x0000000087e00000, 0x0000000087f00000|  0%| F|  |TAMS 0x0000000087e00000| PB 0x0000000087e00000| Untracked 
|  97|0x0000000087f00000, 0x0000000087f00000, 0x0000000088000000|  0%| F|  |TAMS 0x0000000087f00000| PB 0x0000000087f00000| Untracked 
|  98|0x0000000088000000, 0x0000000088000000, 0x0000000088100000|  0%| F|  |TAMS 0x0000000088000000| PB 0x0000000088000000| Untracked 
|  99|0x0000000088100000, 0x0000000088100000, 0x0000000088200000|  0%| F|  |TAMS 0x0000000088100000| PB 0x0000000088100000| Untracked 
| 100|0x0000000088200000, 0x0000000088200000, 0x0000000088300000|  0%| F|  |TAMS 0x0000000088200000| PB 0x0000000088200000| Untracked 
| 101|0x0000000088300000, 0x0000000088300000, 0x0000000088400000|  0%| F|  |TAMS 0x0000000088300000| PB 0x0000000088300000| Untracked 
| 102|0x0000000088400000, 0x0000000088500000, 0x0000000088500000|100%| S|CS|TAMS 0x0000000088400000| PB 0x0000000088400000| Complete 
| 103|0x0000000088500000, 0x0000000088600000, 0x0000000088600000|100%| S|CS|TAMS 0x0000000088500000| PB 0x0000000088500000| Complete 
| 104|0x0000000088600000, 0x0000000088700000, 0x0000000088700000|100%| S|CS|TAMS 0x0000000088600000| PB 0x0000000088600000| Complete 
| 105|0x0000000088700000, 0x0000000088700000, 0x0000000088800000|  0%| F|  |TAMS 0x0000000088700000| PB 0x0000000088700000| Untracked 
| 106|0x0000000088800000, 0x0000000088800000, 0x0000000088900000|  0%| F|  |TAMS 0x0000000088800000| PB 0x0000000088800000| Untracked 
| 107|0x0000000088900000, 0x0000000088900000, 0x0000000088a00000|  0%| F|  |TAMS 0x0000000088900000| PB 0x0000000088900000| Untracked 
| 108|0x0000000088a00000, 0x0000000088a00000, 0x0000000088b00000|  0%| F|  |TAMS 0x0000000088a00000| PB 0x0000000088a00000| Untracked 
| 109|0x0000000088b00000, 0x0000000088b00000, 0x0000000088c00000|  0%| F|  |TAMS 0x0000000088b00000| PB 0x0000000088b00000| Untracked 
| 110|0x0000000088c00000, 0x0000000088c00000, 0x0000000088d00000|  0%| F|  |TAMS 0x0000000088c00000| PB 0x0000000088c00000| Untracked 
| 111|0x0000000088d00000, 0x0000000088d00000, 0x0000000088e00000|  0%| F|  |TAMS 0x0000000088d00000| PB 0x0000000088d00000| Untracked 
| 112|0x0000000088e00000, 0x0000000088e00000, 0x0000000088f00000|  0%| F|  |TAMS 0x0000000088e00000| PB 0x0000000088e00000| Untracked 
| 113|0x0000000088f00000, 0x0000000088f00000, 0x0000000089000000|  0%| F|  |TAMS 0x0000000088f00000| PB 0x0000000088f00000| Untracked 
| 114|0x0000000089000000, 0x0000000089000000, 0x0000000089100000|  0%| F|  |TAMS 0x0000000089000000| PB 0x0000000089000000| Untracked 
| 115|0x0000000089100000, 0x0000000089100000, 0x0000000089200000|  0%| F|  |TAMS 0x0000000089100000| PB 0x0000000089100000| Untracked 
| 116|0x0000000089200000, 0x0000000089200000, 0x0000000089300000|  0%| F|  |TAMS 0x0000000089200000| PB 0x0000000089200000| Untracked 
| 117|0x0000000089300000, 0x0000000089300000, 0x0000000089400000|  0%| F|  |TAMS 0x0000000089300000| PB 0x0000000089300000| Untracked 
| 118|0x0000000089400000, 0x0000000089400000, 0x0000000089500000|  0%| F|  |TAMS 0x0000000089400000| PB 0x0000000089400000| Untracked 
| 119|0x0000000089500000, 0x0000000089500000, 0x0000000089600000|  0%| F|  |TAMS 0x0000000089500000| PB 0x0000000089500000| Untracked 
| 120|0x0000000089600000, 0x0000000089600000, 0x0000000089700000|  0%| F|  |TAMS 0x0000000089600000| PB 0x0000000089600000| Untracked 
| 121|0x0000000089700000, 0x0000000089700000, 0x0000000089800000|  0%| F|  |TAMS 0x0000000089700000| PB 0x0000000089700000| Untracked 
| 122|0x0000000089800000, 0x0000000089800000, 0x0000000089900000|  0%| F|  |TAMS 0x0000000089800000| PB 0x0000000089800000| Untracked 
| 123|0x0000000089900000, 0x0000000089900000, 0x0000000089a00000|  0%| F|  |TAMS 0x0000000089900000| PB 0x0000000089900000| Untracked 
| 124|0x0000000089a00000, 0x0000000089a00000, 0x0000000089b00000|  0%| F|  |TAMS 0x0000000089a00000| PB 0x0000000089a00000| Untracked 
| 125|0x0000000089b00000, 0x0000000089b67e80, 0x0000000089c00000| 40%| E|  |TAMS 0x0000000089b00000| PB 0x0000000089b00000| Complete 
| 126|0x0000000089c00000, 0x0000000089d00000, 0x0000000089d00000|100%| E|CS|TAMS 0x0000000089c00000| PB 0x0000000089c00000| Complete 
| 127|0x0000000089d00000, 0x0000000089e00000, 0x0000000089e00000|100%| E|CS|TAMS 0x0000000089d00000| PB 0x0000000089d00000| Complete 

Card table byte_map: [0x00000225aaa60000,0x00000225aae60000] _byte_map_base: 0x00000225aa651000

Marking Bits: (CMBitMap*) 0x000002259f133370
 Bits: [0x00000225aae60000, 0x00000225acde8000)

Polling page: 0x000002259e890000

Metaspace:

Usage:
  Non-class:      5.54 MB used.
      Class:    745.88 KB used.
       Both:      6.27 MB used.

Virtual space:
  Non-class space:       64.00 MB reserved,       5.62 MB (  9%) committed,  1 nodes.
      Class space:        1.00 GB reserved,     896.00 KB ( <1%) committed,  1 nodes.
             Both:        1.06 GB reserved,       6.50 MB ( <1%) committed. 

Chunk freelists:
   Non-Class:  9.98 MB
       Class:  15.11 MB
        Both:  25.09 MB

MaxMetaspaceSize: unlimited
CompressedClassSpaceSize: 1.00 GB
Initial GC threshold: 21.00 MB
Current GC threshold: 21.00 MB
CDS: on
 - commit_granule_bytes: 65536.
 - commit_granule_words: 8192.
 - virtual_space_node_default_size: 8388608.
 - enlarge_chunks_in_place: 1.
 - use_allocation_guard: 0.


Internal statistics:

num_allocs_failed_limit: 0.
num_arena_births: 170.
num_arena_deaths: 0.
num_vsnodes_births: 2.
num_vsnodes_deaths: 0.
num_space_committed: 104.
num_space_uncommitted: 0.
num_chunks_returned_to_freelist: 0.
num_chunks_taken_from_freelist: 226.
num_chunk_merges: 0.
num_chunk_splits: 160.
num_chunks_enlarged: 104.
num_inconsistent_stats: 0.

CodeCache: size=49152Kb used=4946Kb max_used=4946Kb free=44205Kb
 bounds [0x00000225a7550000, 0x00000225a7a30000, 0x00000225aa550000]
 total_blobs=1887 nmethods=1407 adapters=402
 compilation: enabled
              stopped_count=0, restarted_count=0
 full_count=0

Compilation events (20 events):
Event: 0.849 Thread 0x00000225f51dcee0 1398       1       java.util.regex.Pattern::isSupplementary (21 bytes)
Event: 0.849 Thread 0x00000225afb6de60 1399       1       java.lang.Character::isSurrogate (18 bytes)
Event: 0.850 Thread 0x00000225f51e59c0 1400       1       java.util.regex.Pattern::peek (26 bytes)
Event: 0.850 Thread 0x00000225afb6de60 nmethod 1399 0x00000225a7a21890 code [0x00000225a7a21a20, 0x00000225a7a21af0]
Event: 0.850 Thread 0x00000225f51dcee0 nmethod 1398 0x00000225a7a21b90 code [0x00000225a7a21d20, 0x00000225a7a21e20]
Event: 0.850 Thread 0x00000225f51e59c0 nmethod 1400 0x00000225a7a21e90 code [0x00000225a7a22040, 0x00000225a7a22178]
Event: 0.858 Thread 0x00000225afb6de60 1402       1       java.lang.ClassLoader::findBootstrapClassOrNull (14 bytes)
Event: 0.858 Thread 0x00000225f51e59c0 1401       1       java.lang.System$2::findBootstrapClassOrNull (5 bytes)
Event: 0.858 Thread 0x00000225afb6de60 nmethod 1402 0x00000225a7a23110 code [0x00000225a7a232c0, 0x00000225a7a233e8]
Event: 0.858 Thread 0x00000225f51e59c0 nmethod 1401 0x00000225a7a23490 code [0x00000225a7a23640, 0x00000225a7a23770]
Event: 0.862 Thread 0x00000225f51e59c0 1403       1       java.lang.ClassLoader::loadClass (7 bytes)
Event: 0.862 Thread 0x00000225afb6de60 1404       1       jdk.internal.loader.BuiltinClassLoader::loadClass (22 bytes)
Event: 0.863 Thread 0x00000225af8ec9c0 1405       1       jdk.internal.loader.ClassLoaders$BootClassLoader::loadClassOrNull (10 bytes)
Event: 0.863 Thread 0x00000225f51e59c0 nmethod 1403 0x00000225a7a23810 code [0x00000225a7a239a0, 0x00000225a7a23a98]
Event: 0.863 Thread 0x00000225afb6de60 nmethod 1404 0x00000225a7a23b10 code [0x00000225a7a23cc0, 0x00000225a7a23e60]
Event: 0.863 Thread 0x00000225af8ec9c0 nmethod 1405 0x00000225a7a23f10 code [0x00000225a7a240c0, 0x00000225a7a241f0]
Event: 0.863 Thread 0x00000225afb6de60 1406       1       sun.net.www.protocol.jar.Handler::checkNestedProtocol (18 bytes)
Event: 0.863 Thread 0x00000225afb6de60 nmethod 1406 0x00000225a7a24290 code [0x00000225a7a24440, 0x00000225a7a24590]
Event: 0.866 Thread 0x00000225afb6de60 1407       1       jdk.internal.loader.ClassLoaders$AppClassLoader::loadClass (40 bytes)
Event: 0.866 Thread 0x00000225afb6de60 nmethod 1407 0x00000225a7a24610 code [0x00000225a7a247c0, 0x00000225a7a24950]

GC Heap History (2 events):
Event: 0.819 GC heap before
{Heap before GC invocations=0 (full 0):
 garbage-first heap   total 131072K, used 24576K [0x0000000081e00000, 0x0000000100000000)
  region size 1024K, 23 young (23552K), 0 survivors (0K)
 Metaspace       used 6039K, committed 6336K, reserved 1114112K
  class space    used 683K, committed 832K, reserved 1048576K
}
Event: 0.830 GC heap after
{Heap after GC invocations=1 (full 0):
 garbage-first heap   total 131072K, used 12202K [0x0000000081e00000, 0x0000000100000000)
  region size 1024K, 3 young (3072K), 3 survivors (3072K)
 Metaspace       used 6039K, committed 6336K, reserved 1114112K
  class space    used 683K, committed 832K, reserved 1048576K
}

Dll operation events (10 events):
Event: 0.011 Loaded shared library C:\Program Files\Java\jdk-21\bin\java.dll
Event: 0.231 Loaded shared library C:\Program Files\Java\jdk-21\bin\zip.dll
Event: 0.235 Loaded shared library C:\Program Files\Java\jdk-21\bin\instrument.dll
Event: 0.239 Loaded shared library C:\Program Files\Java\jdk-21\bin\net.dll
Event: 0.242 Loaded shared library C:\Program Files\Java\jdk-21\bin\nio.dll
Event: 0.244 Loaded shared library C:\Program Files\Java\jdk-21\bin\zip.dll
Event: 0.349 Loaded shared library C:\Program Files\Java\jdk-21\bin\jimage.dll
Event: 0.412 Loaded shared library C:\Program Files\Java\jdk-21\bin\extnet.dll
Event: 0.421 Loaded shared library C:\Program Files\Java\jdk-21\bin\management.dll
Event: 0.438 Loaded shared library C:\Program Files\Java\jdk-21\bin\management_ext.dll

Deoptimization events (0 events):
No events

Classes loaded (20 events):
Event: 0.796 Loading class sun/net/www/MessageHeader
Event: 0.796 Loading class sun/net/www/MessageHeader done
Event: 0.796 Loading class sun/net/www/protocol/jar/URLJarFile
Event: 0.796 Loading class sun/net/www/protocol/jar/URLJarFile done
Event: 0.796 Loading class sun/net/www/protocol/jar/URLJarFile$URLJarFileEntry
Event: 0.796 Loading class sun/net/www/protocol/jar/URLJarFile$URLJarFileEntry done
Event: 0.796 Loading class sun/net/www/protocol/jar/JarURLConnection$JarURLInputStream
Event: 0.797 Loading class sun/net/www/protocol/jar/JarURLConnection$JarURLInputStream done
Event: 0.804 Loading class java/lang/IndexOutOfBoundsException
Event: 0.804 Loading class java/lang/IndexOutOfBoundsException done
Event: 0.839 Loading class java/net/MalformedURLException
Event: 0.839 Loading class java/net/MalformedURLException done
Event: 0.851 Loading class java/util/concurrent/atomic/AtomicReference
Event: 0.851 Loading class java/util/concurrent/atomic/AtomicReference done
Event: 0.854 Loading class java/lang/NumberFormatException
Event: 0.854 Loading class java/lang/NumberFormatException done
Event: 0.859 Loading class java/util/concurrent/TimeoutException
Event: 0.859 Loading class java/util/concurrent/TimeoutException done
Event: 0.866 Loading class java/lang/IllegalAccessError
Event: 0.866 Loading class java/lang/IllegalAccessError done

Classes unloaded (0 events):
No events

Classes redefined (0 events):
No events

Internal exceptions (17 events):
Event: 0.392 Thread 0x000002259cefae20 Exception <a 'java/lang/NoSuchMethodError'{0x000000008900b518}: 'void java.lang.invoke.DirectMethodHandle$Holder.invokeStatic(java.lang.Object, java.lang.Object, java.lang.Object)'> (0x000000008900b518) 
thrown [s\open\src\hotspot\share\interpreter\linkResolver.cpp, line 773]
Event: 0.397 Thread 0x000002259cefae20 Exception <a 'java/lang/NoSuchMethodError'{0x0000000089022aa0}: 'java.lang.Object java.lang.invoke.Invokers$Holder.invokeExact_MT(java.lang.Object, java.lang.Object, java.lang.Object, java.lang.Object, java.lang.Object)'> (0x0000000089022aa0) 
thrown [s\open\src\hotspot\share\interpreter\linkResolver.cpp, line 773]
Event: 0.401 Thread 0x00000225af8d62e0 Exception <a 'java/lang/NoSuchMethodError'{0x000000008908ff60}: 'java.lang.Object java.lang.invoke.Invokers$Holder.invokeExact_MT(java.lang.Object, java.lang.Object, java.lang.Object, java.lang.Object, java.lang.Object, java.lang.Object)'> (0x000000008908ff60) 
thrown [s\open\src\hotspot\share\interpreter\linkResolver.cpp, line 773]
Event: 0.414 Thread 0x00000225f551bcd0 Exception <a 'java/lang/NoSuchMethodError'{0x00000000890f83b8}: 'void java.lang.invoke.DirectMethodHandle$Holder.invokeStatic(java.lang.Object, java.lang.Object)'> (0x00000000890f83b8) 
thrown [s\open\src\hotspot\share\interpreter\linkResolver.cpp, line 773]
Event: 0.442 Thread 0x000002259cefae20 Exception <a 'java/lang/NoSuchMethodError'{0x0000000089060010}: 'int java.lang.invoke.DirectMethodHandle$Holder.invokeInterface(java.lang.Object, java.lang.Object)'> (0x0000000089060010) 
thrown [s\open\src\hotspot\share\interpreter\linkResolver.cpp, line 773]
Event: 0.442 Thread 0x000002259cefae20 Exception <a 'java/lang/IncompatibleClassChangeError'{0x0000000089063220}: Found class java.lang.Object, but interface was expected> (0x0000000089063220) 
thrown [s\open\src\hotspot\share\interpreter\linkResolver.cpp, line 840]
Event: 0.493 Thread 0x000002259cefae20 Exception <a 'java/lang/NoSuchMethodError'{0x0000000088e27598}: 'int java.lang.invoke.DirectMethodHandle$Holder.invokeSpecial(java.lang.Object, java.lang.Object, java.lang.Object)'> (0x0000000088e27598) 
thrown [s\open\src\hotspot\share\interpreter\linkResolver.cpp, line 773]
Event: 0.539 Thread 0x000002259cefae20 Exception <a 'java/lang/NoSuchMethodError'{0x0000000088d6ab00}: 'java.lang.Object java.lang.invoke.DirectMethodHandle$Holder.invokeStaticInit(java.lang.Object, java.lang.Object, java.lang.Object)'> (0x0000000088d6ab00) 
thrown [s\open\src\hotspot\share\interpreter\linkResolver.cpp, line 773]
Event: 0.636 Thread 0x000002259cefae20 Exception <a 'java/lang/NoSuchMethodError'{0x0000000088ada848}: 'int java.lang.invoke.DirectMethodHandle$Holder.invokeSpecialIFC(java.lang.Object, java.lang.Object, java.lang.Object)'> (0x0000000088ada848) 
thrown [s\open\src\hotspot\share\interpreter\linkResolver.cpp, line 773]
Event: 0.691 Thread 0x000002259cefae20 Exception <a 'java/lang/NoSuchMethodError'{0x000000008894c5b8}: 'java.lang.Object java.lang.invoke.DirectMethodHandle$Holder.invokeStaticInit(java.lang.Object, int, int, int, int)'> (0x000000008894c5b8) 
thrown [s\open\src\hotspot\share\interpreter\linkResolver.cpp, line 773]
Event: 0.712 Thread 0x000002259cefae20 Exception <a 'java/lang/NoSuchMethodError'{0x000000008899e238}: 'java.lang.Object java.lang.invoke.DirectMethodHandle$Holder.invokeStaticInit(java.lang.Object, java.lang.Object, int, int, int, int)'> (0x000000008899e238) 
thrown [s\open\src\hotspot\share\interpreter\linkResolver.cpp, line 773]
Event: 0.728 Thread 0x000002259cefae20 Exception <a 'java/lang/ClassNotFoundException'{0x00000000889bb188}: javax/management/remote/rmi/RMIServerImpl_Skel> (0x00000000889bb188) 
thrown [s\open\src\hotspot\share\classfile\systemDictionary.cpp, line 312]
Event: 0.745 Thread 0x000002259cefae20 Exception <a 'java/lang/NoSuchMethodError'{0x00000000889d6370}: 'long java.lang.invoke.DirectMethodHandle$Holder.invokeSpecial(java.lang.Object, java.lang.Object)'> (0x00000000889d6370) 
thrown [s\open\src\hotspot\share\interpreter\linkResolver.cpp, line 773]
Event: 0.745 Thread 0x000002259cefae20 Exception <a 'java/lang/NoSuchMethodError'{0x00000000889d9a48}: 'long java.lang.invoke.Invokers$Holder.invokeExact_MT(java.lang.Object, java.lang.Object)'> (0x00000000889d9a48) 
thrown [s\open\src\hotspot\share\interpreter\linkResolver.cpp, line 773]
Event: 0.755 Thread 0x000002259cefae20 Exception <a 'java/lang/NoSuchMethodError'{0x0000000088806cf8}: 'void java.lang.invoke.DirectMethodHandle$Holder.invokeSpecial(java.lang.Object, java.lang.Object, java.lang.Object)'> (0x0000000088806cf8) 
thrown [s\open\src\hotspot\share\interpreter\linkResolver.cpp, line 773]
Event: 0.838 Thread 0x000002259cefae20 Exception <a 'java/lang/NoSuchMethodError'{0x0000000089d55048}: 'java.lang.Object java.lang.invoke.DirectMethodHandle$Holder.invokeSpecial(java.lang.Object, java.lang.Object, java.lang.Object, long, java.lang.Object)'> (0x0000000089d55048) 
thrown [s\open\src\hotspot\share\interpreter\linkResolver.cpp, line 773]
Event: 0.838 Thread 0x000002259cefae20 Exception <a 'java/lang/NoSuchMethodError'{0x0000000089d589a8}: 'java.lang.Object java.lang.invoke.Invokers$Holder.linkToTargetMethod(java.lang.Object, long, java.lang.Object, java.lang.Object)'> (0x0000000089d589a8) 
thrown [s\open\src\hotspot\share\interpreter\linkResolver.cpp, line 773]

ZGC Phase Switch (0 events):
No events

VM Operations (20 events):
Event: 0.403 Executing VM operation: HandshakeAllThreads (Deoptimize)
Event: 0.403 Executing VM operation: HandshakeAllThreads (Deoptimize) done
Event: 0.431 Executing VM operation: HandshakeAllThreads (Deoptimize)
Event: 0.431 Executing VM operation: HandshakeAllThreads (Deoptimize) done
Event: 0.448 Executing VM operation: HandshakeAllThreads (Deoptimize)
Event: 0.448 Executing VM operation: HandshakeAllThreads (Deoptimize) done
Event: 0.655 Executing VM operation: HandshakeAllThreads (Deoptimize)
Event: 0.655 Executing VM operation: HandshakeAllThreads (Deoptimize) done
Event: 0.726 Executing VM operation: HandshakeAllThreads (Deoptimize)
Event: 0.726 Executing VM operation: HandshakeAllThreads (Deoptimize) done
Event: 0.759 Executing VM operation: HandshakeAllThreads (Deoptimize)
Event: 0.759 Executing VM operation: HandshakeAllThreads (Deoptimize) done
Event: 0.792 Executing VM operation: HandshakeAllThreads (Deoptimize)
Event: 0.792 Executing VM operation: HandshakeAllThreads (Deoptimize) done
Event: 0.796 Executing VM operation: HandshakeAllThreads (Deoptimize)
Event: 0.796 Executing VM operation: HandshakeAllThreads (Deoptimize) done
Event: 0.818 Executing VM operation: ICBufferFull
Event: 0.819 Executing VM operation: ICBufferFull done
Event: 0.819 Executing VM operation: G1CollectForAllocation (G1 Evacuation Pause)
Event: 0.830 Executing VM operation: G1CollectForAllocation (G1 Evacuation Pause) done

Events (15 events):
Event: 0.075 Thread 0x000002259cefae20 Thread added: 0x000002259cefae20
Event: 0.090 Thread 0x00000225af8d2a80 Thread added: 0x00000225af8d2a80
Event: 0.090 Thread 0x00000225af8d3790 Thread added: 0x00000225af8d3790
Event: 0.090 Thread 0x00000225af8d44a0 Thread added: 0x00000225af8d44a0
Event: 0.090 Thread 0x00000225af8d62e0 Thread added: 0x00000225af8d62e0
Event: 0.090 Thread 0x00000225af8d6d30 Thread added: 0x00000225af8d6d30
Event: 0.090 Thread 0x00000225af8d7780 Thread added: 0x00000225af8d7780
Event: 0.090 Thread 0x00000225af8ec9c0 Thread added: 0x00000225af8ec9c0
Event: 0.200 Thread 0x00000225af8a3530 Thread added: 0x00000225af8a3530
Event: 0.206 Thread 0x00000225afb6de60 Thread added: 0x00000225afb6de60
Event: 0.336 Thread 0x00000225f51dcee0 Thread added: 0x00000225f51dcee0
Event: 0.337 Thread 0x00000225f51e59c0 Thread added: 0x00000225f51e59c0
Event: 0.400 Thread 0x00000225f551bcd0 Thread added: 0x00000225f551bcd0
Event: 0.400 Thread 0x00000225f551c940 Thread added: 0x00000225f551c940
Event: 0.738 Thread 0x00000225f56cdfb0 Thread added: 0x00000225f56cdfb0


Dynamic libraries:
0x00007ff6db270000 - 0x00007ff6db280000 	C:\Program Files\Java\jdk-21\bin\java.exe
0x00007ff818fb0000 - 0x00007ff8191a8000 	C:\WINDOWS\SYSTEM32\ntdll.dll
0x00007ff818820000 - 0x00007ff8188e2000 	C:\WINDOWS\System32\KERNEL32.DLL
0x00007ff816a80000 - 0x00007ff816d77000 	C:\WINDOWS\System32\KERNELBASE.dll
0x00007ff8167f0000 - 0x00007ff8168f0000 	C:\WINDOWS\System32\ucrtbase.dll
0x00007ff80fbc0000 - 0x00007ff80fbd9000 	C:\Program Files\Java\jdk-21\bin\jli.dll
0x00007ff80d3d0000 - 0x00007ff80d3eb000 	C:\Program Files\Java\jdk-21\bin\VCRUNTIME140.dll
0x00007ff818920000 - 0x00007ff8189d1000 	C:\WINDOWS\System32\ADVAPI32.dll
0x00007ff817480000 - 0x00007ff81751e000 	C:\WINDOWS\System32\msvcrt.dll
0x00007ff818010000 - 0x00007ff8180af000 	C:\WINDOWS\System32\sechost.dll
0x00007ff818cb0000 - 0x00007ff818dd6000 	C:\WINDOWS\System32\RPCRT4.dll
0x00007ff816a50000 - 0x00007ff816a77000 	C:\WINDOWS\System32\bcrypt.dll
0x00007ff818b10000 - 0x00007ff818cad000 	C:\WINDOWS\System32\USER32.dll
0x00007ff816fa0000 - 0x00007ff816fc2000 	C:\WINDOWS\System32\win32u.dll
0x00007ffffc3d0000 - 0x00007ffffc66a000 	C:\WINDOWS\WinSxS\amd64_microsoft.windows.common-controls_6595b64144ccf1df_6.0.19041.5915_none_60b4b9d171f9c7c7\COMCTL32.dll
0x00007ff817450000 - 0x00007ff81747b000 	C:\WINDOWS\System32\GDI32.dll
0x00007ff816e80000 - 0x00007ff816f99000 	C:\WINDOWS\System32\gdi32full.dll
0x00007ff816750000 - 0x00007ff8167ed000 	C:\WINDOWS\System32\msvcp_win.dll
0x00007ff80cef0000 - 0x00007ff80cefa000 	C:\WINDOWS\SYSTEM32\VERSION.dll
0x00007ff8188f0000 - 0x00007ff81891f000 	C:\WINDOWS\System32\IMM32.DLL
0x00007ff80fbb0000 - 0x00007ff80fbbc000 	C:\Program Files\Java\jdk-21\bin\vcruntime140_1.dll
0x00007fffdfb30000 - 0x00007fffdfbbe000 	C:\Program Files\Java\jdk-21\bin\msvcp140.dll
0x00007fffb7c50000 - 0x00007fffb8968000 	C:\Program Files\Java\jdk-21\bin\server\jvm.dll
0x00007ff818e40000 - 0x00007ff818eab000 	C:\WINDOWS\System32\WS2_32.dll
0x00007ff815bd0000 - 0x00007ff815c1b000 	C:\WINDOWS\SYSTEM32\POWRPROF.dll
0x00007ff8028a0000 - 0x00007ff8028c7000 	C:\WINDOWS\SYSTEM32\WINMM.dll
0x00007ff815a40000 - 0x00007ff815a52000 	C:\WINDOWS\SYSTEM32\UMPDC.dll
0x00007ff814e60000 - 0x00007ff814e72000 	C:\WINDOWS\SYSTEM32\kernel.appcore.dll
0x00007ff80d3c0000 - 0x00007ff80d3ca000 	C:\Program Files\Java\jdk-21\bin\jimage.dll
0x00007ff8143a0000 - 0x00007ff8145a1000 	C:\WINDOWS\SYSTEM32\DBGHELP.DLL
0x00007ff80a5f0000 - 0x00007ff80a624000 	C:\WINDOWS\SYSTEM32\dbgcore.DLL
0x00007ff816640000 - 0x00007ff8166c2000 	C:\WINDOWS\System32\bcryptPrimitives.dll
0x00007ff80d3b0000 - 0x00007ff80d3bf000 	C:\Program Files\Java\jdk-21\bin\instrument.dll
0x00007ff80c470000 - 0x00007ff80c48f000 	C:\Program Files\Java\jdk-21\bin\java.dll
0x00007ff8180b0000 - 0x00007ff81881e000 	C:\WINDOWS\System32\SHELL32.dll
0x00007ff8146a0000 - 0x00007ff814e44000 	C:\WINDOWS\SYSTEM32\windows.storage.dll
0x00007ff817c00000 - 0x00007ff817f53000 	C:\WINDOWS\System32\combase.dll
0x00007ff816070000 - 0x00007ff81609b000 	C:\WINDOWS\SYSTEM32\Wldp.dll
0x00007ff817520000 - 0x00007ff8175ed000 	C:\WINDOWS\System32\OLEAUT32.dll
0x00007ff817f60000 - 0x00007ff81800d000 	C:\WINDOWS\System32\SHCORE.dll
0x00007ff818de0000 - 0x00007ff818e3b000 	C:\WINDOWS\System32\shlwapi.dll
0x00007ff816570000 - 0x00007ff816594000 	C:\WINDOWS\SYSTEM32\profapi.dll
0x00007ff80c450000 - 0x00007ff80c468000 	C:\Program Files\Java\jdk-21\bin\zip.dll
0x00007ff80c5f0000 - 0x00007ff80c600000 	C:\Program Files\Java\jdk-21\bin\net.dll
0x00007ff80a030000 - 0x00007ff80a13a000 	C:\WINDOWS\SYSTEM32\WINHTTP.dll
0x00007ff815dd0000 - 0x00007ff815e3a000 	C:\WINDOWS\system32\mswsock.dll
0x00007ffff8900000 - 0x00007ffff8916000 	C:\Program Files\Java\jdk-21\bin\nio.dll
0x00007ff815aa0000 - 0x00007ff815b6a000 	C:\WINDOWS\SYSTEM32\DNSAPI.dll
0x00007ff815a60000 - 0x00007ff815a9b000 	C:\WINDOWS\SYSTEM32\IPHLPAPI.DLL
0x00007ff817ab0000 - 0x00007ff817ab8000 	C:\WINDOWS\System32\NSI.dll
0x00007ff80c520000 - 0x00007ff80c529000 	C:\Program Files\Java\jdk-21\bin\extnet.dll
0x00007ff8077e0000 - 0x00007ff8077ea000 	C:\Windows\System32\rasadhlp.dll
0x00007ff8049b0000 - 0x00007ff804a30000 	C:\WINDOWS\System32\fwpuclnt.dll
0x00007ff80c440000 - 0x00007ff80c44a000 	C:\Program Files\Java\jdk-21\bin\management.dll
0x00007ff80c360000 - 0x00007ff80c36b000 	C:\Program Files\Java\jdk-21\bin\management_ext.dll
0x00007ff817700000 - 0x00007ff817708000 	C:\WINDOWS\System32\PSAPI.DLL
0x00007ff815fc0000 - 0x00007ff815fd8000 	C:\WINDOWS\SYSTEM32\CRYPTSP.dll
0x00007ff815680000 - 0x00007ff8156b8000 	C:\WINDOWS\system32\rsaenh.dll
0x00007ff816530000 - 0x00007ff81655e000 	C:\WINDOWS\SYSTEM32\USERENV.dll
0x00007ff815fe0000 - 0x00007ff815fec000 	C:\WINDOWS\SYSTEM32\CRYPTBASE.dll
0x00007ffffa310000 - 0x00007ffffa327000 	C:\WINDOWS\system32\napinsp.dll
0x00007ffff93f0000 - 0x00007ffff940b000 	C:\WINDOWS\system32\pnrpnsp.dll
0x00007ffff7740000 - 0x00007ffff775d000 	C:\WINDOWS\system32\wshbth.dll
0x00007ff80d4a0000 - 0x00007ff80d4bd000 	C:\WINDOWS\system32\NLAapi.dll
0x00007ffff7720000 - 0x00007ffff7732000 	C:\WINDOWS\System32\winrnr.dll

dbghelp: loaded successfully - version: 4.0.5 - missing functions: none
symbol engine: initialized successfully - sym options: 0x614 - pdb path: .;C:\Program Files\Java\jdk-21\bin;C:\WINDOWS\SYSTEM32;C:\WINDOWS\WinSxS\amd64_microsoft.windows.common-controls_6595b64144ccf1df_6.0.19041.5915_none_60b4b9d171f9c7c7;C:\Program Files\Java\jdk-21\bin\server

VM Arguments:
jvm_args: -XX:TieredStopAtLevel=1 -Dspring.output.ansi.enabled=always -Dcom.sun.management.jmxremote -Dspring.jmx.enabled=true -Dspring.liveBeansView.mbeanDomain -Dspring.application.admin.enabled=true -Dmanagement.endpoints.jmx.exposure.include=* -javaagent:D:\Intellij\IntellijUltimate\IntelliJ IDEA 2025.1.3\lib\idea_rt.jar=54398 -Dfile.encoding=UTF-8 -Dsun.stdout.encoding=UTF-8 -Dsun.stderr.encoding=UTF-8 
java_command: org.unibl.etf.huntech.HuntechApplication
java_class_path (initial): C:\Users\Korisnik\Desktop\HuntechRepos\huntech\spring\target\classes;C:\Users\Korisnik\.m2\repository\org\springframework\boot\spring-boot-starter-web\3.5.3\spring-boot-starter-web-3.5.3.jar;C:\Users\Korisnik\.m2\repository\org\springframework\boot\spring-boot-starter\3.5.3\spring-boot-starter-3.5.3.jar;C:\Users\Korisnik\.m2\repository\org\springframework\boot\spring-boot\3.5.3\spring-boot-3.5.3.jar;C:\Users\Korisnik\.m2\repository\org\springframework\boot\spring-boot-autoconfigure\3.5.3\spring-boot-autoconfigure-3.5.3.jar;C:\Users\Korisnik\.m2\repository\org\springframework\boot\spring-boot-starter-logging\3.5.3\spring-boot-starter-logging-3.5.3.jar;C:\Users\Korisnik\.m2\repository\ch\qos\logback\logback-classic\1.5.18\logback-classic-1.5.18.jar;C:\Users\Korisnik\.m2\repository\ch\qos\logback\logback-core\1.5.18\logback-core-1.5.18.jar;C:\Users\Korisnik\.m2\repository\org\apache\logging\log4j\log4j-to-slf4j\2.24.3\log4j-to-slf4j-2.24.3.jar;C:\Users\Korisnik\.m2\repository\org\apache\logging\log4j\log4j-api\2.24.3\log4j-api-2.24.3.jar;C:\Users\Korisnik\.m2\repository\org\slf4j\jul-to-slf4j\2.0.17\jul-to-slf4j-2.0.17.jar;C:\Users\Korisnik\.m2\repository\jakarta\annotation\jakarta.annotation-api\2.1.1\jakarta.annotation-api-2.1.1.jar;C:\Users\Korisnik\.m2\repository\org\yaml\snakeyaml\2.4\snakeyaml-2.4.jar;C:\Users\Korisnik\.m2\repository\org\springframework\boot\spring-boot-starter-json\3.5.3\spring-boot-starter-json-3.5.3.jar;C:\Users\Korisnik\.m2\repository\com\fasterxml\jackson\core\jackson-databind\2.19.1\jackson-databind-2.19.1.jar;C:\Users\Korisnik\.m2\repository\com\fasterxml\jackson\core\jackson-annotations\2.19.1\jackson-annotations-2.19.1.jar;C:\Users\Korisnik\.m2\repository\com\fasterxml\jackson\datatype\jackson-datatype-jdk8\2.19.1\jackson-datatype-jdk8-2.19.1.jar;C:\Users\Korisnik\.m2\repository\com\fasterxml\jackson\datatype\jackson-datatype-jsr310\2.19.1\jackson-datatype-jsr310-2.19.1.jar;C:\Users\Korisnik\.m2\repository\com\fasterxml\jackson\module\jackson-module-parameter-names\2.19.1\jackson-module-parameter-names-2.19.1.jar;C:\Users\Korisnik\.m2\repository\org\springframework\boot\spring-boot-starter-tomcat\3.5.3\spring-boot-starter-tomcat-3.5.3.jar;C:\Users\Korisnik\.m2\repository\org\apache\tomcat\embed\tomcat-embed-core\10.1.42\tomcat-embed-core-10.1.42.jar;C:\Users\Korisnik\.m2\repository\org\apache\tomcat\embed\tomcat-embed-el\10.1.42\tomcat-embed-el-10.1.42.jar;C:\Users\Korisnik\.m2\repository\org\apache\tomcat\embed\tomcat-embed-websocket\10.1.42\tomcat-embed-websocket-10.1.42.jar;C:\Users\Korisnik\.m2\repository\org\springframework\spring-web\6.2.8\spring-web-6.2.8.jar;C:\Users\Korisnik\.m2\repository\org\springframework\spring-beans\6.2.8\spring-beans-6.2.8.jar;C:\Users\Korisnik\.m2\repository\io\micrometer\micrometer-observation\1.15.1\micrometer-observation-1.15.1.jar;C:\Users\Korisnik\.m2\repository\io\micrometer\micrometer-commons\1.15.1\micrometer-commons-1.15.1.jar;C:\Users\Korisnik\.m2\repository\org\springframework\spring-webmvc\6.2.8\spring-webmvc-6.2.8.jar;C:\Users\Korisnik\.m2\repository\org\springframework\spring-context\6.2.8\spring-context-6.2.8.jar;C:\Users\Korisnik\.m2\repository\org\springframework\spring-expression\6.2.8\spring-expression-6.2.8.jar;C:\Users\Korisnik\.m2\repository\jakarta\xml\bind\jakarta.xml.bind-api\4.0.2\jakarta.xml.bind-api-4.0.2.jar;C:\Users\Korisnik\.m2\repository\jakarta\activation\jakarta.activation-api\2.1.3\jakarta.activation-api-2.1.3.jar;C:\Users\Korisnik\.m2\repository\net\bytebuddy\byte-buddy\1.17.6\byte-buddy-1.17.6.jar;C:\Users\Korisnik\.m2\repository\org\springframework\spring-core\6.2.8\spring-core-6.2.8.jar;C:\Users\Korisnik\.m2\repository\org\springframework\spring-jcl\6.2.8\spring-jcl-6.2.8.jar;C:\Users\Korisnik\.m2\repository\org\springframework\boot\spring-boot-starter-data-jpa\3.5.3\spring-boot-starter-data-jpa-3.5.3.jar;C:\Users\Korisnik\.m2\repository\org\springframework\boot\spring-boot-starter-jdbc\3.5.3\spring-boot-starter-jdbc-3.5.3.jar;C:\Users\Korisnik\.m2\repository\com\zaxxer\HikariCP\6.3.0\HikariCP-6.3.0.jar;C:\Users\Korisnik\.m2\repository\org\springframework\spring-jdbc\6.2.8\spring-jdbc-6.2.8.jar;C:\Users\Korisnik\.m2\repository\org\hibernate\orm\hibernate-core\6.6.18.Final\hibernate-core-6.6.18.Final.jar;C:\Users\Korisnik\.m2\repository\jakarta\persistence\jakarta.persistence-api\3.1.0\jakarta.persistence-api-3.1.0.jar;C:\Users\Korisnik\.m2\repository\jakarta\transaction\jakarta.transaction-api\2.0.1\jakarta.transaction-api-2.0.1.jar;C:\Users\Korisnik\.m2\repository\org\jboss\logging\jboss-logging\3.6.1.Final\jboss-logging-3.6.1.Final.jar;C:\Users\Korisnik\.m2\repository\org\hibernate\common\hibernate-commons-annotations\7.0.3.Final\hibernate-commons-annotations-7.0.3.Final.jar;C:\Users\Korisnik\.m2\repository\io\smallrye\jandex\3.2.0\jandex-3.2.0.jar;C:\Users\Korisnik\.m2\repository\com\fasterxml\classmate\1.7.0\classmate-1.7.0.jar;C:\Users\Korisnik\.m2\repository\org\glassfish\jaxb\jaxb-runtime\4.0.5\jaxb-runtime-4.0.5.jar;C:\Users\Korisnik\.m2\repository\org\glassfish\jaxb\jaxb-core\4.0.5\jaxb-core-4.0.5.jar;C:\Users\Korisnik\.m2\repository\org\eclipse\angus\angus-activation\2.0.2\angus-activation-2.0.2.jar;C:\Users\Korisnik\.m2\repository\org\glassfish\jaxb\txw2\4.0.5\txw2-4.0.5.jar;C:\Users\Korisnik\.m2\repository\com\sun\istack\istack-commons-runtime\4.1.2\istack-commons-runtime-4.1.2.jar;C:\Users\Korisnik\.m2\repository\jakarta\inject\jakarta.inject-api\2.0.1\jakarta.inject-api-2.0.1.jar;C:\Users\Korisnik\.m2\repository\org\antlr\antlr4-runtime\4.13.0\antlr4-runtime-4.13.0.jar;C:\Users\Korisnik\.m2\repository\org\springframework\data\spring-data-jpa\3.5.1\spring-data-jpa-3.5.1.jar;C:\Users\Korisnik\.m2\repository\org\springframework\data\spring-data-commons\3.5.1\spring-data-commons-3.5.1.jar;C:\Users\Korisnik\.m2\repository\org\springframework\spring-orm\6.2.8\spring-orm-6.2.8.jar;C:\Users\Korisnik\.m2\repository\org\springframework\spring-tx\6.2.8\spring-tx-6.2.8.jar;C:\Users\Korisnik\.m2\repository\org\springframework\spring-aspects\6.2.8\spring-aspects-6.2.8.jar;C:\Users\Korisnik\.m2\repository\org\aspectj\aspectjweaver\1.9.24\aspectjweaver-1.9.24.jar;C:\Users\Korisnik\.m2\repository\com\mysql\mysql-connector-j\8.0.33\mysql-connector-j-8.0.33.jar;C:\Users\Korisnik\.m2\repository\org\projectlombok\lombok\1.18.38\lombok-1.18.38.jar;C:\Users\Korisnik\.m2\repository\org\modelmapper\modelmapper\3.2.0\modelmapper-3.2.0.jar;C:\Users\Korisnik\.m2\repository\jakarta\validation\jakarta.validation-api\3.1.1\jakarta.validation-api-3.1.1.jar;C:\Users\Korisnik\.m2\repository\org\springframework\boot\spring-boot-starter-security\3.5.3\spring-boot-starter-security-3.5.3.jar;C:\Users\Korisnik\.m2\repository\org\springframework\spring-aop\6.2.8\spring-aop-6.2.8.jar;C:\Users\Korisnik\.m2\repository\org\springframework\security\spring-security-config\6.5.1\spring-security-config-6.5.1.jar;C:\Users\Korisnik\.m2\repository\org\springframework\security\spring-security-core\6.5.1\spring-security-core-6.5.1.jar;C:\Users\Korisnik\.m2\repository\org\springframework\security\spring-security-crypto\6.5.1\spring-security-crypto-6.5.1.jar;C:\Users\Korisnik\.m2\repository\org\springframework\security\spring-security-web\6.5.1\spring-security-web-6.5.1.jar;C:\Users\Korisnik\.m2\repository\com\google\firebase\firebase-admin\9.5.0\firebase-admin-9.5.0.jar;C:\Users\Korisnik\.m2\repository\com\google\auth\google-auth-library-oauth2-http\1.33.1\google-auth-library-oauth2-http-1.33.1.jar;C:\Users\Korisnik\.m2\repository\com\google\auto\value\auto-value-annotations\1.11.0\auto-value-annotations-1.11.0.jar;C:\Users\Korisnik\.m2\repository\com\google\code\findbugs\jsr305\3.0.2\jsr305-3.0.2.jar;C:\Users\Korisnik\.m2\repository\com\google\auth\google-auth-library-credentials\1.33.1\google-auth-library-credentials-1.33.1.jar;C:\Users\Korisnik\.m2\repository\com\google\http-client\google-http-client-gson\1.46.2\google-http-client-gson-1.46.2.jar;C:\Users\Korisnik\.m2\repository\com\google\errorprone\error_prone_annotations\2.36.0\error_prone_annotations-2.36.0.jar;C:\Users\Korisnik\.m2\repository\com\google\code\gson\gson\2.13.1\gson-2.13.1.jar;C:\Users\Korisnik\.m2\repository\com\google\api-client\google-api-client\2.7.2\google-api-client-2.7.2.jar;C:\Users\Korisnik\.m2\repository\commons-codec\commons-codec\1.18.0\commons-codec-1.18.0.jar;C:\Users\Korisnik\.m2\repository\com\google\oauth-client\google-oauth-client\1.36.0\google-oauth-client-1.36.0.jar;C:\Users\Korisnik\.m2\repository\com\google\http-client\google-http-client-apache-v2\1.45.2\google-http-client-apache-v2-1.45.2.jar;C:\Users\Korisnik\.m2\repository\org\apache\httpcomponents\httpcore\4.4.16\httpcore-4.4.16.jar;C:\Users\Korisnik\.m2\repository\org\apache\httpcomponents\httpclient\4.5.14\httpclient-4.5.14.jar;C:\Users\Korisnik\.m2\repository\commons-logging\commons-logging\1.2\commons-logging-1.2.jar;C:\Users\Korisnik\.m2\repository\com\google\api-client\google-api-client-gson\2.7.2\google-api-client-gson-2.7.2.jar;C:\Users\Korisnik\.m2\repository\com\google\http-client\google-http-client\1.46.3\google-http-client-1.46.3.jar;C:\Users\Korisnik\.m2\repository\com\google\j2objc\j2objc-annotations\3.0.0\j2objc-annotations-3.0.0.jar;C:\Users\Korisnik\.m2\repository\io\grpc\grpc-context\1.70.0\grpc-context-1.70.0.jar;C:\Users\Korisnik\.m2\repository\io\opencensus\opencensus-api\0.31.1\opencensus-api-0.31.1.jar;C:\Users\Korisnik\.m2\repository\io\opencensus\opencensus-contrib-http-util\0.31.1\opencensus-contrib-http-util-0.31.1.jar;C:\Users\Korisnik\.m2\repository\com\google\api\api-common\2.46.1\api-common-2.46.1.jar;C:\Users\Korisnik\.m2\repository\javax\annotation\javax.annotation-api\1.3.2\javax.annotation-api-1.3.2.jar;C:\Users\Korisnik\.m2\repository\com\google\cloud\google-cloud-storage\2.50.0\google-cloud-storage-2.50.0.jar;C:\Users\Korisnik\.m2\repository\com\google\guava\failureaccess\1.0.2\failureaccess-1.0.2.jar;C:\Users\Korisnik\.m2\repository\com\google\guava\listenablefuture\9999.0-empty-to-avoid-conflict-with-guava\listenablefuture-9999.0-empty-to-avoid-conflict-with-guava.jar;C:\Users\Korisnik\.m2\repository\com\google\http-client\google-http-client-jackson2\1.46.3\google-http-client-jackson2-1.46.3.jar;C:\Users\Korisnik\.m2\repository\com\google\apis\google-api-services-storage\v1-rev20250224-2.0.0\google-api-services-storage-v1-rev20250224-2.0.0.jar;C:\Users\Korisnik\.m2\repository\com\google\cloud\google-cloud-core\2.53.1\google-cloud-core-2.53.1.jar;C:\Users\Korisnik\.m2\repository\com\google\cloud\google-cloud-core-http\2.53.1\google-cloud-core-http-2.53.1.jar;C:\Users\Korisnik\.m2\repository\com\google\http-client\google-http-client-appengine\1.46.3\google-http-client-appengine-1.46.3.jar;C:\Users\Korisnik\.m2\repository\com\google\api\gax-httpjson\2.63.1\gax-httpjson-2.63.1.jar;C:\Users\Korisnik\.m2\repository\com\google\cloud\google-cloud-core-grpc\2.53.1\google-cloud-core-grpc-2.53.1.jar;C:\Users\Korisnik\.m2\repository\com\google\api\gax\2.63.1\gax-2.63.1.jar;C:\Users\Korisnik\.m2\repository\com\google\api\gax-grpc\2.63.1\gax-grpc-2.63.1.jar;C:\Users\Korisnik\.m2\repository\io\grpc\grpc-inprocess\1.70.0\grpc-inprocess-1.70.0.jar;C:\Users\Korisnik\.m2\repository\io\grpc\grpc-alts\1.70.0\grpc-alts-1.70.0.jar;C:\Users\Korisnik\.m2\repository\io\grpc\grpc-grpclb\1.70.0\grpc-grpclb-1.70.0.jar;C:\Users\Korisnik\.m2\repository\org\conscrypt\conscrypt-openjdk-uber\2.5.2\conscrypt-openjdk-uber-2.5.2.jar;C:\Users\Korisnik\.m2\repository\io\grpc\grpc-auth\1.70.0\grpc-auth-1.70.0.jar;C:\Users\Korisnik\.m2\repository\io\opentelemetry\opentelemetry-context\1.49.0\opentelemetry-context-1.49.0.jar;C:\Users\Korisnik\.m2\repository\com\google\api\grpc\proto-google-iam-v1\1.49.1\proto-google-iam-v1-1.49.1.jar;C:\Users\Korisnik\.m2\repository\com\google\protobuf\protobuf-java\3.25.5\protobuf-java-3.25.5.jar;C:\Users\Korisnik\.m2\repository\com\google\protobuf\protobuf-java-util\3.25.5\protobuf-java-util-3.25.5.jar;C:\Users\Korisnik\.m2\repository\io\grpc\grpc-core\1.70.0\grpc-core-1.70.0.jar;C:\Users\Korisnik\.m2\repository\com\google\android\annotations\4.1.1.4\annotations-4.1.1.4.jar;C:\Users\Korisnik\.m2\repository\org\codehaus\mojo\animal-sniffer-annotations\1.24\animal-sniffer-annotations-1.24.jar;C:\Users\Korisnik\.m2\repository\io\perfmark\perfmark-api\0.27.0\perfmark-api-0.27.0.jar;C:\Users\Korisnik\.m2\repository\io\grpc\grpc-protobuf\1.70.0\grpc-protobuf-1.70.0.jar;C:\Users\Korisnik\.m2\repository\io\grpc\grpc-protobuf-lite\1.70.0\grpc-protobuf-lite-1.70.0.jar;C:\Users\Korisnik\.m2\repository\com\google\api\grpc\proto-google-common-protos\2.54.1\proto-google-common-protos-2.54.1.jar;C:\Users\Korisnik\.m2\repository\org\threeten\threetenbp\1.7.0\threetenbp-1.7.0.jar;C:\Users\Korisnik\.m2\repository\com\google\api\grpc\proto-google-cloud-storage-v2\2.50.0\proto-google-cloud-storage-v2-2.50.0.jar;C:\Users\Korisnik\.m2\repository\com\google\api\grpc\grpc-google-cloud-storage-v2\2.50.0\grpc-google-cloud-storage-v2-2.50.0.jar;C:\Users\Korisnik\.m2\repository\com\google\api\grpc\gapic-google-cloud-storage-v2\2.50.0\gapic-google-cloud-storage-v2-2.50.0.jar;C:\Users\Korisnik\.m2\repository\io\opentelemetry\opentelemetry-sdk\1.49.0\opentelemetry-sdk-1.49.0.jar;C:\Users\Korisnik\.m2\repository\io\opentelemetry\opentelemetry-sdk-trace\1.49.0\opentelemetry-sdk-trace-1.49.0.jar;C:\Users\Korisnik\.m2\repository\io\opentelemetry\opentelemetry-sdk-logs\1.49.0\opentelemetry-sdk-logs-1.49.0.jar;C:\Users\Korisnik\.m2\repository\io\grpc\grpc-opentelemetry\1.70.0\grpc-opentelemetry-1.70.0.jar;C:\Users\Korisnik\.m2\repository\io\opentelemetry\opentelemetry-api\1.49.0\opentelemetry-api-1.49.0.jar;C:\Users\Korisnik\.m2\repository\io\opentelemetry\opentelemetry-sdk-metrics\1.49.0\opentelemetry-sdk-metrics-1.49.0.jar;C:\Users\Korisnik\.m2\repository\io\opentelemetry\opentelemetry-sdk-common\1.49.0\opentelemetry-sdk-common-1.49.0.jar;C:\Users\Korisnik\.m2\repository\io\opentelemetry\opentelemetry-sdk-extension-autoconfigure-spi\1.49.0\opentelemetry-sdk-extension-autoconfigure-spi-1.49.0.jar;C:\Users\Korisnik\.m2\repository\io\opentelemetry\semconv\opentelemetry-semconv\1.27.0-alpha\opentelemetry-semconv-1.27.0-alpha.jar;C:\Users\Korisnik\.m2\repository\com\google\cloud\opentelemetry\exporter-metrics\0.33.0\exporter-metrics-0.33.0.jar;C:\Users\Korisnik\.m2\repository\com\google\cloud\google-cloud-monitoring\3.52.0\google-cloud-monitoring-3.52.0.jar;C:\Users\Korisnik\.m2\repository\com\google\api\grpc\proto-google-cloud-monitoring-v3\3.52.0\proto-google-cloud-monitoring-v3-3.52.0.jar;C:\Users\Korisnik\.m2\repository\com\google\cloud\opentelemetry\shared-resourcemapping\0.33.0\shared-resourcemapping-0.33.0.jar;C:\Users\Korisnik\.m2\repository\io\opentelemetry\contrib\opentelemetry-gcp-resources\1.37.0-alpha\opentelemetry-gcp-resources-1.37.0-alpha.jar;C:\Users\Korisnik\.m2\repository\com\google\cloud\opentelemetry\detector-resources-support\0.33.0\detector-resources-support-0.33.0.jar;C:\Users\Korisnik\.m2\repository\org\checkerframework\checker-qual\3.49.0\checker-qual-3.49.0.jar;C:\Users\Korisnik\.m2\repository\com\fasterxml\jackson\core\jackson-core\2.19.1\jackson-core-2.19.1.jar;C:\Users\Korisnik\.m2\repository\io\grpc\grpc-api\1.70.0\grpc-api-1.70.0.jar;C:\Users\Korisnik\.m2\repository\io\grpc\grpc-netty-shaded\1.70.0\grpc-netty-shaded-1.70.0.jar;C:\Users\Korisnik\.m2\repository\io\grpc\grpc-util\1.70.0\grpc-util-1.70.0.jar;C:\Users\Korisnik\.m2\repository\io\grpc\grpc-stub\1.70.0\grpc-stub-1.70.0.jar;C:\Users\Korisnik\.m2\repository\io\grpc\grpc-googleapis\1.70.0\grpc-googleapis-1.70.0.jar;C:\Users\Korisnik\.m2\repository\io\grpc\grpc-xds\1.70.0\grpc-xds-1.70.0.jar;C:\Users\Korisnik\.m2\repository\io\grpc\grpc-services\1.70.0\grpc-services-1.70.0.jar;C:\Users\Korisnik\.m2\repository\com\google\re2j\re2j\1.7\re2j-1.7.jar;C:\Users\Korisnik\.m2\repository\io\grpc\grpc-rls\1.70.0\grpc-rls-1.70.0.jar;C:\Users\Korisnik\.m2\repository\com\google\cloud\google-cloud-firestore\3.30.11\google-cloud-firestore-3.30.11.jar;C:\Users\Korisnik\.m2\repository\com\google\api\grpc\proto-google-cloud-firestore-v1\3.30.11\proto-google-cloud-firestore-v1-3.30.11.jar;C:\Users\Korisnik\.m2\repository\com\google\cloud\proto-google-cloud-firestore-bundle-v1\3.30.11\proto-google-cloud-firestore-bundle-v1-3.30.11.jar;C:\Users\Korisnik\.m2\repository\io\opentelemetry\instrumentation\opentelemetry-grpc-1.6\2.1.0-alpha\opentelemetry-grpc-1.6-2.1.0-alpha.jar;C:\Users\Korisnik\.m2\repository\io\opentelemetry\instrumentation\opentelemetry-instrumentation-api\2.1.0\opentelemetry-instrumentation-api-2.1.0.jar;C:\Users\Korisnik\.m2\repository\io\opentelemetry\opentelemetry-extension-incubator\1.35.0-alpha\opentelemetry-extension-incubator-1.35.0-alpha.jar;C:\Users\Korisnik\.m2\repository\io\opentelemetry\instrumentation\opentelemetry-instrumentation-api-incubator\2.1.0-alpha\opentelemetry-instrumentation-api-incubator-2.1.0-alpha.jar;C:\Users\Korisnik\.m2\repository\com\google\guava\guava\33.4.0-jre\guava-33.4.0-jre.jar;C:\Users\Korisnik\.m2\repository\org\slf4j\slf4j-api\2.0.17\slf4j-api-2.0.17.jar;C:\Users\Korisnik\.m2\repository\io\netty\netty-codec-http\4.1.122.Final\netty-codec-http-4.1.122.Final.jar;C:\Users\Korisnik\.m2\repository\io\netty\netty-common\4.1.122.Final\netty-common-4.1.122.Final.jar;C:\Users\Korisnik\.m2\repository\io\netty\netty-buffer\4.1.122.Final\netty-buffer-4.1.122.Final.jar;C:\Users\Korisnik\.m2\repository\io\netty\netty-codec\4.1.122.Final\netty-codec-4.1.122.Final.jar;C:\Users\Korisnik\.m2\repository\io\netty\netty-handler\4.1.122.Final\netty-handler-4.1.122.Final.jar;C:\Users\Korisnik\.m2\repository\io\netty\netty-resolver\4.1.122.Final\netty-resolver-4.1.122.Final.jar;C:\Users\Korisnik\.m2\repository\io\netty\netty-transport-native-unix-common\4.1.122.Final\netty-transport-native-unix-common-4.1.122.Final.jar;C:\Users\Korisnik\.m2\repository\io\netty\netty-transport\4.1.122.Final\netty-transport-4.1.122.Final.jar;C:\Users\Korisnik\.m2\repository\org\apache\httpcomponents\client5\httpclient5\5.5\httpclient5-5.5.jar;C:\Users\Korisnik\.m2\repository\org\apache\httpcomponents\core5\httpcore5\5.3.4\httpcore5-5.3.4.jar;C:\Users\Korisnik\.m2\repository\org\apache\httpcomponents\core5\httpcore5-h2\5.3.4\httpcore5-h2-5.3.4.jar
Launcher Type: SUN_STANDARD

[Global flags]
     intx CICompilerCount                          = 4                                         {product} {ergonomic}
     uint ConcGCThreads                            = 2                                         {product} {ergonomic}
     uint G1ConcRefinementThreads                  = 8                                         {product} {ergonomic}
   size_t G1HeapRegionSize                         = 1048576                                   {product} {ergonomic}
    uintx GCDrainStackTargetSize                   = 64                                        {product} {ergonomic}
   size_t InitialHeapSize                          = 134217728                                 {product} {ergonomic}
     bool ManagementServer                         = true                                      {product} {command line}
   size_t MarkStackSize                            = 4194304                                   {product} {ergonomic}
   size_t MaxHeapSize                              = 2116026368                                {product} {ergonomic}
   size_t MaxNewSize                               = 1268776960                                {product} {ergonomic}
   size_t MinHeapDeltaBytes                        = 1048576                                   {product} {ergonomic}
   size_t MinHeapSize                              = 8388608                                   {product} {ergonomic}
    uintx NonNMethodCodeHeapSize                   = 4096                                   {pd product} {ergonomic}
    uintx NonProfiledCodeHeapSize                  = 0                                      {pd product} {ergonomic}
     bool ProfileInterpreter                       = false                                  {pd product} {command line}
    uintx ProfiledCodeHeapSize                     = 0                                      {pd product} {ergonomic}
   size_t SoftMaxHeapSize                          = 2116026368                             {manageable} {ergonomic}
     intx TieredStopAtLevel                        = 1                                         {product} {command line}
     bool UseCompressedOops                        = true                           {product lp64_product} {ergonomic}
     bool UseG1GC                                  = true                                      {product} {ergonomic}
     bool UseLargePagesIndividualAllocation        = false                                  {pd product} {ergonomic}

Logging:
Log output configuration:
 #0: stdout all=warning uptime,level,tags foldmultilines=false
 #1: stderr all=off uptime,level,tags foldmultilines=false

Environment Variables:
JAVA_HOME=C:\Program Files\Java\jdk-21
PATH=C:\Python313\Scripts\;C:\Python313\;C:\Program Files (x86)\VMware\VMware Player\bin\;C:\Program Files\Python312\Scripts\;C:\Program Files\Python312\;C:\Program Files\Common Files\Oracle\Java\javapath;C:\WINDOWS\system32;C:\WINDOWS;C:\WINDOWS\System32\Wbem;C:\WINDOWS\System32\WindowsPowerShell\v1.0\;C:\WINDOWS\System32\OpenSSH\;C:\Program Files\Intel\WiFi\bin\;C:\Program Files\Common Files\Intel\WirelessCommon\;C:\Program Files\Java\jdk-21\bin;C:\Users\Korisnik\AppData\Local\Programs\Python\Python39;C:\Users\Korisnik\AppData\Local\Programs\Python\Python39\Scripts;C:\Program Files\dotnet\;C:\Program Files (x86)\Windows Kits\10\Windows Performance Toolkit\;C:\Program Files\Git\cmd;C:\Program Files\apache-maven-3.9.11\bin;D:\Program Files\nodejs\;C:\ProgramData\chocolatey\bin;C:\Program Files\MySQL\MySQL Shell 8.0\bin\;C:\Users\Korisnik\AppData\Local\Microsoft\WindowsApps;C:\Users\Korisnik\AppData\Local\Programs\Microsoft VS Code\bin;C:\Users\Korisnik\.dotnet\tools;D:\Intellij\IntelliJ IDEA Community Edition 2024.3.4.1\bin;;D:\Intellij\IntellijUltimate\IntelliJ IDEA 2025.1.3\bin;;C:\Users\Korisnik\AppData\Roaming\npm
USERNAME=Korisnik
OS=Windows_NT
PROCESSOR_IDENTIFIER=Intel64 Family 6 Model 142 Stepping 10, GenuineIntel
TMP=C:\Users\Korisnik\AppData\Local\Temp
TEMP=C:\Users\Korisnik\AppData\Local\Temp




Periodic native trim disabled

---------------  S Y S T E M  ---------------

OS:
 Windows 10 , 64 bit Build 19041 (10.0.19041.5915)
OS uptime: 1 days 19:04 hours

CPU: total 8 (initial active 8) (4 cores per cpu, 2 threads per core) family 6 model 142 stepping 10 microcode 0xb4, cx8, cmov, fxsr, ht, mmx, 3dnowpref, sse, sse2, sse3, ssse3, sse4.1, sse4.2, popcnt, lzcnt, tsc, tscinvbit, avx, avx2, aes, erms, clmul, bmi1, bmi2, adx, fma, vzeroupper, clflush, clflushopt, rdtscp, f16c
Processor Information for all 8 processors :
  Max Mhz: 1800, Current Mhz: 1600, Mhz Limit: 1584

Memory: 4k page, system-wide physical 8070M (565M free)
TotalPageFile size 10118M (AvailPageFile size 212M)
current process WorkingSet (physical memory assigned to process): 82M, peak: 82M
current process commit charge ("private bytes"): 223M, peak: 223M

vm_info: Java HotSpot(TM) 64-Bit Server VM (21.0.5+9-LTS-239) for windows-amd64 JRE (21.0.5+9-LTS-239), built on 2024-09-30T05:17:38Z by "mach5one" with MS VC++ 17.6 (VS2022)

END.
