#
# There is insufficient memory for the Java Runtime Environment to continue.
# Native memory allocation (mmap) failed to map 134217728 bytes for G1 virtual space
# Possible reasons:
#   The system is out of physical RAM or swap space
#   The process is running with CompressedOops enabled, and the Java Heap may be blocking the growth of the native heap
# Possible solutions:
#   Reduce memory load on the system
#   Increase physical memory or swap space
#   Check if swap backing store is full
#   Decrease Java heap size (-Xmx/-Xms)
#   Decrease number of Java threads
#   Decrease Java thread stack sizes (-Xss)
#   Set larger code cache with -XX:ReservedCodeCacheSize=
#   JVM is running with Unscaled Compressed Oops mode in which the Java heap is
#     placed in the first 4GB address space. The Java Heap base address is the
#     maximum limit for the native heap growth. Please use -XX:HeapBaseMinAddress
#     to set the Java Heap base and to place the Java Heap above 4GB virtual address.
# This output file may be truncated or incomplete.
#
#  Out of Memory Error (os_windows.cpp:3600), pid=8968, tid=10832
#
# JRE version:  (21.0.5+9) (build )
# Java VM: Java HotSpot(TM) 64-Bit Server VM (21.0.5+9-LTS-239, mixed mode, emulated-client, sharing, tiered, compressed oops, compressed class ptrs, g1 gc, windows-amd64)
# No core dump will be written. Minidumps are not enabled by default on client versions of Windows
#

---------------  S U M M A R Y ------------

Command Line: -XX:TieredStopAtLevel=1 -Dspring.output.ansi.enabled=always -Dcom.sun.management.jmxremote -Dspring.jmx.enabled=true -Dspring.liveBeansView.mbeanDomain -Dspring.application.admin.enabled=true -Dmanagement.endpoints.jmx.exposure.include=* -javaagent:D:\Programs\Intellij\IntellijUltimate\IntelliJ IDEA 2025.1.3\lib\idea_rt.jar=62306 -Dfile.encoding=UTF-8 -Dsun.stdout.encoding=UTF-8 -Dsun.stderr.encoding=UTF-8 org.unibl.etf.huntech.HuntechApplication

Host: Intel(R) Core(TM) i5-8250U CPU @ 1.60GHz, 8 cores, 7G,  Windows 10 , 64 bit Build 19041 (10.0.19041.5915)
Time: Fri Aug 22 12:35:15 2025 Central European Daylight Time elapsed time: 0.019951 seconds (0d 0h 0m 0s)

---------------  T H R E A D  ---------------

Current thread (0x0000026da26ccea0):  JavaThread "Unknown thread" [_thread_in_vm, id=10832, stack(0x0000006e66d00000,0x0000006e66e00000) (1024K)]

Stack: [0x0000006e66d00000,0x0000006e66e00000]
Native frames: (J=compiled Java code, j=interpreted, Vv=VM code, C=native code)
V  [jvm.dll+0x6ca289]
V  [jvm.dll+0x854a51]
V  [jvm.dll+0x856f7e]
V  [jvm.dll+0x857653]
V  [jvm.dll+0x27dd26]
V  [jvm.dll+0x6c6a25]
V  [jvm.dll+0x6bb5aa]
V  [jvm.dll+0x35359a]
V  [jvm.dll+0x35b1f6]
V  [jvm.dll+0x3adade]
V  [jvm.dll+0x3add88]
V  [jvm.dll+0x3278fc]
V  [jvm.dll+0x32845b]
V  [jvm.dll+0x81de19]
V  [jvm.dll+0x3ba7c1]
V  [jvm.dll+0x807168]
V  [jvm.dll+0x44f96e]
V  [jvm.dll+0x451561]
C  [jli.dll+0x52a3]
C  [ucrtbase.dll+0x21bb2]
C  [KERNEL32.DLL+0x17374]
C  [ntdll.dll+0x4cc91]


---------------  P R O C E S S  ---------------

Threads class SMR info:
_java_thread_list=0x00007ffae19aac08, length=0, elements={
}

Java Threads: ( => current thread )
Total: 0

Other Threads:
  0x0000026da4a13da0 WorkerThread "GC Thread#0"                     [id=8500, stack(0x0000006e66e00000,0x0000006e66f00000) (1024K)]
  0x0000026da4a24980 ConcurrentGCThread "G1 Main Marker"            [id=12196, stack(0x0000006e66f00000,0x0000006e67000000) (1024K)]
  0x0000026da4a25a30 WorkerThread "G1 Conc#0"                       [id=8824, stack(0x0000006e67000000,0x0000006e67100000) (1024K)]

[error occurred during error reporting (printing all threads), id 0xc0000005, EXCEPTION_ACCESS_VIOLATION (0xc0000005) at pc=0x00007ffae111a087]
VM state: not at safepoint (not fully initialized)

VM Mutex/Monitor currently owned by a thread:  ([mutex/lock_event])
[0x00007ffae1a1bf98] Heap_lock - owner thread: 0x0000026da26ccea0

Heap address: 0x0000000081e00000, size: 2018 MB, Compressed Oops mode: 32-bit

CDS archive(s) mapped at: [0x0000000000000000-0x0000000000000000-0x0000000000000000), size 0, SharedBaseAddress: 0x0000000800000000, ArchiveRelocationMode: 1.
Narrow klass base: 0x0000000000000000, Narrow klass shift: 0, Narrow klass range: 0x0

GC Precious Log:
 CardTable entry size: 512
 Card Set container configuration: InlinePtr #cards 5 size 8 Array Of Cards #cards 12 size 40 Howl #buckets 4 coarsen threshold 1843 Howl Bitmap #cards 512 size 80 coarsen threshold 460 Card regions per heap region 1 cards per card region 2048

Heap:
 garbage-first heap   total 0K, used 0K [0x0000000081e00000, 0x0000000100000000)
  region size 1024K, 0 young (0K), 0 survivors (0K)

[error occurred during error reporting (printing heap information), id 0xc0000005, EXCEPTION_ACCESS_VIOLATION (0xc0000005) at pc=0x00007ffae1503259]
GC Heap History (0 events):
No events

Dll operation events (1 events):
Event: 0.011 Loaded shared library C:\Program Files\Java\jdk-21\bin\java.dll

Deoptimization events (0 events):
No events

Classes loaded (0 events):
No events

Classes unloaded (0 events):
No events

Classes redefined (0 events):
No events

Internal exceptions (0 events):
No events

ZGC Phase Switch (0 events):
No events

VM Operations (0 events):
No events

Events (0 events):
No events


Dynamic libraries:
0x00007ff602ce0000 - 0x00007ff602cf0000 	C:\Program Files\Java\jdk-21\bin\java.exe
0x00007ffb39b10000 - 0x00007ffb39d08000 	C:\WINDOWS\SYSTEM32\ntdll.dll
0x00007ffb396f0000 - 0x00007ffb397b2000 	C:\WINDOWS\System32\KERNEL32.DLL
0x00007ffb37720000 - 0x00007ffb37a17000 	C:\WINDOWS\System32\KERNELBASE.dll
0x00007ffb375d0000 - 0x00007ffb376d0000 	C:\WINDOWS\System32\ucrtbase.dll
0x00007ffb30110000 - 0x00007ffb3012b000 	C:\Program Files\Java\jdk-21\bin\VCRUNTIME140.dll
0x00007ffb30130000 - 0x00007ffb30149000 	C:\Program Files\Java\jdk-21\bin\jli.dll
0x00007ffb37f40000 - 0x00007ffb37ff1000 	C:\WINDOWS\System32\ADVAPI32.dll
0x00007ffb383c0000 - 0x00007ffb3845e000 	C:\WINDOWS\System32\msvcrt.dll
0x00007ffb391b0000 - 0x00007ffb3924f000 	C:\WINDOWS\System32\sechost.dll
0x00007ffb38190000 - 0x00007ffb382b6000 	C:\WINDOWS\System32\RPCRT4.dll
0x00007ffb37240000 - 0x00007ffb37267000 	C:\WINDOWS\System32\bcrypt.dll
0x00007ffb37b30000 - 0x00007ffb37ccd000 	C:\WINDOWS\System32\USER32.dll
0x00007ffb37480000 - 0x00007ffb374a2000 	C:\WINDOWS\System32\win32u.dll
0x00007ffb20d80000 - 0x00007ffb2101a000 	C:\WINDOWS\WinSxS\amd64_microsoft.windows.common-controls_6595b64144ccf1df_6.0.19041.5915_none_60b4b9d171f9c7c7\COMCTL32.dll
0x00007ffb39250000 - 0x00007ffb3927b000 	C:\WINDOWS\System32\GDI32.dll
0x00007ffb374b0000 - 0x00007ffb375c9000 	C:\WINDOWS\System32\gdi32full.dll
0x00007ffb371a0000 - 0x00007ffb3723d000 	C:\WINDOWS\System32\msvcp_win.dll
0x00007ffb2dcb0000 - 0x00007ffb2dcba000 	C:\WINDOWS\SYSTEM32\VERSION.dll
0x00007ffb38390000 - 0x00007ffb383bf000 	C:\WINDOWS\System32\IMM32.DLL
0x00007ffb30af0000 - 0x00007ffb30afc000 	C:\Program Files\Java\jdk-21\bin\vcruntime140_1.dll
0x00007ffb208e0000 - 0x00007ffb2096e000 	C:\Program Files\Java\jdk-21\bin\msvcp140.dll
0x00007ffae0de0000 - 0x00007ffae1af8000 	C:\Program Files\Java\jdk-21\bin\server\jvm.dll
0x00007ffb37ed0000 - 0x00007ffb37f3b000 	C:\WINDOWS\System32\WS2_32.dll
0x00007ffb36730000 - 0x00007ffb3677b000 	C:\WINDOWS\SYSTEM32\POWRPROF.dll
0x00007ffb23c50000 - 0x00007ffb23c77000 	C:\WINDOWS\SYSTEM32\WINMM.dll
0x00007ffb365a0000 - 0x00007ffb365b2000 	C:\WINDOWS\SYSTEM32\UMPDC.dll
0x00007ffb35a10000 - 0x00007ffb35a22000 	C:\WINDOWS\SYSTEM32\kernel.appcore.dll
0x00007ffb309e0000 - 0x00007ffb309ea000 	C:\Program Files\Java\jdk-21\bin\jimage.dll
0x00007ffb34f00000 - 0x00007ffb35101000 	C:\WINDOWS\SYSTEM32\DBGHELP.DLL
0x00007ffb1f1c0000 - 0x00007ffb1f1f4000 	C:\WINDOWS\SYSTEM32\dbgcore.DLL
0x00007ffb37a20000 - 0x00007ffb37aa2000 	C:\WINDOWS\System32\bcryptPrimitives.dll
0x00007ffb30100000 - 0x00007ffb3010f000 	C:\Program Files\Java\jdk-21\bin\instrument.dll
0x00007ffb300e0000 - 0x00007ffb300ff000 	C:\Program Files\Java\jdk-21\bin\java.dll

dbghelp: loaded successfully - version: 4.0.5 - missing functions: none
symbol engine: initialized successfully - sym options: 0x614 - pdb path: .;C:\Program Files\Java\jdk-21\bin;C:\WINDOWS\SYSTEM32;C:\WINDOWS\WinSxS\amd64_microsoft.windows.common-controls_6595b64144ccf1df_6.0.19041.5915_none_60b4b9d171f9c7c7;C:\Program Files\Java\jdk-21\bin\server

VM Arguments:
jvm_args: -XX:TieredStopAtLevel=1 -Dspring.output.ansi.enabled=always -Dcom.sun.management.jmxremote -Dspring.jmx.enabled=true -Dspring.liveBeansView.mbeanDomain -Dspring.application.admin.enabled=true -Dmanagement.endpoints.jmx.exposure.include=* -javaagent:D:\Programs\Intellij\IntellijUltimate\IntelliJ IDEA 2025.1.3\lib\idea_rt.jar=62306 -Dfile.encoding=UTF-8 -Dsun.stdout.encoding=UTF-8 -Dsun.stderr.encoding=UTF-8 
java_command: org.unibl.etf.huntech.HuntechApplication
java_class_path (initial): D:\PS Huntech\HuntechRepos\huntech\spring\target\classes;C:\Users\Korisnik\.m2\repository\org\springframework\boot\spring-boot-starter-web\3.5.3\spring-boot-starter-web-3.5.3.jar;C:\Users\Korisnik\.m2\repository\org\springframework\boot\spring-boot-starter\3.5.3\spring-boot-starter-3.5.3.jar;C:\Users\Korisnik\.m2\repository\org\springframework\boot\spring-boot\3.5.3\spring-boot-3.5.3.jar;C:\Users\Korisnik\.m2\repository\org\springframework\boot\spring-boot-autoconfigure\3.5.3\spring-boot-autoconfigure-3.5.3.jar;C:\Users\Korisnik\.m2\repository\org\springframework\boot\spring-boot-starter-logging\3.5.3\spring-boot-starter-logging-3.5.3.jar;C:\Users\Korisnik\.m2\repository\ch\qos\logback\logback-classic\1.5.18\logback-classic-1.5.18.jar;C:\Users\Korisnik\.m2\repository\ch\qos\logback\logback-core\1.5.18\logback-core-1.5.18.jar;C:\Users\Korisnik\.m2\repository\org\apache\logging\log4j\log4j-to-slf4j\2.24.3\log4j-to-slf4j-2.24.3.jar;C:\Users\Korisnik\.m2\repository\org\apache\logging\log4j\log4j-api\2.24.3\log4j-api-2.24.3.jar;C:\Users\Korisnik\.m2\repository\org\slf4j\jul-to-slf4j\2.0.17\jul-to-slf4j-2.0.17.jar;C:\Users\Korisnik\.m2\repository\jakarta\annotation\jakarta.annotation-api\2.1.1\jakarta.annotation-api-2.1.1.jar;C:\Users\Korisnik\.m2\repository\org\yaml\snakeyaml\2.4\snakeyaml-2.4.jar;C:\Users\Korisnik\.m2\repository\org\springframework\boot\spring-boot-starter-json\3.5.3\spring-boot-starter-json-3.5.3.jar;C:\Users\Korisnik\.m2\repository\com\fasterxml\jackson\core\jackson-databind\2.19.1\jackson-databind-2.19.1.jar;C:\Users\Korisnik\.m2\repository\com\fasterxml\jackson\core\jackson-annotations\2.19.1\jackson-annotations-2.19.1.jar;C:\Users\Korisnik\.m2\repository\com\fasterxml\jackson\datatype\jackson-datatype-jdk8\2.19.1\jackson-datatype-jdk8-2.19.1.jar;C:\Users\Korisnik\.m2\repository\com\fasterxml\jackson\datatype\jackson-datatype-jsr310\2.19.1\jackson-datatype-jsr310-2.19.1.jar;C:\Users\Korisnik\.m2\repository\com\fasterxml\jackson\module\jackson-module-parameter-names\2.19.1\jackson-module-parameter-names-2.19.1.jar;C:\Users\Korisnik\.m2\repository\org\springframework\boot\spring-boot-starter-tomcat\3.5.3\spring-boot-starter-tomcat-3.5.3.jar;C:\Users\Korisnik\.m2\repository\org\apache\tomcat\embed\tomcat-embed-core\10.1.42\tomcat-embed-core-10.1.42.jar;C:\Users\Korisnik\.m2\repository\org\apache\tomcat\embed\tomcat-embed-el\10.1.42\tomcat-embed-el-10.1.42.jar;C:\Users\Korisnik\.m2\repository\org\apache\tomcat\embed\tomcat-embed-websocket\10.1.42\tomcat-embed-websocket-10.1.42.jar;C:\Users\Korisnik\.m2\repository\org\springframework\spring-web\6.2.8\spring-web-6.2.8.jar;C:\Users\Korisnik\.m2\repository\org\springframework\spring-beans\6.2.8\spring-beans-6.2.8.jar;C:\Users\Korisnik\.m2\repository\io\micrometer\micrometer-observation\1.15.1\micrometer-observation-1.15.1.jar;C:\Users\Korisnik\.m2\repository\io\micrometer\micrometer-commons\1.15.1\micrometer-commons-1.15.1.jar;C:\Users\Korisnik\.m2\repository\org\springframework\spring-webmvc\6.2.8\spring-webmvc-6.2.8.jar;C:\Users\Korisnik\.m2\repository\org\springframework\spring-context\6.2.8\spring-context-6.2.8.jar;C:\Users\Korisnik\.m2\repository\org\springframework\spring-expression\6.2.8\spring-expression-6.2.8.jar;C:\Users\Korisnik\.m2\repository\jakarta\xml\bind\jakarta.xml.bind-api\4.0.2\jakarta.xml.bind-api-4.0.2.jar;C:\Users\Korisnik\.m2\repository\jakarta\activation\jakarta.activation-api\2.1.3\jakarta.activation-api-2.1.3.jar;C:\Users\Korisnik\.m2\repository\net\bytebuddy\byte-buddy\1.17.6\byte-buddy-1.17.6.jar;C:\Users\Korisnik\.m2\repository\org\springframework\spring-core\6.2.8\spring-core-6.2.8.jar;C:\Users\Korisnik\.m2\repository\org\springframework\spring-jcl\6.2.8\spring-jcl-6.2.8.jar;C:\Users\Korisnik\.m2\repository\org\springframework\boot\spring-boot-starter-data-jpa\3.5.3\spring-boot-starter-data-jpa-3.5.3.jar;C:\Users\Korisnik\.m2\repository\org\springframework\boot\spring-boot-starter-jdbc\3.5.3\spring-boot-starter-jdbc-3.5.3.jar;C:\Users\Korisnik\.m2\repository\com\zaxxer\HikariCP\6.3.0\HikariCP-6.3.0.jar;C:\Users\Korisnik\.m2\repository\org\springframework\spring-jdbc\6.2.8\spring-jdbc-6.2.8.jar;C:\Users\Korisnik\.m2\repository\org\hibernate\orm\hibernate-core\6.6.18.Final\hibernate-core-6.6.18.Final.jar;C:\Users\Korisnik\.m2\repository\jakarta\persistence\jakarta.persistence-api\3.1.0\jakarta.persistence-api-3.1.0.jar;C:\Users\Korisnik\.m2\repository\jakarta\transaction\jakarta.transaction-api\2.0.1\jakarta.transaction-api-2.0.1.jar;C:\Users\Korisnik\.m2\repository\org\jboss\logging\jboss-logging\3.6.1.Final\jboss-logging-3.6.1.Final.jar;C:\Users\Korisnik\.m2\repository\org\hibernate\common\hibernate-commons-annotations\7.0.3.Final\hibernate-commons-annotations-7.0.3.Final.jar;C:\Users\Korisnik\.m2\repository\io\smallrye\jandex\3.2.0\jandex-3.2.0.jar;C:\Users\Korisnik\.m2\repository\com\fasterxml\classmate\1.7.0\classmate-1.7.0.jar;C:\Users\Korisnik\.m2\repository\org\glassfish\jaxb\jaxb-runtime\4.0.5\jaxb-runtime-4.0.5.jar;C:\Users\Korisnik\.m2\repository\org\glassfish\jaxb\jaxb-core\4.0.5\jaxb-core-4.0.5.jar;C:\Users\Korisnik\.m2\repository\org\eclipse\angus\angus-activation\2.0.2\angus-activation-2.0.2.jar;C:\Users\Korisnik\.m2\repository\org\glassfish\jaxb\txw2\4.0.5\txw2-4.0.5.jar;C:\Users\Korisnik\.m2\repository\com\sun\istack\istack-commons-runtime\4.1.2\istack-commons-runtime-4.1.2.jar;C:\Users\Korisnik\.m2\repository\jakarta\inject\jakarta.inject-api\2.0.1\jakarta.inject-api-2.0.1.jar;C:\Users\Korisnik\.m2\repository\org\antlr\antlr4-runtime\4.13.0\antlr4-runtime-4.13.0.jar;C:\Users\Korisnik\.m2\repository\org\springframework\data\spring-data-jpa\3.5.1\spring-data-jpa-3.5.1.jar;C:\Users\Korisnik\.m2\repository\org\springframework\data\spring-data-commons\3.5.1\spring-data-commons-3.5.1.jar;C:\Users\Korisnik\.m2\repository\org\springframework\spring-orm\6.2.8\spring-orm-6.2.8.jar;C:\Users\Korisnik\.m2\repository\org\springframework\spring-tx\6.2.8\spring-tx-6.2.8.jar;C:\Users\Korisnik\.m2\repository\org\springframework\spring-aspects\6.2.8\spring-aspects-6.2.8.jar;C:\Users\Korisnik\.m2\repository\org\aspectj\aspectjweaver\1.9.24\aspectjweaver-1.9.24.jar;C:\Users\Korisnik\.m2\repository\com\mysql\mysql-connector-j\8.0.33\mysql-connector-j-8.0.33.jar;C:\Users\Korisnik\.m2\repository\org\projectlombok\lombok\1.18.38\lombok-1.18.38.jar;C:\Users\Korisnik\.m2\repository\org\modelmapper\modelmapper\3.2.0\modelmapper-3.2.0.jar;C:\Users\Korisnik\.m2\repository\jakarta\validation\jakarta.validation-api\3.1.1\jakarta.validation-api-3.1.1.jar;C:\Users\Korisnik\.m2\repository\org\springframework\boot\spring-boot-starter-oauth2-resource-server\3.5.3\spring-boot-starter-oauth2-resource-server-3.5.3.jar;C:\Users\Korisnik\.m2\repository\org\springframework\security\spring-security-config\6.5.1\spring-security-config-6.5.1.jar;C:\Users\Korisnik\.m2\repository\org\springframework\security\spring-security-core\6.5.1\spring-security-core-6.5.1.jar;C:\Users\Korisnik\.m2\repository\org\springframework\security\spring-security-crypto\6.5.1\spring-security-crypto-6.5.1.jar;C:\Users\Korisnik\.m2\repository\org\springframework\security\spring-security-oauth2-resource-server\6.5.1\spring-security-oauth2-resource-server-6.5.1.jar;C:\Users\Korisnik\.m2\repository\org\springframework\security\spring-security-oauth2-core\6.5.1\spring-security-oauth2-core-6.5.1.jar;C:\Users\Korisnik\.m2\repository\org\springframework\security\spring-security-oauth2-jose\6.5.1\spring-security-oauth2-jose-6.5.1.jar;C:\Users\Korisnik\.m2\repository\com\nimbusds\nimbus-jose-jwt\9.37.3\nimbus-jose-jwt-9.37.3.jar;C:\Users\Korisnik\.m2\repository\com\github\stephenc\jcip\jcip-annotations\1.0-1\jcip-annotations-1.0-1.jar;C:\Users\Korisnik\.m2\repository\org\springframework\boot\spring-boot-starter-security\3.5.3\spring-boot-starter-security-3.5.3.jar;C:\Users\Korisnik\.m2\repository\org\springframework\spring-aop\6.2.8\spring-aop-6.2.8.jar;C:\Users\Korisnik\.m2\repository\org\springframework\security\spring-security-web\6.5.1\spring-security-web-6.5.1.jar;C:\Users\Korisnik\.m2\repository\com\google\firebase\firebase-admin\9.5.0\firebase-admin-9.5.0.jar;C:\Users\Korisnik\.m2\repository\com\google\auth\google-auth-library-oauth2-http\1.33.1\google-auth-library-oauth2-http-1.33.1.jar;C:\Users\Korisnik\.m2\repository\com\google\auto\value\auto-value-annotations\1.11.0\auto-value-annotations-1.11.0.jar;C:\Users\Korisnik\.m2\repository\com\google\code\findbugs\jsr305\3.0.2\jsr305-3.0.2.jar;C:\Users\Korisnik\.m2\repository\com\google\auth\google-auth-library-credentials\1.33.1\google-auth-library-credentials-1.33.1.jar;C:\Users\Korisnik\.m2\repository\com\google\http-client\google-http-client-gson\1.46.2\google-http-client-gson-1.46.2.jar;C:\Users\Korisnik\.m2\repository\com\google\errorprone\error_prone_annotations\2.36.0\error_prone_annotations-2.36.0.jar;C:\Users\Korisnik\.m2\repository\com\google\code\gson\gson\2.13.1\gson-2.13.1.jar;C:\Users\Korisnik\.m2\repository\com\google\api-client\google-api-client\2.7.2\google-api-client-2.7.2.jar;C:\Users\Korisnik\.m2\repository\commons-codec\commons-codec\1.18.0\commons-codec-1.18.0.jar;C:\Users\Korisnik\.m2\repository\com\google\oauth-client\google-oauth-client\1.36.0\google-oauth-client-1.36.0.jar;C:\Users\Korisnik\.m2\repository\com\google\http-client\google-http-client-apache-v2\1.45.2\google-http-client-apache-v2-1.45.2.jar;C:\Users\Korisnik\.m2\repository\org\apache\httpcomponents\httpcore\4.4.16\httpcore-4.4.16.jar;C:\Users\Korisnik\.m2\repository\org\apache\httpcomponents\httpclient\4.5.14\httpclient-4.5.14.jar;C:\Users\Korisnik\.m2\repository\commons-logging\commons-logging\1.2\commons-logging-1.2.jar;C:\Users\Korisnik\.m2\repository\com\google\api-client\google-api-client-gson\2.7.2\google-api-client-gson-2.7.2.jar;C:\Users\Korisnik\.m2\repository\com\google\http-client\google-http-client\1.46.3\google-http-client-1.46.3.jar;C:\Users\Korisnik\.m2\repository\com\google\j2objc\j2objc-annotations\3.0.0\j2objc-annotations-3.0.0.jar;C:\Users\Korisnik\.m2\repository\io\grpc\grpc-context\1.70.0\grpc-context-1.70.0.jar;C:\Users\Korisnik\.m2\repository\io\opencensus\opencensus-api\0.31.1\opencensus-api-0.31.1.jar;C:\Users\Korisnik\.m2\repository\io\opencensus\opencensus-contrib-http-util\0.31.1\opencensus-contrib-http-util-0.31.1.jar;C:\Users\Korisnik\.m2\repository\com\google\api\api-common\2.46.1\api-common-2.46.1.jar;C:\Users\Korisnik\.m2\repository\javax\annotation\javax.annotation-api\1.3.2\javax.annotation-api-1.3.2.jar;C:\Users\Korisnik\.m2\repository\com\google\cloud\google-cloud-storage\2.50.0\google-cloud-storage-2.50.0.jar;C:\Users\Korisnik\.m2\repository\com\google\guava\failureaccess\1.0.2\failureaccess-1.0.2.jar;C:\Users\Korisnik\.m2\repository\com\google\guava\listenablefuture\9999.0-empty-to-avoid-conflict-with-guava\listenablefuture-9999.0-empty-to-avoid-conflict-with-guava.jar;C:\Users\Korisnik\.m2\repository\com\google\http-client\google-http-client-jackson2\1.46.3\google-http-client-jackson2-1.46.3.jar;C:\Users\Korisnik\.m2\repository\com\google\apis\google-api-services-storage\v1-rev20250224-2.0.0\google-api-services-storage-v1-rev20250224-2.0.0.jar;C:\Users\Korisnik\.m2\repository\com\google\cloud\google-cloud-core\2.53.1\google-cloud-core-2.53.1.jar;C:\Users\Korisnik\.m2\repository\com\google\cloud\google-cloud-core-http\2.53.1\google-cloud-core-http-2.53.1.jar;C:\Users\Korisnik\.m2\repository\com\google\http-client\google-http-client-appengine\1.46.3\google-http-client-appengine-1.46.3.jar;C:\Users\Korisnik\.m2\repository\com\google\api\gax-httpjson\2.63.1\gax-httpjson-2.63.1.jar;C:\Users\Korisnik\.m2\repository\com\google\cloud\google-cloud-core-grpc\2.53.1\google-cloud-core-grpc-2.53.1.jar;C:\Users\Korisnik\.m2\repository\com\google\api\gax\2.63.1\gax-2.63.1.jar;C:\Users\Korisnik\.m2\repository\com\google\api\gax-grpc\2.63.1\gax-grpc-2.63.1.jar;C:\Users\Korisnik\.m2\repository\io\grpc\grpc-inprocess\1.70.0\grpc-inprocess-1.70.0.jar;C:\Users\Korisnik\.m2\repository\io\grpc\grpc-alts\1.70.0\grpc-alts-1.70.0.jar;C:\Users\Korisnik\.m2\repository\io\grpc\grpc-grpclb\1.70.0\grpc-grpclb-1.70.0.jar;C:\Users\Korisnik\.m2\repository\org\conscrypt\conscrypt-openjdk-uber\2.5.2\conscrypt-openjdk-uber-2.5.2.jar;C:\Users\Korisnik\.m2\repository\io\grpc\grpc-auth\1.70.0\grpc-auth-1.70.0.jar;C:\Users\Korisnik\.m2\repository\io\opentelemetry\opentelemetry-context\1.49.0\opentelemetry-context-1.49.0.jar;C:\Users\Korisnik\.m2\repository\com\google\api\grpc\proto-google-iam-v1\1.49.1\proto-google-iam-v1-1.49.1.jar;C:\Users\Korisnik\.m2\repository\com\google\protobuf\protobuf-java\3.25.5\protobuf-java-3.25.5.jar;C:\Users\Korisnik\.m2\repository\com\google\protobuf\protobuf-java-util\3.25.5\protobuf-java-util-3.25.5.jar;C:\Users\Korisnik\.m2\repository\io\grpc\grpc-core\1.70.0\grpc-core-1.70.0.jar;C:\Users\Korisnik\.m2\repository\com\google\android\annotations\4.1.1.4\annotations-4.1.1.4.jar;C:\Users\Korisnik\.m2\repository\org\codehaus\mojo\animal-sniffer-annotations\1.24\animal-sniffer-annotations-1.24.jar;C:\Users\Korisnik\.m2\repository\io\perfmark\perfmark-api\0.27.0\perfmark-api-0.27.0.jar;C:\Users\Korisnik\.m2\repository\io\grpc\grpc-protobuf\1.70.0\grpc-protobuf-1.70.0.jar;C:\Users\Korisnik\.m2\repository\io\grpc\grpc-protobuf-lite\1.70.0\grpc-protobuf-lite-1.70.0.jar;C:\Users\Korisnik\.m2\repository\com\google\api\grpc\proto-google-common-protos\2.54.1\proto-google-common-protos-2.54.1.jar;C:\Users\Korisnik\.m2\repository\org\threeten\threetenbp\1.7.0\threetenbp-1.7.0.jar;C:\Users\Korisnik\.m2\repository\com\google\api\grpc\proto-google-cloud-storage-v2\2.50.0\proto-google-cloud-storage-v2-2.50.0.jar;C:\Users\Korisnik\.m2\repository\com\google\api\grpc\grpc-google-cloud-storage-v2\2.50.0\grpc-google-cloud-storage-v2-2.50.0.jar;C:\Users\Korisnik\.m2\repository\com\google\api\grpc\gapic-google-cloud-storage-v2\2.50.0\gapic-google-cloud-storage-v2-2.50.0.jar;C:\Users\Korisnik\.m2\repository\io\opentelemetry\opentelemetry-sdk\1.49.0\opentelemetry-sdk-1.49.0.jar;C:\Users\Korisnik\.m2\repository\io\opentelemetry\opentelemetry-sdk-trace\1.49.0\opentelemetry-sdk-trace-1.49.0.jar;C:\Users\Korisnik\.m2\repository\io\opentelemetry\opentelemetry-sdk-logs\1.49.0\opentelemetry-sdk-logs-1.49.0.jar;C:\Users\Korisnik\.m2\repository\io\grpc\grpc-opentelemetry\1.70.0\grpc-opentelemetry-1.70.0.jar;C:\Users\Korisnik\.m2\repository\io\opentelemetry\opentelemetry-api\1.49.0\opentelemetry-api-1.49.0.jar;C:\Users\Korisnik\.m2\repository\io\opentelemetry\opentelemetry-sdk-metrics\1.49.0\opentelemetry-sdk-metrics-1.49.0.jar;C:\Users\Korisnik\.m2\repository\io\opentelemetry\opentelemetry-sdk-common\1.49.0\opentelemetry-sdk-common-1.49.0.jar;C:\Users\Korisnik\.m2\repository\io\opentelemetry\opentelemetry-sdk-extension-autoconfigure-spi\1.49.0\opentelemetry-sdk-extension-autoconfigure-spi-1.49.0.jar;C:\Users\Korisnik\.m2\repository\io\opentelemetry\semconv\opentelemetry-semconv\1.27.0-alpha\opentelemetry-semconv-1.27.0-alpha.jar;C:\Users\Korisnik\.m2\repository\com\google\cloud\opentelemetry\exporter-metrics\0.33.0\exporter-metrics-0.33.0.jar;C:\Users\Korisnik\.m2\repository\com\google\cloud\google-cloud-monitoring\3.52.0\google-cloud-monitoring-3.52.0.jar;C:\Users\Korisnik\.m2\repository\com\google\api\grpc\proto-google-cloud-monitoring-v3\3.52.0\proto-google-cloud-monitoring-v3-3.52.0.jar;C:\Users\Korisnik\.m2\repository\com\google\cloud\opentelemetry\shared-resourcemapping\0.33.0\shared-resourcemapping-0.33.0.jar;C:\Users\Korisnik\.m2\repository\io\opentelemetry\contrib\opentelemetry-gcp-resources\1.37.0-alpha\opentelemetry-gcp-resources-1.37.0-alpha.jar;C:\Users\Korisnik\.m2\repository\com\google\cloud\opentelemetry\detector-resources-support\0.33.0\detector-resources-support-0.33.0.jar;C:\Users\Korisnik\.m2\repository\org\checkerframework\checker-qual\3.49.0\checker-qual-3.49.0.jar;C:\Users\Korisnik\.m2\repository\com\fasterxml\jackson\core\jackson-core\2.19.1\jackson-core-2.19.1.jar;C:\Users\Korisnik\.m2\repository\io\grpc\grpc-api\1.70.0\grpc-api-1.70.0.jar;C:\Users\Korisnik\.m2\repository\io\grpc\grpc-netty-shaded\1.70.0\grpc-netty-shaded-1.70.0.jar;C:\Users\Korisnik\.m2\repository\io\grpc\grpc-util\1.70.0\grpc-util-1.70.0.jar;C:\Users\Korisnik\.m2\repository\io\grpc\grpc-stub\1.70.0\grpc-stub-1.70.0.jar;C:\Users\Korisnik\.m2\repository\io\grpc\grpc-googleapis\1.70.0\grpc-googleapis-1.70.0.jar;C:\Users\Korisnik\.m2\repository\io\grpc\grpc-xds\1.70.0\grpc-xds-1.70.0.jar;C:\Users\Korisnik\.m2\repository\io\grpc\grpc-services\1.70.0\grpc-services-1.70.0.jar;C:\Users\Korisnik\.m2\repository\com\google\re2j\re2j\1.7\re2j-1.7.jar;C:\Users\Korisnik\.m2\repository\io\grpc\grpc-rls\1.70.0\grpc-rls-1.70.0.jar;C:\Users\Korisnik\.m2\repository\com\google\cloud\google-cloud-firestore\3.30.11\google-cloud-firestore-3.30.11.jar;C:\Users\Korisnik\.m2\repository\com\google\api\grpc\proto-google-cloud-firestore-v1\3.30.11\proto-google-cloud-firestore-v1-3.30.11.jar;C:\Users\Korisnik\.m2\repository\com\google\cloud\proto-google-cloud-firestore-bundle-v1\3.30.11\proto-google-cloud-firestore-bundle-v1-3.30.11.jar;C:\Users\Korisnik\.m2\repository\io\opentelemetry\instrumentation\opentelemetry-grpc-1.6\2.1.0-alpha\opentelemetry-grpc-1.6-2.1.0-alpha.jar;C:\Users\Korisnik\.m2\repository\io\opentelemetry\instrumentation\opentelemetry-instrumentation-api\2.1.0\opentelemetry-instrumentation-api-2.1.0.jar;C:\Users\Korisnik\.m2\repository\io\opentelemetry\opentelemetry-extension-incubator\1.35.0-alpha\opentelemetry-extension-incubator-1.35.0-alpha.jar;C:\Users\Korisnik\.m2\repository\io\opentelemetry\instrumentation\opentelemetry-instrumentation-api-incubator\2.1.0-alpha\opentelemetry-instrumentation-api-incubator-2.1.0-alpha.jar;C:\Users\Korisnik\.m2\repository\com\google\guava\guava\33.4.0-jre\guava-33.4.0-jre.jar;C:\Users\Korisnik\.m2\repository\org\slf4j\slf4j-api\2.0.17\slf4j-api-2.0.17.jar;C:\Users\Korisnik\.m2\repository\io\netty\netty-codec-http\4.1.122.Final\netty-codec-http-4.1.122.Final.jar;C:\Users\Korisnik\.m2\repository\io\netty\netty-common\4.1.122.Final\netty-common-4.1.122.Final.jar;C:\Users\Korisnik\.m2\repository\io\netty\netty-buffer\4.1.122.Final\netty-buffer-4.1.122.Final.jar;C:\Users\Korisnik\.m2\repository\io\netty\netty-codec\4.1.122.Final\netty-codec-4.1.122.Final.jar;C:\Users\Korisnik\.m2\repository\io\netty\netty-handler\4.1.122.Final\netty-handler-4.1.122.Final.jar;C:\Users\Korisnik\.m2\repository\io\netty\netty-resolver\4.1.122.Final\netty-resolver-4.1.122.Final.jar;C:\Users\Korisnik\.m2\repository\io\netty\netty-transport-native-unix-common\4.1.122.Final\netty-transport-native-unix-common-4.1.122.Final.jar;C:\Users\Korisnik\.m2\repository\io\netty\netty-transport\4.1.122.Final\netty-transport-4.1.122.Final.jar;C:\Users\Korisnik\.m2\repository\org\apache\httpcomponents\client5\httpclient5\5.5\httpclient5-5.5.jar;C:\Users\Korisnik\.m2\repository\org\apache\httpcomponents\core5\httpcore5\5.3.4\httpcore5-5.3.4.jar;C:\Users\Korisnik\.m2\repository\org\apache\httpcomponents\core5\httpcore5-h2\5.3.4\httpcore5-h2-5.3.4.jar
Launcher Type: SUN_STANDARD

[Global flags]
     intx CICompilerCount                          = 4                                         {product} {ergonomic}
     uint ConcGCThreads                            = 2                                         {product} {ergonomic}
     uint G1ConcRefinementThreads                  = 8                                         {product} {ergonomic}
   size_t G1HeapRegionSize                         = 1048576                                   {product} {ergonomic}
    uintx GCDrainStackTargetSize                   = 64                                        {product} {ergonomic}
   size_t InitialHeapSize                          = 134217728                                 {product} {ergonomic}
     bool ManagementServer                         = true                                      {product} {command line}
   size_t MarkStackSize                            = 4194304                                   {product} {ergonomic}
   size_t MaxHeapSize                              = 2116026368                                {product} {ergonomic}
   size_t MinHeapDeltaBytes                        = 1048576                                   {product} {ergonomic}
   size_t MinHeapSize                              = 8388608                                   {product} {ergonomic}
    uintx NonNMethodCodeHeapSize                   = 4096                                   {pd product} {ergonomic}
    uintx NonProfiledCodeHeapSize                  = 0                                      {pd product} {ergonomic}
     bool ProfileInterpreter                       = false                                  {pd product} {command line}
    uintx ProfiledCodeHeapSize                     = 0                                      {pd product} {ergonomic}
   size_t SoftMaxHeapSize                          = 2116026368                             {manageable} {ergonomic}
     intx TieredStopAtLevel                        = 1                                         {product} {command line}
     bool UseCompressedOops                        = true                           {product lp64_product} {ergonomic}
     bool UseG1GC                                  = true                                      {product} {ergonomic}
     bool UseLargePagesIndividualAllocation        = false                                  {pd product} {ergonomic}

Logging:
Log output configuration:
 #0: stdout all=warning uptime,level,tags foldmultilines=false
 #1: stderr all=off uptime,level,tags foldmultilines=false

Environment Variables:
JAVA_HOME=C:\Program Files\Java\jdk-21
PATH=C:\Python313\Scripts\;C:\Python313\;C:\Program Files (x86)\VMware\VMware Player\bin\;C:\Program Files\Python312\Scripts\;C:\Program Files\Python312\;C:\Program Files\Common Files\Oracle\Java\javapath;C:\WINDOWS\system32;C:\WINDOWS;C:\WINDOWS\System32\Wbem;C:\WINDOWS\System32\WindowsPowerShell\v1.0\;C:\WINDOWS\System32\OpenSSH\;C:\Program Files\Intel\WiFi\bin\;C:\Program Files\Common Files\Intel\WirelessCommon\;C:\Program Files\Java\jdk-21\bin;C:\Users\Korisnik\AppData\Local\Programs\Python\Python39;C:\Users\Korisnik\AppData\Local\Programs\Python\Python39\Scripts;C:\Program Files\dotnet\;C:\Program Files (x86)\Windows Kits\10\Windows Performance Toolkit\;C:\Program Files\Git\cmd;C:\Program Files\apache-maven-3.9.11\bin;D:\Program Files\nodejs\;C:\ProgramData\chocolatey\bin;C:\Program Files\MySQL\MySQL Shell 8.0\bin\;C:\Users\Korisnik\AppData\Local\Microsoft\WindowsApps;C:\Users\Korisnik\AppData\Local\Programs\Microsoft VS Code\bin;C:\Users\Korisnik\.dotnet\tools;D:\Intellij\IntelliJ IDEA Community Edition 2024.3.4.1\bin;;D:\Intellij\IntellijUltimate\IntelliJ IDEA 2025.1.3\bin;;C:\Users\Korisnik\AppData\Roaming\npm
USERNAME=Korisnik
OS=Windows_NT
PROCESSOR_IDENTIFIER=Intel64 Family 6 Model 142 Stepping 10, GenuineIntel
TMP=C:\Users\Korisnik\AppData\Local\Temp
TEMP=C:\Users\Korisnik\AppData\Local\Temp




Periodic native trim disabled

---------------  S Y S T E M  ---------------

OS:
 Windows 10 , 64 bit Build 19041 (10.0.19041.5915)
OS uptime: 0 days 19:39 hours

CPU: total 8 (initial active 8) (4 cores per cpu, 2 threads per core) family 6 model 142 stepping 10 microcode 0xb4, cx8, cmov, fxsr, ht, mmx, 3dnowpref, sse, sse2, sse3, ssse3, sse4.1, sse4.2, popcnt, lzcnt, tsc, tscinvbit, avx, avx2, aes, erms, clmul, bmi1, bmi2, adx, fma, vzeroupper, clflush, clflushopt, rdtscp, f16c
Processor Information for all 8 processors :
  Max Mhz: 1800, Current Mhz: 1600, Mhz Limit: 1584

Memory: 4k page, system-wide physical 8070M (2902M free)
TotalPageFile size 10118M (AvailPageFile size 96M)
current process WorkingSet (physical memory assigned to process): 10M, peak: 10M
current process commit charge ("private bytes"): 55M, peak: 183M

vm_info: Java HotSpot(TM) 64-Bit Server VM (21.0.5+9-LTS-239) for windows-amd64 JRE (21.0.5+9-LTS-239), built on 2024-09-30T05:17:38Z by "mach5one" with MS VC++ 17.6 (VS2022)

END.
